2022-11-02 10:49:50|NOTICE|Notice (8): Undefined offset: 3 in [File: /www/wwwroot/take.sdwanyue.com/phalapi/src/app/Domain/MerchantStoreProduct.php, Line: 498, Time: 1667357390]|[]
2022-11-02 10:49:50|NOTICE|Notice (8): Undefined offset: 3 in [File: /www/wwwroot/take.sdwanyue.com/phalapi/src/app/Domain/MerchantStoreProduct.php, Line: 498, Time: 1667357390]|[]
2022-11-02 10:49:50|NOTICE|Notice (8): Undefined offset: 3 in [File: /www/wwwroot/take.sdwanyue.com/phalapi/src/app/Domain/MerchantStoreProduct.php, Line: 498, Time: 1667357390]|[]
2022-11-02 10:49:50|NOTICE|Notice (8): Undefined offset: 3 in [File: /www/wwwroot/take.sdwanyue.com/phalapi/src/app/Domain/MerchantStoreProduct.php, Line: 498, Time: 1667357390]|[]
2022-11-02 10:49:50|NOTICE|Notice (8): Undefined offset: 3 in [File: /www/wwwroot/take.sdwanyue.com/phalapi/src/app/Domain/MerchantStoreProduct.php, Line: 498, Time: 1667357390]|[]
2022-11-02 10:49:50|NOTICE|Notice (8): Undefined offset: 3 in [File: /www/wwwroot/take.sdwanyue.com/phalapi/src/app/Domain/MerchantStoreProduct.php, Line: 498, Time: 1667357390]|[]
2022-11-02 10:49:50|NOTICE|Notice (8): Undefined offset: 3 in [File: /www/wwwroot/take.sdwanyue.com/phalapi/src/app/Domain/MerchantStoreProduct.php, Line: 498, Time: 1667357390]|[]
2022-11-02 10:49:50|NOTICE|Notice (8): Undefined offset: 3 in [File: /www/wwwroot/take.sdwanyue.com/phalapi/src/app/Domain/MerchantStoreProduct.php, Line: 498, Time: 1667357390]|[]
2022-11-02 10:49:50|NOTICE|Notice (8): Undefined offset: 3 in [File: /www/wwwroot/take.sdwanyue.com/phalapi/src/app/Domain/MerchantStoreProduct.php, Line: 498, Time: 1667357390]|[]
2022-11-02 10:49:50|NOTICE|Notice (8): Undefined offset: 3 in [File: /www/wwwroot/take.sdwanyue.com/phalapi/src/app/Domain/MerchantStoreProduct.php, Line: 498, Time: 1667357390]|[]
2022-11-02 10:49:50|NOTICE|Notice (8): Undefined offset: 3 in [File: /www/wwwroot/take.sdwanyue.com/phalapi/src/app/Domain/MerchantStoreProduct.php, Line: 498, Time: 1667357390]|[]
2022-11-02 10:49:53|NOTICE|Notice (8): Undefined offset: 3 in [File: /www/wwwroot/take.sdwanyue.com/phalapi/src/app/Domain/MerchantStoreProduct.php, Line: 498, Time: 1667357393]|[]
2022-11-02 10:49:53|NOTICE|Notice (8): Undefined offset: 3 in [File: /www/wwwroot/take.sdwanyue.com/phalapi/src/app/Domain/MerchantStoreProduct.php, Line: 498, Time: 1667357393]|[]
2022-11-02 10:49:53|NOTICE|Notice (8): Undefined offset: 3 in [File: /www/wwwroot/take.sdwanyue.com/phalapi/src/app/Domain/MerchantStoreProduct.php, Line: 498, Time: 1667357393]|[]
2022-11-02 10:49:53|NOTICE|Notice (8): Undefined offset: 3 in [File: /www/wwwroot/take.sdwanyue.com/phalapi/src/app/Domain/MerchantStoreProduct.php, Line: 498, Time: 1667357393]|[]
2022-11-02 10:49:53|NOTICE|Notice (8): Undefined offset: 3 in [File: /www/wwwroot/take.sdwanyue.com/phalapi/src/app/Domain/MerchantStoreProduct.php, Line: 498, Time: 1667357393]|[]
2022-11-02 10:49:53|NOTICE|Notice (8): Undefined offset: 3 in [File: /www/wwwroot/take.sdwanyue.com/phalapi/src/app/Domain/MerchantStoreProduct.php, Line: 498, Time: 1667357393]|[]
2022-11-02 10:49:53|NOTICE|Notice (8): Undefined offset: 3 in [File: /www/wwwroot/take.sdwanyue.com/phalapi/src/app/Domain/MerchantStoreProduct.php, Line: 498, Time: 1667357393]|[]
2022-11-02 10:49:53|NOTICE|Notice (8): Undefined offset: 3 in [File: /www/wwwroot/take.sdwanyue.com/phalapi/src/app/Domain/MerchantStoreProduct.php, Line: 498, Time: 1667357393]|[]
2022-11-02 10:49:53|NOTICE|Notice (8): Undefined offset: 3 in [File: /www/wwwroot/take.sdwanyue.com/phalapi/src/app/Domain/MerchantStoreProduct.php, Line: 498, Time: 1667357393]|[]
2022-11-02 10:49:53|NOTICE|Notice (8): Undefined offset: 3 in [File: /www/wwwroot/take.sdwanyue.com/phalapi/src/app/Domain/MerchantStoreProduct.php, Line: 498, Time: 1667357393]|[]
2022-11-02 10:49:53|NOTICE|Notice (8): Undefined offset: 3 in [File: /www/wwwroot/take.sdwanyue.com/phalapi/src/app/Domain/MerchantStoreProduct.php, Line: 498, Time: 1667357393]|[]
2022-11-02 10:49:55|NOTICE|Notice (8): Undefined variable: parentProductAttr in [File: /www/wwwroot/take.sdwanyue.com/phalapi/src/app/Domain/MerchantStoreCart.php, Line: 426, Time: 1667357395]|[]
2022-11-02 10:49:56|NOTICE|Notice (8): Undefined index: weight_switch in [File: /www/wwwroot/take.sdwanyue.com/phalapi/src/app/Domain/Helpsend.php, Line: 182, Time: 1667357396]|[]
2022-11-02 10:50:09|NOTICE|Notice (8): Undefined offset: 3 in [File: /www/wwwroot/take.sdwanyue.com/phalapi/src/app/Domain/MerchantStoreProduct.php, Line: 498, Time: 1667357409]|[]
2022-11-02 10:50:09|NOTICE|Notice (8): Undefined offset: 3 in [File: /www/wwwroot/take.sdwanyue.com/phalapi/src/app/Domain/MerchantStoreProduct.php, Line: 498, Time: 1667357409]|[]
2022-11-02 10:50:09|NOTICE|Notice (8): Undefined offset: 3 in [File: /www/wwwroot/take.sdwanyue.com/phalapi/src/app/Domain/MerchantStoreProduct.php, Line: 498, Time: 1667357409]|[]
2022-11-02 10:50:09|NOTICE|Notice (8): Undefined offset: 3 in [File: /www/wwwroot/take.sdwanyue.com/phalapi/src/app/Domain/MerchantStoreProduct.php, Line: 498, Time: 1667357409]|[]
2022-11-02 10:50:09|NOTICE|Notice (8): Undefined offset: 3 in [File: /www/wwwroot/take.sdwanyue.com/phalapi/src/app/Domain/MerchantStoreProduct.php, Line: 498, Time: 1667357409]|[]
2022-11-02 10:50:09|NOTICE|Notice (8): Undefined offset: 3 in [File: /www/wwwroot/take.sdwanyue.com/phalapi/src/app/Domain/MerchantStoreProduct.php, Line: 498, Time: 1667357409]|[]
2022-11-02 10:50:09|NOTICE|Notice (8): Undefined offset: 3 in [File: /www/wwwroot/take.sdwanyue.com/phalapi/src/app/Domain/MerchantStoreProduct.php, Line: 498, Time: 1667357409]|[]
2022-11-02 10:50:09|NOTICE|Notice (8): Undefined offset: 3 in [File: /www/wwwroot/take.sdwanyue.com/phalapi/src/app/Domain/MerchantStoreProduct.php, Line: 498, Time: 1667357409]|[]
2022-11-02 10:50:09|NOTICE|Notice (8): Undefined offset: 3 in [File: /www/wwwroot/take.sdwanyue.com/phalapi/src/app/Domain/MerchantStoreProduct.php, Line: 498, Time: 1667357409]|[]
2022-11-02 10:50:09|NOTICE|Notice (8): Undefined offset: 3 in [File: /www/wwwroot/take.sdwanyue.com/phalapi/src/app/Domain/MerchantStoreProduct.php, Line: 498, Time: 1667357409]|[]
2022-11-02 10:50:09|NOTICE|Notice (8): Undefined offset: 3 in [File: /www/wwwroot/take.sdwanyue.com/phalapi/src/app/Domain/MerchantStoreProduct.php, Line: 498, Time: 1667357409]|[]
2022-11-02 10:50:13|NOTICE|Notice (8): Undefined variable: parentProductAttr in [File: /www/wwwroot/take.sdwanyue.com/phalapi/src/app/Domain/MerchantStoreCart.php, Line: 426, Time: 1667357413]|[]
2022-11-02 10:50:14|NOTICE|Notice (8): Undefined index: weight_switch in [File: /www/wwwroot/take.sdwanyue.com/phalapi/src/app/Domain/Helpsend.php, Line: 182, Time: 1667357414]|[]
2022-11-02 10:50:22|NOTICE|Notice (8): Undefined offset: 3 in [File: /www/wwwroot/take.sdwanyue.com/phalapi/src/app/Domain/MerchantStoreProduct.php, Line: 498, Time: 1667357422]|[]
2022-11-02 10:50:22|NOTICE|Notice (8): Undefined offset: 3 in [File: /www/wwwroot/take.sdwanyue.com/phalapi/src/app/Domain/MerchantStoreProduct.php, Line: 498, Time: 1667357422]|[]
2022-11-02 10:50:22|NOTICE|Notice (8): Undefined offset: 3 in [File: /www/wwwroot/take.sdwanyue.com/phalapi/src/app/Domain/MerchantStoreProduct.php, Line: 498, Time: 1667357422]|[]
2022-11-02 10:50:22|NOTICE|Notice (8): Undefined offset: 3 in [File: /www/wwwroot/take.sdwanyue.com/phalapi/src/app/Domain/MerchantStoreProduct.php, Line: 498, Time: 1667357422]|[]
2022-11-02 10:50:22|NOTICE|Notice (8): Undefined offset: 3 in [File: /www/wwwroot/take.sdwanyue.com/phalapi/src/app/Domain/MerchantStoreProduct.php, Line: 498, Time: 1667357422]|[]
2022-11-02 10:50:22|NOTICE|Notice (8): Undefined offset: 3 in [File: /www/wwwroot/take.sdwanyue.com/phalapi/src/app/Domain/MerchantStoreProduct.php, Line: 498, Time: 1667357422]|[]
2022-11-02 10:50:22|NOTICE|Notice (8): Undefined offset: 3 in [File: /www/wwwroot/take.sdwanyue.com/phalapi/src/app/Domain/MerchantStoreProduct.php, Line: 498, Time: 1667357422]|[]
2022-11-02 10:50:22|NOTICE|Notice (8): Undefined offset: 3 in [File: /www/wwwroot/take.sdwanyue.com/phalapi/src/app/Domain/MerchantStoreProduct.php, Line: 498, Time: 1667357422]|[]
2022-11-02 10:50:22|NOTICE|Notice (8): Undefined offset: 3 in [File: /www/wwwroot/take.sdwanyue.com/phalapi/src/app/Domain/MerchantStoreProduct.php, Line: 498, Time: 1667357422]|[]
2022-11-02 10:50:22|NOTICE|Notice (8): Undefined offset: 3 in [File: /www/wwwroot/take.sdwanyue.com/phalapi/src/app/Domain/MerchantStoreProduct.php, Line: 498, Time: 1667357422]|[]
2022-11-02 10:50:22|NOTICE|Notice (8): Undefined offset: 3 in [File: /www/wwwroot/take.sdwanyue.com/phalapi/src/app/Domain/MerchantStoreProduct.php, Line: 498, Time: 1667357422]|[]
2022-11-02 10:50:31|NOTICE|Notice (8): Undefined offset: 3 in [File: /www/wwwroot/take.sdwanyue.com/phalapi/src/app/Domain/MerchantStoreProduct.php, Line: 498, Time: 1667357431]|[]
2022-11-02 10:50:34|NOTICE|Notice (8): Undefined offset: 3 in [File: /www/wwwroot/take.sdwanyue.com/phalapi/src/app/Domain/MerchantStoreProduct.php, Line: 498, Time: 1667357434]|[]
2022-11-02 10:50:35|NOTICE|Notice (8): Undefined offset: 3 in [File: /www/wwwroot/take.sdwanyue.com/phalapi/src/app/Domain/MerchantStoreProduct.php, Line: 498, Time: 1667357435]|[]
2022-11-02 10:50:38|NOTICE|Notice (8): Undefined offset: 3 in [File: /www/wwwroot/take.sdwanyue.com/phalapi/src/app/Domain/MerchantStoreProduct.php, Line: 498, Time: 1667357438]|[]
2022-11-02 10:50:38|NOTICE|Notice (8): Undefined offset: 3 in [File: /www/wwwroot/take.sdwanyue.com/phalapi/src/app/Domain/MerchantStoreProduct.php, Line: 498, Time: 1667357438]|[]
2022-11-02 10:50:39|NOTICE|Notice (8): Undefined variable: parentProductAttr in [File: /www/wwwroot/take.sdwanyue.com/phalapi/src/app/Domain/MerchantStoreCart.php, Line: 426, Time: 1667357439]|[]
2022-11-02 10:50:40|NOTICE|Notice (8): Undefined index: weight_switch in [File: /www/wwwroot/take.sdwanyue.com/phalapi/src/app/Domain/Helpsend.php, Line: 182, Time: 1667357440]|[]
2022-11-02 10:50:46|NOTICE|Notice (8): Undefined offset: 3 in [File: /www/wwwroot/take.sdwanyue.com/phalapi/src/app/Domain/MerchantStoreProduct.php, Line: 498, Time: 1667357446]|[]
2022-11-02 10:50:46|NOTICE|Notice (8): Undefined offset: 3 in [File: /www/wwwroot/take.sdwanyue.com/phalapi/src/app/Domain/MerchantStoreProduct.php, Line: 498, Time: 1667357446]|[]
2022-11-02 10:51:25|NOTICE|Notice (8): Undefined index: thumb in [File: /www/wwwroot/take.sdwanyue.com/phalapi/src/merchant/Domain/MerchantStoreType.php, Line: 36, Time: 1667357485]|[]
2022-11-02 10:51:28|NOTICE|Notice (8): Undefined index: thumb in [File: /www/wwwroot/take.sdwanyue.com/phalapi/src/merchant/Domain/MerchantStoreType.php, Line: 36, Time: 1667357488]|[]
2022-11-02 10:53:11|NOTICE|Notice (8): Undefined offset: 3 in [File: /www/wwwroot/take.sdwanyue.com/phalapi/src/app/Domain/MerchantStoreProduct.php, Line: 498, Time: 1667357591]|[]
2022-11-02 10:53:11|NOTICE|Notice (8): Undefined offset: 3 in [File: /www/wwwroot/take.sdwanyue.com/phalapi/src/app/Domain/MerchantStoreProduct.php, Line: 498, Time: 1667357591]|[]
2022-11-02 10:53:11|NOTICE|Notice (8): Undefined offset: 3 in [File: /www/wwwroot/take.sdwanyue.com/phalapi/src/app/Domain/MerchantStoreProduct.php, Line: 498, Time: 1667357591]|[]
2022-11-02 10:53:11|NOTICE|Notice (8): Undefined offset: 3 in [File: /www/wwwroot/take.sdwanyue.com/phalapi/src/app/Domain/MerchantStoreProduct.php, Line: 498, Time: 1667357591]|[]
2022-11-02 10:53:11|NOTICE|Notice (8): Undefined offset: 3 in [File: /www/wwwroot/take.sdwanyue.com/phalapi/src/app/Domain/MerchantStoreProduct.php, Line: 498, Time: 1667357591]|[]
2022-11-02 10:53:11|NOTICE|Notice (8): Undefined offset: 3 in [File: /www/wwwroot/take.sdwanyue.com/phalapi/src/app/Domain/MerchantStoreProduct.php, Line: 498, Time: 1667357591]|[]
2022-11-02 10:53:11|NOTICE|Notice (8): Undefined offset: 3 in [File: /www/wwwroot/take.sdwanyue.com/phalapi/src/app/Domain/MerchantStoreProduct.php, Line: 498, Time: 1667357591]|[]
2022-11-02 10:53:11|NOTICE|Notice (8): Undefined offset: 3 in [File: /www/wwwroot/take.sdwanyue.com/phalapi/src/app/Domain/MerchantStoreProduct.php, Line: 498, Time: 1667357591]|[]
2022-11-02 10:53:11|NOTICE|Notice (8): Undefined offset: 3 in [File: /www/wwwroot/take.sdwanyue.com/phalapi/src/app/Domain/MerchantStoreProduct.php, Line: 498, Time: 1667357591]|[]
2022-11-02 10:53:11|NOTICE|Notice (8): Undefined offset: 3 in [File: /www/wwwroot/take.sdwanyue.com/phalapi/src/app/Domain/MerchantStoreProduct.php, Line: 498, Time: 1667357591]|[]
2022-11-02 10:53:11|NOTICE|Notice (8): Undefined offset: 3 in [File: /www/wwwroot/take.sdwanyue.com/phalapi/src/app/Domain/MerchantStoreProduct.php, Line: 498, Time: 1667357591]|[]
2022-11-02 10:53:13|NOTICE|Notice (8): Undefined variable: parentProductAttr in [File: /www/wwwroot/take.sdwanyue.com/phalapi/src/app/Domain/MerchantStoreCart.php, Line: 426, Time: 1667357593]|[]
2022-11-02 10:53:14|NOTICE|Notice (8): Undefined index: weight_switch in [File: /www/wwwroot/take.sdwanyue.com/phalapi/src/app/Domain/Helpsend.php, Line: 182, Time: 1667357594]|[]
2022-11-02 10:53:40|NOTICE|Notice (8): Undefined offset: 3 in [File: /www/wwwroot/take.sdwanyue.com/phalapi/src/app/Domain/MerchantStoreProduct.php, Line: 498, Time: 1667357620]|[]
2022-11-02 10:53:40|NOTICE|Notice (8): Undefined offset: 3 in [File: /www/wwwroot/take.sdwanyue.com/phalapi/src/app/Domain/MerchantStoreProduct.php, Line: 498, Time: 1667357620]|[]
2022-11-02 10:53:40|NOTICE|Notice (8): Undefined offset: 3 in [File: /www/wwwroot/take.sdwanyue.com/phalapi/src/app/Domain/MerchantStoreProduct.php, Line: 498, Time: 1667357620]|[]
2022-11-02 10:53:40|NOTICE|Notice (8): Undefined offset: 3 in [File: /www/wwwroot/take.sdwanyue.com/phalapi/src/app/Domain/MerchantStoreProduct.php, Line: 498, Time: 1667357620]|[]
2022-11-02 10:53:40|NOTICE|Notice (8): Undefined offset: 3 in [File: /www/wwwroot/take.sdwanyue.com/phalapi/src/app/Domain/MerchantStoreProduct.php, Line: 498, Time: 1667357620]|[]
2022-11-02 10:53:40|NOTICE|Notice (8): Undefined offset: 3 in [File: /www/wwwroot/take.sdwanyue.com/phalapi/src/app/Domain/MerchantStoreProduct.php, Line: 498, Time: 1667357620]|[]
2022-11-02 10:53:40|NOTICE|Notice (8): Undefined offset: 3 in [File: /www/wwwroot/take.sdwanyue.com/phalapi/src/app/Domain/MerchantStoreProduct.php, Line: 498, Time: 1667357620]|[]
2022-11-02 10:53:40|NOTICE|Notice (8): Undefined offset: 3 in [File: /www/wwwroot/take.sdwanyue.com/phalapi/src/app/Domain/MerchantStoreProduct.php, Line: 498, Time: 1667357620]|[]
2022-11-02 10:53:40|NOTICE|Notice (8): Undefined offset: 3 in [File: /www/wwwroot/take.sdwanyue.com/phalapi/src/app/Domain/MerchantStoreProduct.php, Line: 498, Time: 1667357620]|[]
2022-11-02 10:53:40|NOTICE|Notice (8): Undefined offset: 3 in [File: /www/wwwroot/take.sdwanyue.com/phalapi/src/app/Domain/MerchantStoreProduct.php, Line: 498, Time: 1667357620]|[]
2022-11-02 10:53:40|NOTICE|Notice (8): Undefined offset: 3 in [File: /www/wwwroot/take.sdwanyue.com/phalapi/src/app/Domain/MerchantStoreProduct.php, Line: 498, Time: 1667357620]|[]
2022-11-02 10:53:49|NOTICE|Notice (8): Undefined variable: parentProductAttr in [File: /www/wwwroot/take.sdwanyue.com/phalapi/src/app/Domain/MerchantStoreCart.php, Line: 426, Time: 1667357629]|[]
2022-11-02 10:53:50|NOTICE|Notice (8): Undefined index: weight_switch in [File: /www/wwwroot/take.sdwanyue.com/phalapi/src/app/Domain/Helpsend.php, Line: 182, Time: 1667357630]|[]
2022-11-02 10:53:55|NOTICE|Notice (8): Undefined offset: 3 in [File: /www/wwwroot/take.sdwanyue.com/phalapi/src/app/Domain/MerchantStoreProduct.php, Line: 498, Time: 1667357635]|[]
2022-11-02 10:53:55|NOTICE|Notice (8): Undefined offset: 3 in [File: /www/wwwroot/take.sdwanyue.com/phalapi/src/app/Domain/MerchantStoreProduct.php, Line: 498, Time: 1667357635]|[]
2022-11-02 10:53:55|NOTICE|Notice (8): Undefined offset: 3 in [File: /www/wwwroot/take.sdwanyue.com/phalapi/src/app/Domain/MerchantStoreProduct.php, Line: 498, Time: 1667357635]|[]
2022-11-02 10:53:55|NOTICE|Notice (8): Undefined offset: 3 in [File: /www/wwwroot/take.sdwanyue.com/phalapi/src/app/Domain/MerchantStoreProduct.php, Line: 498, Time: 1667357635]|[]
2022-11-02 10:53:55|NOTICE|Notice (8): Undefined offset: 3 in [File: /www/wwwroot/take.sdwanyue.com/phalapi/src/app/Domain/MerchantStoreProduct.php, Line: 498, Time: 1667357635]|[]
2022-11-02 10:53:55|NOTICE|Notice (8): Undefined offset: 3 in [File: /www/wwwroot/take.sdwanyue.com/phalapi/src/app/Domain/MerchantStoreProduct.php, Line: 498, Time: 1667357635]|[]
2022-11-02 10:53:55|NOTICE|Notice (8): Undefined offset: 3 in [File: /www/wwwroot/take.sdwanyue.com/phalapi/src/app/Domain/MerchantStoreProduct.php, Line: 498, Time: 1667357635]|[]
2022-11-02 10:53:55|NOTICE|Notice (8): Undefined offset: 3 in [File: /www/wwwroot/take.sdwanyue.com/phalapi/src/app/Domain/MerchantStoreProduct.php, Line: 498, Time: 1667357635]|[]
2022-11-02 10:53:55|NOTICE|Notice (8): Undefined offset: 3 in [File: /www/wwwroot/take.sdwanyue.com/phalapi/src/app/Domain/MerchantStoreProduct.php, Line: 498, Time: 1667357635]|[]
2022-11-02 10:53:55|NOTICE|Notice (8): Undefined offset: 3 in [File: /www/wwwroot/take.sdwanyue.com/phalapi/src/app/Domain/MerchantStoreProduct.php, Line: 498, Time: 1667357635]|[]
2022-11-02 10:53:55|NOTICE|Notice (8): Undefined offset: 3 in [File: /www/wwwroot/take.sdwanyue.com/phalapi/src/app/Domain/MerchantStoreProduct.php, Line: 498, Time: 1667357635]|[]
2022-11-02 10:54:04|NOTICE|Notice (8): Undefined offset: 3 in [File: /www/wwwroot/take.sdwanyue.com/phalapi/src/app/Domain/MerchantStoreProduct.php, Line: 498, Time: 1667357644]|[]
2022-11-02 10:54:04|NOTICE|Notice (8): Undefined offset: 3 in [File: /www/wwwroot/take.sdwanyue.com/phalapi/src/app/Domain/MerchantStoreProduct.php, Line: 498, Time: 1667357644]|[]
2022-11-02 10:54:07|NOTICE|Notice (8): Undefined variable: parentProductAttr in [File: /www/wwwroot/take.sdwanyue.com/phalapi/src/app/Domain/MerchantStoreCart.php, Line: 426, Time: 1667357647]|[]
2022-11-02 10:54:07|NOTICE|Notice (8): Undefined index: weight_switch in [File: /www/wwwroot/take.sdwanyue.com/phalapi/src/app/Domain/Helpsend.php, Line: 182, Time: 1667357647]|[]
2022-11-02 10:54:13|NOTICE|Notice (8): Undefined offset: 3 in [File: /www/wwwroot/take.sdwanyue.com/phalapi/src/app/Domain/MerchantStoreProduct.php, Line: 498, Time: 1667357653]|[]
2022-11-02 10:54:13|NOTICE|Notice (8): Undefined offset: 3 in [File: /www/wwwroot/take.sdwanyue.com/phalapi/src/app/Domain/MerchantStoreProduct.php, Line: 498, Time: 1667357653]|[]
2022-11-02 10:59:20|NOTICE|Notice (8): Undefined variable: fix in [File: /www/wwwroot/take.sdwanyue.com/phalapi/src/rider/Domain/Riderlevel.php, Line: 176, Time: 1667357960]|[]
2022-11-02 10:59:20|NOTICE|Notice (8): Undefined variable: fix in [File: /www/wwwroot/take.sdwanyue.com/phalapi/src/rider/Domain/Riderlevel.php, Line: 176, Time: 1667357960]|[]
2022-11-02 10:59:20|NOTICE|Notice (8): Undefined variable: fix in [File: /www/wwwroot/take.sdwanyue.com/phalapi/src/rider/Domain/Riderlevel.php, Line: 176, Time: 1667357960]|[]
2022-11-02 10:59:20|NOTICE|Notice (8): Undefined variable: fix in [File: /www/wwwroot/take.sdwanyue.com/phalapi/src/rider/Domain/Riderlevel.php, Line: 176, Time: 1667357960]|[]
2022-11-02 10:59:20|NOTICE|Notice (8): Undefined variable: fix in [File: /www/wwwroot/take.sdwanyue.com/phalapi/src/rider/Domain/Riderlevel.php, Line: 176, Time: 1667357960]|[]
2022-11-02 10:59:20|NOTICE|Notice (8): Undefined variable: fix in [File: /www/wwwroot/take.sdwanyue.com/phalapi/src/rider/Domain/Riderlevel.php, Line: 176, Time: 1667357960]|[]
2022-11-02 10:59:20|NOTICE|Notice (8): Undefined variable: fix in [File: /www/wwwroot/take.sdwanyue.com/phalapi/src/rider/Domain/Riderlevel.php, Line: 176, Time: 1667357960]|[]
2022-11-02 10:59:20|NOTICE|Notice (8): Undefined variable: fix in [File: /www/wwwroot/take.sdwanyue.com/phalapi/src/rider/Domain/Riderlevel.php, Line: 176, Time: 1667357960]|[]
2022-11-02 10:59:20|NOTICE|Notice (8): Undefined variable: fix in [File: /www/wwwroot/take.sdwanyue.com/phalapi/src/rider/Domain/Riderlevel.php, Line: 176, Time: 1667357960]|[]
2022-11-02 10:59:20|NOTICE|Notice (8): Undefined variable: fix in [File: /www/wwwroot/take.sdwanyue.com/phalapi/src/rider/Domain/Riderlevel.php, Line: 176, Time: 1667357960]|[]
2022-11-02 10:59:20|NOTICE|Notice (8): Undefined variable: fix in [File: /www/wwwroot/take.sdwanyue.com/phalapi/src/rider/Domain/Riderlevel.php, Line: 176, Time: 1667357960]|[]
2022-11-02 10:59:20|NOTICE|Notice (8): Undefined variable: fix in [File: /www/wwwroot/take.sdwanyue.com/phalapi/src/rider/Domain/Riderlevel.php, Line: 176, Time: 1667357960]|[]
2022-11-02 10:59:20|NOTICE|Notice (8): Undefined variable: fix in [File: /www/wwwroot/take.sdwanyue.com/phalapi/src/rider/Domain/Riderlevel.php, Line: 176, Time: 1667357960]|[]
2022-11-02 10:59:20|NOTICE|Notice (8): Undefined variable: fix in [File: /www/wwwroot/take.sdwanyue.com/phalapi/src/rider/Domain/Riderlevel.php, Line: 176, Time: 1667357960]|[]
2022-11-02 10:59:26|NOTICE|Notice (8): Undefined variable: fix in [File: /www/wwwroot/take.sdwanyue.com/phalapi/src/rider/Domain/Riderlevel.php, Line: 176, Time: 1667357966]|[]
2022-11-02 10:59:26|NOTICE|Notice (8): Undefined variable: fix in [File: /www/wwwroot/take.sdwanyue.com/phalapi/src/rider/Domain/Riderlevel.php, Line: 176, Time: 1667357966]|[]
2022-11-02 10:59:26|NOTICE|Notice (8): Undefined variable: fix in [File: /www/wwwroot/take.sdwanyue.com/phalapi/src/rider/Domain/Riderlevel.php, Line: 176, Time: 1667357966]|[]
2022-11-02 10:59:26|NOTICE|Notice (8): Undefined variable: fix in [File: /www/wwwroot/take.sdwanyue.com/phalapi/src/rider/Domain/Riderlevel.php, Line: 176, Time: 1667357966]|[]
2022-11-02 10:59:26|NOTICE|Notice (8): Undefined variable: fix in [File: /www/wwwroot/take.sdwanyue.com/phalapi/src/rider/Domain/Riderlevel.php, Line: 176, Time: 1667357966]|[]
2022-11-02 10:59:26|NOTICE|Notice (8): Undefined variable: fix in [File: /www/wwwroot/take.sdwanyue.com/phalapi/src/rider/Domain/Riderlevel.php, Line: 176, Time: 1667357966]|[]
2022-11-02 10:59:26|NOTICE|Notice (8): Undefined variable: fix in [File: /www/wwwroot/take.sdwanyue.com/phalapi/src/rider/Domain/Riderlevel.php, Line: 176, Time: 1667357966]|[]
2022-11-02 10:59:26|NOTICE|Notice (8): Undefined variable: fix in [File: /www/wwwroot/take.sdwanyue.com/phalapi/src/rider/Domain/Riderlevel.php, Line: 176, Time: 1667357966]|[]
2022-11-02 10:59:26|NOTICE|Notice (8): Undefined variable: fix in [File: /www/wwwroot/take.sdwanyue.com/phalapi/src/rider/Domain/Riderlevel.php, Line: 176, Time: 1667357966]|[]
2022-11-02 10:59:26|NOTICE|Notice (8): Undefined variable: fix in [File: /www/wwwroot/take.sdwanyue.com/phalapi/src/rider/Domain/Riderlevel.php, Line: 176, Time: 1667357966]|[]
2022-11-02 10:59:26|NOTICE|Notice (8): Undefined variable: fix in [File: /www/wwwroot/take.sdwanyue.com/phalapi/src/rider/Domain/Riderlevel.php, Line: 176, Time: 1667357966]|[]
2022-11-02 10:59:26|NOTICE|Notice (8): Undefined variable: fix in [File: /www/wwwroot/take.sdwanyue.com/phalapi/src/rider/Domain/Riderlevel.php, Line: 176, Time: 1667357966]|[]
2022-11-02 10:59:26|NOTICE|Notice (8): Undefined variable: fix in [File: /www/wwwroot/take.sdwanyue.com/phalapi/src/rider/Domain/Riderlevel.php, Line: 176, Time: 1667357966]|[]
2022-11-02 10:59:26|NOTICE|Notice (8): Undefined variable: fix in [File: /www/wwwroot/take.sdwanyue.com/phalapi/src/rider/Domain/Riderlevel.php, Line: 176, Time: 1667357966]|[]
2022-11-02 11:00:04|NOTICE|Notice (8): Undefined variable: fix in [File: /www/wwwroot/take.sdwanyue.com/phalapi/src/rider/Domain/Riderlevel.php, Line: 176, Time: 1667358004]|[]
2022-11-02 11:00:04|NOTICE|Notice (8): Undefined variable: fix in [File: /www/wwwroot/take.sdwanyue.com/phalapi/src/rider/Domain/Riderlevel.php, Line: 176, Time: 1667358004]|[]
2022-11-02 11:00:04|NOTICE|Notice (8): Undefined variable: fix in [File: /www/wwwroot/take.sdwanyue.com/phalapi/src/rider/Domain/Riderlevel.php, Line: 176, Time: 1667358004]|[]
2022-11-02 11:00:04|NOTICE|Notice (8): Undefined variable: fix in [File: /www/wwwroot/take.sdwanyue.com/phalapi/src/rider/Domain/Riderlevel.php, Line: 176, Time: 1667358004]|[]
2022-11-02 11:00:04|NOTICE|Notice (8): Undefined variable: fix in [File: /www/wwwroot/take.sdwanyue.com/phalapi/src/rider/Domain/Riderlevel.php, Line: 176, Time: 1667358004]|[]
2022-11-02 11:00:04|NOTICE|Notice (8): Undefined variable: fix in [File: /www/wwwroot/take.sdwanyue.com/phalapi/src/rider/Domain/Riderlevel.php, Line: 176, Time: 1667358004]|[]
2022-11-02 11:00:04|NOTICE|Notice (8): Undefined variable: fix in [File: /www/wwwroot/take.sdwanyue.com/phalapi/src/rider/Domain/Riderlevel.php, Line: 176, Time: 1667358004]|[]
2022-11-02 11:00:04|NOTICE|Notice (8): Undefined variable: fix in [File: /www/wwwroot/take.sdwanyue.com/phalapi/src/rider/Domain/Riderlevel.php, Line: 176, Time: 1667358004]|[]
2022-11-02 11:00:04|NOTICE|Notice (8): Undefined variable: fix in [File: /www/wwwroot/take.sdwanyue.com/phalapi/src/rider/Domain/Riderlevel.php, Line: 176, Time: 1667358004]|[]
2022-11-02 11:00:04|NOTICE|Notice (8): Undefined variable: fix in [File: /www/wwwroot/take.sdwanyue.com/phalapi/src/rider/Domain/Riderlevel.php, Line: 176, Time: 1667358004]|[]
2022-11-02 11:00:04|NOTICE|Notice (8): Undefined variable: fix in [File: /www/wwwroot/take.sdwanyue.com/phalapi/src/rider/Domain/Riderlevel.php, Line: 176, Time: 1667358004]|[]
2022-11-02 11:00:04|NOTICE|Notice (8): Undefined variable: fix in [File: /www/wwwroot/take.sdwanyue.com/phalapi/src/rider/Domain/Riderlevel.php, Line: 176, Time: 1667358004]|[]
2022-11-02 11:00:04|NOTICE|Notice (8): Undefined variable: fix in [File: /www/wwwroot/take.sdwanyue.com/phalapi/src/rider/Domain/Riderlevel.php, Line: 176, Time: 1667358004]|[]
2022-11-02 11:00:04|NOTICE|Notice (8): Undefined variable: fix in [File: /www/wwwroot/take.sdwanyue.com/phalapi/src/rider/Domain/Riderlevel.php, Line: 176, Time: 1667358004]|[]
2022-11-02 11:00:05|NOTICE|Notice (8): Undefined variable: fix in [File: /www/wwwroot/take.sdwanyue.com/phalapi/src/rider/Domain/Riderlevel.php, Line: 176, Time: 1667358005]|[]
2022-11-02 11:00:05|NOTICE|Notice (8): Undefined variable: fix in [File: /www/wwwroot/take.sdwanyue.com/phalapi/src/rider/Domain/Riderlevel.php, Line: 176, Time: 1667358005]|[]
2022-11-02 11:00:05|NOTICE|Notice (8): Undefined variable: fix in [File: /www/wwwroot/take.sdwanyue.com/phalapi/src/rider/Domain/Riderlevel.php, Line: 176, Time: 1667358005]|[]
2022-11-02 11:00:05|NOTICE|Notice (8): Undefined variable: fix in [File: /www/wwwroot/take.sdwanyue.com/phalapi/src/rider/Domain/Riderlevel.php, Line: 176, Time: 1667358005]|[]
2022-11-02 11:00:05|NOTICE|Notice (8): Undefined variable: fix in [File: /www/wwwroot/take.sdwanyue.com/phalapi/src/rider/Domain/Riderlevel.php, Line: 176, Time: 1667358005]|[]
2022-11-02 11:00:05|NOTICE|Notice (8): Undefined variable: fix in [File: /www/wwwroot/take.sdwanyue.com/phalapi/src/rider/Domain/Riderlevel.php, Line: 176, Time: 1667358005]|[]
2022-11-02 11:00:05|NOTICE|Notice (8): Undefined variable: fix in [File: /www/wwwroot/take.sdwanyue.com/phalapi/src/rider/Domain/Riderlevel.php, Line: 176, Time: 1667358005]|[]
2022-11-02 11:00:05|NOTICE|Notice (8): Undefined variable: fix in [File: /www/wwwroot/take.sdwanyue.com/phalapi/src/rider/Domain/Riderlevel.php, Line: 176, Time: 1667358005]|[]
2022-11-02 11:00:05|NOTICE|Notice (8): Undefined variable: fix in [File: /www/wwwroot/take.sdwanyue.com/phalapi/src/rider/Domain/Riderlevel.php, Line: 176, Time: 1667358005]|[]
2022-11-02 11:00:05|NOTICE|Notice (8): Undefined variable: fix in [File: /www/wwwroot/take.sdwanyue.com/phalapi/src/rider/Domain/Riderlevel.php, Line: 176, Time: 1667358005]|[]
2022-11-02 11:00:05|NOTICE|Notice (8): Undefined variable: fix in [File: /www/wwwroot/take.sdwanyue.com/phalapi/src/rider/Domain/Riderlevel.php, Line: 176, Time: 1667358005]|[]
2022-11-02 11:00:05|NOTICE|Notice (8): Undefined variable: fix in [File: /www/wwwroot/take.sdwanyue.com/phalapi/src/rider/Domain/Riderlevel.php, Line: 176, Time: 1667358005]|[]
2022-11-02 11:00:05|NOTICE|Notice (8): Undefined variable: fix in [File: /www/wwwroot/take.sdwanyue.com/phalapi/src/rider/Domain/Riderlevel.php, Line: 176, Time: 1667358005]|[]
2022-11-02 11:00:05|NOTICE|Notice (8): Undefined variable: fix in [File: /www/wwwroot/take.sdwanyue.com/phalapi/src/rider/Domain/Riderlevel.php, Line: 176, Time: 1667358005]|[]
2022-11-02 11:00:51|NOTICE|Notice (8): Undefined variable: fix in [File: /www/wwwroot/take.sdwanyue.com/phalapi/src/rider/Domain/Riderlevel.php, Line: 176, Time: 1667358051]|[]
2022-11-02 11:00:51|NOTICE|Notice (8): Undefined variable: fix in [File: /www/wwwroot/take.sdwanyue.com/phalapi/src/rider/Domain/Riderlevel.php, Line: 176, Time: 1667358051]|[]
2022-11-02 11:00:51|NOTICE|Notice (8): Undefined variable: fix in [File: /www/wwwroot/take.sdwanyue.com/phalapi/src/rider/Domain/Riderlevel.php, Line: 176, Time: 1667358051]|[]
2022-11-02 11:00:51|NOTICE|Notice (8): Undefined variable: fix in [File: /www/wwwroot/take.sdwanyue.com/phalapi/src/rider/Domain/Riderlevel.php, Line: 176, Time: 1667358051]|[]
2022-11-02 11:00:51|NOTICE|Notice (8): Undefined variable: fix in [File: /www/wwwroot/take.sdwanyue.com/phalapi/src/rider/Domain/Riderlevel.php, Line: 176, Time: 1667358051]|[]
2022-11-02 11:00:51|NOTICE|Notice (8): Undefined variable: fix in [File: /www/wwwroot/take.sdwanyue.com/phalapi/src/rider/Domain/Riderlevel.php, Line: 176, Time: 1667358051]|[]
2022-11-02 11:00:51|NOTICE|Notice (8): Undefined variable: fix in [File: /www/wwwroot/take.sdwanyue.com/phalapi/src/rider/Domain/Riderlevel.php, Line: 176, Time: 1667358051]|[]
2022-11-02 11:00:51|NOTICE|Notice (8): Undefined variable: fix in [File: /www/wwwroot/take.sdwanyue.com/phalapi/src/rider/Domain/Riderlevel.php, Line: 176, Time: 1667358051]|[]
2022-11-02 11:00:51|NOTICE|Notice (8): Undefined variable: fix in [File: /www/wwwroot/take.sdwanyue.com/phalapi/src/rider/Domain/Riderlevel.php, Line: 176, Time: 1667358051]|[]
2022-11-02 11:00:51|NOTICE|Notice (8): Undefined variable: fix in [File: /www/wwwroot/take.sdwanyue.com/phalapi/src/rider/Domain/Riderlevel.php, Line: 176, Time: 1667358051]|[]
2022-11-02 11:00:51|NOTICE|Notice (8): Undefined variable: fix in [File: /www/wwwroot/take.sdwanyue.com/phalapi/src/rider/Domain/Riderlevel.php, Line: 176, Time: 1667358051]|[]
2022-11-02 11:00:51|NOTICE|Notice (8): Undefined variable: fix in [File: /www/wwwroot/take.sdwanyue.com/phalapi/src/rider/Domain/Riderlevel.php, Line: 176, Time: 1667358051]|[]
2022-11-02 11:00:51|NOTICE|Notice (8): Undefined variable: fix in [File: /www/wwwroot/take.sdwanyue.com/phalapi/src/rider/Domain/Riderlevel.php, Line: 176, Time: 1667358051]|[]
2022-11-02 11:00:51|NOTICE|Notice (8): Undefined variable: fix in [File: /www/wwwroot/take.sdwanyue.com/phalapi/src/rider/Domain/Riderlevel.php, Line: 176, Time: 1667358051]|[]
2022-11-02 11:00:51|NOTICE|Notice (8): Undefined variable: fix in [File: /www/wwwroot/take.sdwanyue.com/phalapi/src/rider/Domain/Riderlevel.php, Line: 176, Time: 1667358051]|[]
2022-11-02 11:00:51|NOTICE|Notice (8): Undefined variable: fix in [File: /www/wwwroot/take.sdwanyue.com/phalapi/src/rider/Domain/Riderlevel.php, Line: 176, Time: 1667358051]|[]
2022-11-02 11:00:51|NOTICE|Notice (8): Undefined variable: fix in [File: /www/wwwroot/take.sdwanyue.com/phalapi/src/rider/Domain/Riderlevel.php, Line: 176, Time: 1667358051]|[]
2022-11-02 11:00:51|NOTICE|Notice (8): Undefined variable: fix in [File: /www/wwwroot/take.sdwanyue.com/phalapi/src/rider/Domain/Riderlevel.php, Line: 176, Time: 1667358051]|[]
2022-11-02 11:00:51|NOTICE|Notice (8): Undefined variable: fix in [File: /www/wwwroot/take.sdwanyue.com/phalapi/src/rider/Domain/Riderlevel.php, Line: 176, Time: 1667358051]|[]
2022-11-02 11:00:51|NOTICE|Notice (8): Undefined variable: fix in [File: /www/wwwroot/take.sdwanyue.com/phalapi/src/rider/Domain/Riderlevel.php, Line: 176, Time: 1667358051]|[]
2022-11-02 11:00:51|NOTICE|Notice (8): Undefined variable: fix in [File: /www/wwwroot/take.sdwanyue.com/phalapi/src/rider/Domain/Riderlevel.php, Line: 176, Time: 1667358051]|[]
2022-11-02 11:00:51|NOTICE|Notice (8): Undefined variable: fix in [File: /www/wwwroot/take.sdwanyue.com/phalapi/src/rider/Domain/Riderlevel.php, Line: 176, Time: 1667358051]|[]
2022-11-02 11:00:51|NOTICE|Notice (8): Undefined variable: fix in [File: /www/wwwroot/take.sdwanyue.com/phalapi/src/rider/Domain/Riderlevel.php, Line: 176, Time: 1667358051]|[]
2022-11-02 11:00:51|NOTICE|Notice (8): Undefined variable: fix in [File: /www/wwwroot/take.sdwanyue.com/phalapi/src/rider/Domain/Riderlevel.php, Line: 176, Time: 1667358051]|[]
2022-11-02 11:00:51|NOTICE|Notice (8): Undefined variable: fix in [File: /www/wwwroot/take.sdwanyue.com/phalapi/src/rider/Domain/Riderlevel.php, Line: 176, Time: 1667358051]|[]
2022-11-02 11:00:51|NOTICE|Notice (8): Undefined variable: fix in [File: /www/wwwroot/take.sdwanyue.com/phalapi/src/rider/Domain/Riderlevel.php, Line: 176, Time: 1667358051]|[]
2022-11-02 11:00:51|NOTICE|Notice (8): Undefined variable: fix in [File: /www/wwwroot/take.sdwanyue.com/phalapi/src/rider/Domain/Riderlevel.php, Line: 176, Time: 1667358051]|[]
2022-11-02 11:00:51|NOTICE|Notice (8): Undefined variable: fix in [File: /www/wwwroot/take.sdwanyue.com/phalapi/src/rider/Domain/Riderlevel.php, Line: 176, Time: 1667358051]|[]
2022-11-02 14:01:14|NOTICE|Notice (8): Undefined offset: 3 in [File: /www/wwwroot/take.sdwanyue.com/phalapi/src/app/Domain/MerchantStoreProduct.php, Line: 498, Time: 1667368874]|[]
2022-11-02 14:01:14|NOTICE|Notice (8): Undefined offset: 3 in [File: /www/wwwroot/take.sdwanyue.com/phalapi/src/app/Domain/MerchantStoreProduct.php, Line: 498, Time: 1667368874]|[]
2022-11-02 14:01:18|NOTICE|Notice (8): Undefined offset: 3 in [File: /www/wwwroot/take.sdwanyue.com/phalapi/src/app/Domain/MerchantStoreProduct.php, Line: 498, Time: 1667368878]|[]
2022-11-02 14:01:18|NOTICE|Notice (8): Undefined offset: 3 in [File: /www/wwwroot/take.sdwanyue.com/phalapi/src/app/Domain/MerchantStoreProduct.php, Line: 498, Time: 1667368878]|[]
2022-11-02 14:01:20|NOTICE|Notice (8): Undefined offset: 3 in [File: /www/wwwroot/take.sdwanyue.com/phalapi/src/app/Domain/MerchantStoreProduct.php, Line: 498, Time: 1667368880]|[]
2022-11-02 14:01:20|NOTICE|Notice (8): Undefined offset: 3 in [File: /www/wwwroot/take.sdwanyue.com/phalapi/src/app/Domain/MerchantStoreProduct.php, Line: 498, Time: 1667368880]|[]
