2023-02-10 08:56:48|ERROR|App.Home.Home|PDOException: SQLSTATE[42S02]: Base table or view not found: 1146 Table 'taketest2_sdwany.cmf_merchant_search_keyword' doesn't exist in /www/wwwroot/taketest2.sdwanyue.com/phalapi/vendor/phalapi/notorm/src/NotORM/Result.php:272
Stack trace:
#0 /www/wwwroot/taketest2.sdwanyue.com/phalapi/vendor/phalapi/notorm/src/NotORM/Result.php(272): PDOStatement->execute()
#1 /www/wwwroot/taketest2.sdwanyue.com/phalapi/vendor/phalapi/notorm/src/NotORM/Result.php(915): NotORM_Result->query()
#2 /www/wwwroot/taketest2.sdwanyue.com/phalapi/vendor/phalapi/notorm/src/NotORM/Result.php(1000): NotORM_Result->execute()
#3 /www/wwwroot/taketest2.sdwanyue.com/phalapi/src/app/Model/SearchKeyword.php(22): NotORM_Result->fetchAll()
#4 [internal function]: App\Model\SearchKeyword->selectList()
#5 /www/wwwroot/taketest2.sdwanyue.com/phalapi/src/app/Domain/SearchKeyword.php(18): call_user_func_array()
#6 /www/wwwroot/taketest2.sdwanyue.com/phalapi/src/app/Api/Home.php(226): App\Domain\SearchKeyword->__call()
#7 [internal function]: App\Api\Home->home()
#8 /www/wwwroot/taketest2.sdwanyue.com/phalapi/vendor/phalapi/kernal/src/PhalApi.php(53): call_user_func()
#9 /www/wwwroot/taketest2.sdwanyue.com/public/api/index.php(9): PhalApi\PhalApi->response()
#10 {main}
2023-02-10 09:13:21|ERROR|App.FineFood.Home|PDOException: SQLSTATE[42S22]: Column not found: 1054 Unknown column '117°06′51' in 'field list' in /www/wwwroot/taketest2.sdwanyue.com/phalapi/vendor/phalapi/notorm/src/NotORM/Result.php:272
Stack trace:
#0 /www/wwwroot/taketest2.sdwanyue.com/phalapi/vendor/phalapi/notorm/src/NotORM/Result.php(272): PDOStatement->execute()
#1 /www/wwwroot/taketest2.sdwanyue.com/phalapi/vendor/phalapi/notorm/src/NotORM/Result.php(915): NotORM_Result->query()
#2 /www/wwwroot/taketest2.sdwanyue.com/phalapi/vendor/phalapi/notorm/src/NotORM/Result.php(1000): NotORM_Result->execute()
#3 /www/wwwroot/taketest2.sdwanyue.com/phalapi/src/app/Model/MerchantStore.php(252): NotORM_Result->fetchAll()
#4 /www/wwwroot/taketest2.sdwanyue.com/phalapi/src/app/Domain/MerchantStore.php(865): App\Model\MerchantStore->distanceSelectList()
#5 /www/wwwroot/taketest2.sdwanyue.com/phalapi/src/app/Api/FineFood.php(316): App\Domain\MerchantStore->getSelectListByDistance()
#6 [internal function]: App\Api\FineFood->home()
#7 /www/wwwroot/taketest2.sdwanyue.com/phalapi/vendor/phalapi/kernal/src/PhalApi.php(53): call_user_func()
#8 /www/wwwroot/taketest2.sdwanyue.com/public/api/index.php(9): PhalApi\PhalApi->response()
#9 {main}
2023-02-10 09:13:46|ERROR|App.FineFood.Home|PDOException: SQLSTATE[42S22]: Column not found: 1054 Unknown column '117°06′51' in 'field list' in /www/wwwroot/taketest2.sdwanyue.com/phalapi/vendor/phalapi/notorm/src/NotORM/Result.php:272
Stack trace:
#0 /www/wwwroot/taketest2.sdwanyue.com/phalapi/vendor/phalapi/notorm/src/NotORM/Result.php(272): PDOStatement->execute()
#1 /www/wwwroot/taketest2.sdwanyue.com/phalapi/vendor/phalapi/notorm/src/NotORM/Result.php(915): NotORM_Result->query()
#2 /www/wwwroot/taketest2.sdwanyue.com/phalapi/vendor/phalapi/notorm/src/NotORM/Result.php(1000): NotORM_Result->execute()
#3 /www/wwwroot/taketest2.sdwanyue.com/phalapi/src/app/Model/MerchantStore.php(252): NotORM_Result->fetchAll()
#4 /www/wwwroot/taketest2.sdwanyue.com/phalapi/src/app/Domain/MerchantStore.php(865): App\Model\MerchantStore->distanceSelectList()
#5 /www/wwwroot/taketest2.sdwanyue.com/phalapi/src/app/Api/FineFood.php(316): App\Domain\MerchantStore->getSelectListByDistance()
#6 [internal function]: App\Api\FineFood->home()
#7 /www/wwwroot/taketest2.sdwanyue.com/phalapi/vendor/phalapi/kernal/src/PhalApi.php(53): call_user_func()
#8 /www/wwwroot/taketest2.sdwanyue.com/public/api/index.php(9): PhalApi\PhalApi->response()
#9 {main}
2023-02-10 09:24:18|ERROR|App.Home.SearchStore|PDOException: SQLSTATE[42S22]: Column not found: 1054 Unknown column '117°06′51' in 'field list' in /www/wwwroot/taketest2.sdwanyue.com/phalapi/vendor/phalapi/notorm/src/NotORM/Result.php:272
Stack trace:
#0 /www/wwwroot/taketest2.sdwanyue.com/phalapi/vendor/phalapi/notorm/src/NotORM/Result.php(272): PDOStatement->execute()
#1 /www/wwwroot/taketest2.sdwanyue.com/phalapi/vendor/phalapi/notorm/src/NotORM/Result.php(915): NotORM_Result->query()
#2 /www/wwwroot/taketest2.sdwanyue.com/phalapi/vendor/phalapi/notorm/src/NotORM/Result.php(1000): NotORM_Result->execute()
#3 /www/wwwroot/taketest2.sdwanyue.com/phalapi/src/app/Model/MerchantStore.php(204): NotORM_Result->fetchAll()
#4 /www/wwwroot/taketest2.sdwanyue.com/phalapi/src/app/Domain/MerchantStore.php(992): App\Model\MerchantStore->distanceSelect()
#5 /www/wwwroot/taketest2.sdwanyue.com/phalapi/src/app/Api/Home.php(154): App\Domain\MerchantStore->getRecommendStoreList()
#6 [internal function]: App\Api\Home->searchStore()
#7 /www/wwwroot/taketest2.sdwanyue.com/phalapi/vendor/phalapi/kernal/src/PhalApi.php(53): call_user_func()
#8 /www/wwwroot/taketest2.sdwanyue.com/public/api/index.php(9): PhalApi\PhalApi->response()
#9 {main}
2023-02-10 09:25:26|ERROR|App.Home.Search|PDOException: SQLSTATE[42000]: Syntax error or access violation: 1064 You have an error in your SQL syntax; check the manual that corresponds to your MySQL server version for the right syntax to use near ') IS NOT NULL AND store_product.store_id NOT IS NULL) AND (store_product.name LI' at line 8 in /www/wwwroot/taketest2.sdwanyue.com/phalapi/vendor/phalapi/notorm/src/NotORM/Result.php:272
Stack trace:
#0 /www/wwwroot/taketest2.sdwanyue.com/phalapi/vendor/phalapi/notorm/src/NotORM/Result.php(272): PDOStatement->execute()
#1 /www/wwwroot/taketest2.sdwanyue.com/phalapi/vendor/phalapi/notorm/src/NotORM/Result.php(915): NotORM_Result->query()
#2 /www/wwwroot/taketest2.sdwanyue.com/phalapi/vendor/phalapi/notorm/src/NotORM/Result.php(1000): NotORM_Result->execute()
#3 /www/wwwroot/taketest2.sdwanyue.com/phalapi/src/app/Model/MerchantStoreProduct.php(321): NotORM_Result->fetchAll()
#4 /www/wwwroot/taketest2.sdwanyue.com/phalapi/src/app/Domain/MerchantStoreProduct.php(541): App\Model\MerchantStoreProduct->notInStoreIdSelectList()
#5 /www/wwwroot/taketest2.sdwanyue.com/phalapi/src/app/Api/Home.php(117): App\Domain\MerchantStoreProduct->getHomeSearch()
#6 [internal function]: App\Api\Home->search()
#7 /www/wwwroot/taketest2.sdwanyue.com/phalapi/vendor/phalapi/kernal/src/PhalApi.php(53): call_user_func()
#8 /www/wwwroot/taketest2.sdwanyue.com/public/api/index.php(9): PhalApi\PhalApi->response()
#9 {main}
2023-02-10 09:25:31|ERROR|App.Home.Search|PDOException: SQLSTATE[42000]: Syntax error or access violation: 1064 You have an error in your SQL syntax; check the manual that corresponds to your MySQL server version for the right syntax to use near ') IS NOT NULL AND store_product.store_id NOT IS NULL) AND (store_product.name LI' at line 8 in /www/wwwroot/taketest2.sdwanyue.com/phalapi/vendor/phalapi/notorm/src/NotORM/Result.php:272
Stack trace:
#0 /www/wwwroot/taketest2.sdwanyue.com/phalapi/vendor/phalapi/notorm/src/NotORM/Result.php(272): PDOStatement->execute()
#1 /www/wwwroot/taketest2.sdwanyue.com/phalapi/vendor/phalapi/notorm/src/NotORM/Result.php(915): NotORM_Result->query()
#2 /www/wwwroot/taketest2.sdwanyue.com/phalapi/vendor/phalapi/notorm/src/NotORM/Result.php(1000): NotORM_Result->execute()
#3 /www/wwwroot/taketest2.sdwanyue.com/phalapi/src/app/Model/MerchantStoreProduct.php(321): NotORM_Result->fetchAll()
#4 /www/wwwroot/taketest2.sdwanyue.com/phalapi/src/app/Domain/MerchantStoreProduct.php(541): App\Model\MerchantStoreProduct->notInStoreIdSelectList()
#5 /www/wwwroot/taketest2.sdwanyue.com/phalapi/src/app/Api/Home.php(117): App\Domain\MerchantStoreProduct->getHomeSearch()
#6 [internal function]: App\Api\Home->search()
#7 /www/wwwroot/taketest2.sdwanyue.com/phalapi/vendor/phalapi/kernal/src/PhalApi.php(53): call_user_func()
#8 /www/wwwroot/taketest2.sdwanyue.com/public/api/index.php(9): PhalApi\PhalApi->response()
#9 {main}
2023-02-10 09:45:46|ERROR|App.Home.Home|PDOException: SQLSTATE[42S02]: Base table or view not found: 1146 Table 'taketest2_sdwany.cmf_merchant_search_keyword' doesn't exist in /www/wwwroot/taketest2.sdwanyue.com/phalapi/vendor/phalapi/notorm/src/NotORM/Result.php:272
Stack trace:
#0 /www/wwwroot/taketest2.sdwanyue.com/phalapi/vendor/phalapi/notorm/src/NotORM/Result.php(272): PDOStatement->execute()
#1 /www/wwwroot/taketest2.sdwanyue.com/phalapi/vendor/phalapi/notorm/src/NotORM/Result.php(915): NotORM_Result->query()
#2 /www/wwwroot/taketest2.sdwanyue.com/phalapi/vendor/phalapi/notorm/src/NotORM/Result.php(1000): NotORM_Result->execute()
#3 /www/wwwroot/taketest2.sdwanyue.com/phalapi/src/app/Model/SearchKeyword.php(22): NotORM_Result->fetchAll()
#4 [internal function]: App\Model\SearchKeyword->selectList()
#5 /www/wwwroot/taketest2.sdwanyue.com/phalapi/src/app/Domain/SearchKeyword.php(18): call_user_func_array()
#6 /www/wwwroot/taketest2.sdwanyue.com/phalapi/src/app/Api/Home.php(191): App\Domain\SearchKeyword->__call()
#7 [internal function]: App\Api\Home->home()
#8 /www/wwwroot/taketest2.sdwanyue.com/phalapi/vendor/phalapi/kernal/src/PhalApi.php(53): call_user_func()
#9 /www/wwwroot/taketest2.sdwanyue.com/public/api/index.php(9): PhalApi\PhalApi->response()
#10 {main}
2023-02-10 09:47:59|ERROR|App.Home.Home|PDOException: SQLSTATE[42S02]: Base table or view not found: 1146 Table 'taketest2_sdwany.cmf_merchant_search_keyword' doesn't exist in /www/wwwroot/taketest2.sdwanyue.com/phalapi/vendor/phalapi/notorm/src/NotORM/Result.php:272
Stack trace:
#0 /www/wwwroot/taketest2.sdwanyue.com/phalapi/vendor/phalapi/notorm/src/NotORM/Result.php(272): PDOStatement->execute()
#1 /www/wwwroot/taketest2.sdwanyue.com/phalapi/vendor/phalapi/notorm/src/NotORM/Result.php(915): NotORM_Result->query()
#2 /www/wwwroot/taketest2.sdwanyue.com/phalapi/vendor/phalapi/notorm/src/NotORM/Result.php(1000): NotORM_Result->execute()
#3 /www/wwwroot/taketest2.sdwanyue.com/phalapi/src/app/Model/SearchKeyword.php(22): NotORM_Result->fetchAll()
#4 [internal function]: App\Model\SearchKeyword->selectList()
#5 /www/wwwroot/taketest2.sdwanyue.com/phalapi/src/app/Domain/SearchKeyword.php(18): call_user_func_array()
#6 /www/wwwroot/taketest2.sdwanyue.com/phalapi/src/app/Api/Home.php(191): App\Domain\SearchKeyword->__call()
#7 [internal function]: App\Api\Home->home()
#8 /www/wwwroot/taketest2.sdwanyue.com/phalapi/vendor/phalapi/kernal/src/PhalApi.php(53): call_user_func()
#9 /www/wwwroot/taketest2.sdwanyue.com/public/api/index.php(9): PhalApi\PhalApi->response()
#10 {main}
2023-02-10 09:48:08|ERROR|App.Home.Home|PDOException: SQLSTATE[42S02]: Base table or view not found: 1146 Table 'taketest2_sdwany.cmf_merchant_search_keyword' doesn't exist in /www/wwwroot/taketest2.sdwanyue.com/phalapi/vendor/phalapi/notorm/src/NotORM/Result.php:272
Stack trace:
#0 /www/wwwroot/taketest2.sdwanyue.com/phalapi/vendor/phalapi/notorm/src/NotORM/Result.php(272): PDOStatement->execute()
#1 /www/wwwroot/taketest2.sdwanyue.com/phalapi/vendor/phalapi/notorm/src/NotORM/Result.php(915): NotORM_Result->query()
#2 /www/wwwroot/taketest2.sdwanyue.com/phalapi/vendor/phalapi/notorm/src/NotORM/Result.php(1000): NotORM_Result->execute()
#3 /www/wwwroot/taketest2.sdwanyue.com/phalapi/src/app/Model/SearchKeyword.php(22): NotORM_Result->fetchAll()
#4 [internal function]: App\Model\SearchKeyword->selectList()
#5 /www/wwwroot/taketest2.sdwanyue.com/phalapi/src/app/Domain/SearchKeyword.php(18): call_user_func_array()
#6 /www/wwwroot/taketest2.sdwanyue.com/phalapi/src/app/Api/Home.php(191): App\Domain\SearchKeyword->__call()
#7 [internal function]: App\Api\Home->home()
#8 /www/wwwroot/taketest2.sdwanyue.com/phalapi/vendor/phalapi/kernal/src/PhalApi.php(53): call_user_func()
#9 /www/wwwroot/taketest2.sdwanyue.com/public/api/index.php(9): PhalApi\PhalApi->response()
#10 {main}
2023-02-10 09:54:50|ERROR|App.Home.Home|PDOException: SQLSTATE[42S02]: Base table or view not found: 1146 Table 'taketest2_sdwany.cmf_merchant_search_keyword' doesn't exist in /www/wwwroot/taketest2.sdwanyue.com/phalapi/vendor/phalapi/notorm/src/NotORM/Result.php:272
Stack trace:
#0 /www/wwwroot/taketest2.sdwanyue.com/phalapi/vendor/phalapi/notorm/src/NotORM/Result.php(272): PDOStatement->execute()
#1 /www/wwwroot/taketest2.sdwanyue.com/phalapi/vendor/phalapi/notorm/src/NotORM/Result.php(915): NotORM_Result->query()
#2 /www/wwwroot/taketest2.sdwanyue.com/phalapi/vendor/phalapi/notorm/src/NotORM/Result.php(1000): NotORM_Result->execute()
#3 /www/wwwroot/taketest2.sdwanyue.com/phalapi/src/app/Model/SearchKeyword.php(22): NotORM_Result->fetchAll()
#4 [internal function]: App\Model\SearchKeyword->selectList()
#5 /www/wwwroot/taketest2.sdwanyue.com/phalapi/src/app/Domain/SearchKeyword.php(18): call_user_func_array()
#6 /www/wwwroot/taketest2.sdwanyue.com/phalapi/src/app/Api/Home.php(191): App\Domain\SearchKeyword->__call()
#7 [internal function]: App\Api\Home->home()
#8 /www/wwwroot/taketest2.sdwanyue.com/phalapi/vendor/phalapi/kernal/src/PhalApi.php(53): call_user_func()
#9 /www/wwwroot/taketest2.sdwanyue.com/public/api/index.php(9): PhalApi\PhalApi->response()
#10 {main}
2023-02-10 10:26:03|ERROR|App.Home.Home|PDOException: SQLSTATE[42S02]: Base table or view not found: 1146 Table 'taketest2_sdwany.cmf_merchant_search_keyword' doesn't exist in /www/wwwroot/taketest2.sdwanyue.com/phalapi/vendor/phalapi/notorm/src/NotORM/Result.php:272
Stack trace:
#0 /www/wwwroot/taketest2.sdwanyue.com/phalapi/vendor/phalapi/notorm/src/NotORM/Result.php(272): PDOStatement->execute()
#1 /www/wwwroot/taketest2.sdwanyue.com/phalapi/vendor/phalapi/notorm/src/NotORM/Result.php(915): NotORM_Result->query()
#2 /www/wwwroot/taketest2.sdwanyue.com/phalapi/vendor/phalapi/notorm/src/NotORM/Result.php(1000): NotORM_Result->execute()
#3 /www/wwwroot/taketest2.sdwanyue.com/phalapi/src/app/Model/SearchKeyword.php(22): NotORM_Result->fetchAll()
#4 [internal function]: App\Model\SearchKeyword->selectList()
#5 /www/wwwroot/taketest2.sdwanyue.com/phalapi/src/app/Domain/SearchKeyword.php(18): call_user_func_array()
#6 /www/wwwroot/taketest2.sdwanyue.com/phalapi/src/app/Api/Home.php(191): App\Domain\SearchKeyword->__call()
#7 [internal function]: App\Api\Home->home()
#8 /www/wwwroot/taketest2.sdwanyue.com/phalapi/vendor/phalapi/kernal/src/PhalApi.php(53): call_user_func()
#9 /www/wwwroot/taketest2.sdwanyue.com/public/api/index.php(9): PhalApi\PhalApi->response()
#10 {main}
