2023-02-15 11:39:34|ERROR|App.FineFood.GetStoreDetail|PDOException: SQLSTATE[42S22]: Column not found: 1054 Unknown column '117°06′51' in 'field list' in /www/wwwroot/taketest2.sdwanyue.com/phalapi/vendor/phalapi/notorm/src/NotORM/Result.php:272
Stack trace:
#0 /www/wwwroot/taketest2.sdwanyue.com/phalapi/vendor/phalapi/notorm/src/NotORM/Result.php(272): PDOStatement->execute()
#1 /www/wwwroot/taketest2.sdwanyue.com/phalapi/vendor/phalapi/notorm/src/NotORM/Result.php(915): NotORM_Result->query()
#2 /www/wwwroot/taketest2.sdwanyue.com/phalapi/vendor/phalapi/notorm/src/NotORM/Result.php(991): NotORM_Result->execute()
#3 /www/wwwroot/taketest2.sdwanyue.com/phalapi/vendor/phalapi/notorm/src/NotORM/Result.php(979): NotORM_Result->fetchRow()
#4 /www/wwwroot/taketest2.sdwanyue.com/phalapi/src/app/Model/MerchantStore.php(338): NotORM_Result->fetchOne()
#5 /www/wwwroot/taketest2.sdwanyue.com/phalapi/src/app/Domain/MerchantStore.php(535): App\Model\MerchantStore->getOne()
#6 /www/wwwroot/taketest2.sdwanyue.com/phalapi/src/app/Api/FineFood.php(187): App\Domain\MerchantStore->getStoreDetail()
#7 [internal function]: App\Api\FineFood->getStoreDetail()
#8 /www/wwwroot/taketest2.sdwanyue.com/phalapi/vendor/phalapi/kernal/src/PhalApi.php(53): call_user_func()
#9 /www/wwwroot/taketest2.sdwanyue.com/public/api/index.php(9): PhalApi\PhalApi->response()
#10 {main}
2023-02-15 11:39:36|ERROR|App.FineFood.GetStoreDetail|PDOException: SQLSTATE[42S22]: Column not found: 1054 Unknown column '117°06′51' in 'field list' in /www/wwwroot/taketest2.sdwanyue.com/phalapi/vendor/phalapi/notorm/src/NotORM/Result.php:272
Stack trace:
#0 /www/wwwroot/taketest2.sdwanyue.com/phalapi/vendor/phalapi/notorm/src/NotORM/Result.php(272): PDOStatement->execute()
#1 /www/wwwroot/taketest2.sdwanyue.com/phalapi/vendor/phalapi/notorm/src/NotORM/Result.php(915): NotORM_Result->query()
#2 /www/wwwroot/taketest2.sdwanyue.com/phalapi/vendor/phalapi/notorm/src/NotORM/Result.php(991): NotORM_Result->execute()
#3 /www/wwwroot/taketest2.sdwanyue.com/phalapi/vendor/phalapi/notorm/src/NotORM/Result.php(979): NotORM_Result->fetchRow()
#4 /www/wwwroot/taketest2.sdwanyue.com/phalapi/src/app/Model/MerchantStore.php(338): NotORM_Result->fetchOne()
#5 /www/wwwroot/taketest2.sdwanyue.com/phalapi/src/app/Domain/MerchantStore.php(535): App\Model\MerchantStore->getOne()
#6 /www/wwwroot/taketest2.sdwanyue.com/phalapi/src/app/Api/FineFood.php(187): App\Domain\MerchantStore->getStoreDetail()
#7 [internal function]: App\Api\FineFood->getStoreDetail()
#8 /www/wwwroot/taketest2.sdwanyue.com/phalapi/vendor/phalapi/kernal/src/PhalApi.php(53): call_user_func()
#9 /www/wwwroot/taketest2.sdwanyue.com/public/api/index.php(9): PhalApi\PhalApi->response()
#10 {main}
2023-02-15 11:39:37|ERROR|App.FineFood.GetStoreDetail|PDOException: SQLSTATE[42S22]: Column not found: 1054 Unknown column '117°06′51' in 'field list' in /www/wwwroot/taketest2.sdwanyue.com/phalapi/vendor/phalapi/notorm/src/NotORM/Result.php:272
Stack trace:
#0 /www/wwwroot/taketest2.sdwanyue.com/phalapi/vendor/phalapi/notorm/src/NotORM/Result.php(272): PDOStatement->execute()
#1 /www/wwwroot/taketest2.sdwanyue.com/phalapi/vendor/phalapi/notorm/src/NotORM/Result.php(915): NotORM_Result->query()
#2 /www/wwwroot/taketest2.sdwanyue.com/phalapi/vendor/phalapi/notorm/src/NotORM/Result.php(991): NotORM_Result->execute()
#3 /www/wwwroot/taketest2.sdwanyue.com/phalapi/vendor/phalapi/notorm/src/NotORM/Result.php(979): NotORM_Result->fetchRow()
#4 /www/wwwroot/taketest2.sdwanyue.com/phalapi/src/app/Model/MerchantStore.php(338): NotORM_Result->fetchOne()
#5 /www/wwwroot/taketest2.sdwanyue.com/phalapi/src/app/Domain/MerchantStore.php(535): App\Model\MerchantStore->getOne()
#6 /www/wwwroot/taketest2.sdwanyue.com/phalapi/src/app/Api/FineFood.php(187): App\Domain\MerchantStore->getStoreDetail()
#7 [internal function]: App\Api\FineFood->getStoreDetail()
#8 /www/wwwroot/taketest2.sdwanyue.com/phalapi/vendor/phalapi/kernal/src/PhalApi.php(53): call_user_func()
#9 /www/wwwroot/taketest2.sdwanyue.com/public/api/index.php(9): PhalApi\PhalApi->response()
#10 {main}
2023-02-15 15:22:46|ERROR|App.Home.Home|PDOException: SQLSTATE[42S02]: Base table or view not found: 1146 Table 'taketest2_sdwany.cmf_merchant_search_keyword' doesn't exist in /www/wwwroot/taketest2.sdwanyue.com/phalapi/vendor/phalapi/notorm/src/NotORM/Result.php:272
Stack trace:
#0 /www/wwwroot/taketest2.sdwanyue.com/phalapi/vendor/phalapi/notorm/src/NotORM/Result.php(272): PDOStatement->execute()
#1 /www/wwwroot/taketest2.sdwanyue.com/phalapi/vendor/phalapi/notorm/src/NotORM/Result.php(915): NotORM_Result->query()
#2 /www/wwwroot/taketest2.sdwanyue.com/phalapi/vendor/phalapi/notorm/src/NotORM/Result.php(1000): NotORM_Result->execute()
#3 /www/wwwroot/taketest2.sdwanyue.com/phalapi/src/app/Model/SearchKeyword.php(22): NotORM_Result->fetchAll()
#4 [internal function]: App\Model\SearchKeyword->selectList()
#5 /www/wwwroot/taketest2.sdwanyue.com/phalapi/src/app/Domain/SearchKeyword.php(18): call_user_func_array()
#6 /www/wwwroot/taketest2.sdwanyue.com/phalapi/src/app/Api/Home.php(191): App\Domain\SearchKeyword->__call()
#7 [internal function]: App\Api\Home->home()
#8 /www/wwwroot/taketest2.sdwanyue.com/phalapi/vendor/phalapi/kernal/src/PhalApi.php(53): call_user_func()
#9 /www/wwwroot/taketest2.sdwanyue.com/public/api/index.php(9): PhalApi\PhalApi->response()
#10 {main}
2023-02-15 15:44:59|ERROR|Merchant.Users.GetMerchantTypeList|PDOException: SQLSTATE[42000]: Syntax error or access violation: 1064 You have an error in your SQL syntax; check the manual that corresponds to your MySQL server version for the right syntax to use near ') IS NOT NULL AND id not IS NULL) AND (level <= '2') AND (pid = '1') ORDER BY li' at line 1 in /www/wwwroot/taketest2.sdwanyue.com/phalapi/vendor/phalapi/notorm/src/NotORM/Result.php:272
Stack trace:
#0 /www/wwwroot/taketest2.sdwanyue.com/phalapi/vendor/phalapi/notorm/src/NotORM/Result.php(272): PDOStatement->execute()
#1 /www/wwwroot/taketest2.sdwanyue.com/phalapi/vendor/phalapi/notorm/src/NotORM/Result.php(915): NotORM_Result->query()
#2 /www/wwwroot/taketest2.sdwanyue.com/phalapi/vendor/phalapi/notorm/src/NotORM/Result.php(1000): NotORM_Result->execute()
#3 /www/wwwroot/taketest2.sdwanyue.com/phalapi/src/merchant/Model/MerchantType.php(48): NotORM_Result->fetchAll()
#4 [internal function]: Merchant\Model\MerchantType->notInIdselectList()
#5 /www/wwwroot/taketest2.sdwanyue.com/phalapi/src/merchant/Domain/MerchantType.php(86): call_user_func_array()
#6 /www/wwwroot/taketest2.sdwanyue.com/phalapi/src/merchant/Domain/MerchantType.php(26): Merchant\Domain\MerchantType->__call()
#7 /www/wwwroot/taketest2.sdwanyue.com/phalapi/src/merchant/Api/Users.php(147): Merchant\Domain\MerchantType->getSelectList()
#8 [internal function]: Merchant\Api\Users->getMerchantTypeList()
#9 /www/wwwroot/taketest2.sdwanyue.com/phalapi/vendor/phalapi/kernal/src/PhalApi.php(53): call_user_func()
#10 /www/wwwroot/taketest2.sdwanyue.com/public/api/index.php(9): PhalApi\PhalApi->response()
#11 {main}
2023-02-15 15:45:03|ERROR|Merchant.Users.GetMerchantTypeList|PDOException: SQLSTATE[42000]: Syntax error or access violation: 1064 You have an error in your SQL syntax; check the manual that corresponds to your MySQL server version for the right syntax to use near ') IS NOT NULL AND id not IS NULL) AND (level <= '2') AND (pid = '1') ORDER BY li' at line 1 in /www/wwwroot/taketest2.sdwanyue.com/phalapi/vendor/phalapi/notorm/src/NotORM/Result.php:272
Stack trace:
#0 /www/wwwroot/taketest2.sdwanyue.com/phalapi/vendor/phalapi/notorm/src/NotORM/Result.php(272): PDOStatement->execute()
#1 /www/wwwroot/taketest2.sdwanyue.com/phalapi/vendor/phalapi/notorm/src/NotORM/Result.php(915): NotORM_Result->query()
#2 /www/wwwroot/taketest2.sdwanyue.com/phalapi/vendor/phalapi/notorm/src/NotORM/Result.php(1000): NotORM_Result->execute()
#3 /www/wwwroot/taketest2.sdwanyue.com/phalapi/src/merchant/Model/MerchantType.php(48): NotORM_Result->fetchAll()
#4 [internal function]: Merchant\Model\MerchantType->notInIdselectList()
#5 /www/wwwroot/taketest2.sdwanyue.com/phalapi/src/merchant/Domain/MerchantType.php(86): call_user_func_array()
#6 /www/wwwroot/taketest2.sdwanyue.com/phalapi/src/merchant/Domain/MerchantType.php(26): Merchant\Domain\MerchantType->__call()
#7 /www/wwwroot/taketest2.sdwanyue.com/phalapi/src/merchant/Api/Users.php(147): Merchant\Domain\MerchantType->getSelectList()
#8 [internal function]: Merchant\Api\Users->getMerchantTypeList()
#9 /www/wwwroot/taketest2.sdwanyue.com/phalapi/vendor/phalapi/kernal/src/PhalApi.php(53): call_user_func()
#10 /www/wwwroot/taketest2.sdwanyue.com/public/api/index.php(9): PhalApi\PhalApi->response()
#11 {main}
2023-02-15 15:45:15|ERROR|Merchant.Users.GetMerchantTypeList|PDOException: SQLSTATE[42000]: Syntax error or access violation: 1064 You have an error in your SQL syntax; check the manual that corresponds to your MySQL server version for the right syntax to use near ') IS NOT NULL AND id not IS NULL) AND (level <= '2') AND (pid = '1') ORDER BY li' at line 1 in /www/wwwroot/taketest2.sdwanyue.com/phalapi/vendor/phalapi/notorm/src/NotORM/Result.php:272
Stack trace:
#0 /www/wwwroot/taketest2.sdwanyue.com/phalapi/vendor/phalapi/notorm/src/NotORM/Result.php(272): PDOStatement->execute()
#1 /www/wwwroot/taketest2.sdwanyue.com/phalapi/vendor/phalapi/notorm/src/NotORM/Result.php(915): NotORM_Result->query()
#2 /www/wwwroot/taketest2.sdwanyue.com/phalapi/vendor/phalapi/notorm/src/NotORM/Result.php(1000): NotORM_Result->execute()
#3 /www/wwwroot/taketest2.sdwanyue.com/phalapi/src/merchant/Model/MerchantType.php(48): NotORM_Result->fetchAll()
#4 [internal function]: Merchant\Model\MerchantType->notInIdselectList()
#5 /www/wwwroot/taketest2.sdwanyue.com/phalapi/src/merchant/Domain/MerchantType.php(86): call_user_func_array()
#6 /www/wwwroot/taketest2.sdwanyue.com/phalapi/src/merchant/Domain/MerchantType.php(26): Merchant\Domain\MerchantType->__call()
#7 /www/wwwroot/taketest2.sdwanyue.com/phalapi/src/merchant/Api/Users.php(147): Merchant\Domain\MerchantType->getSelectList()
#8 [internal function]: Merchant\Api\Users->getMerchantTypeList()
#9 /www/wwwroot/taketest2.sdwanyue.com/phalapi/vendor/phalapi/kernal/src/PhalApi.php(53): call_user_func()
#10 /www/wwwroot/taketest2.sdwanyue.com/public/api/index.php(9): PhalApi\PhalApi->response()
#11 {main}
2023-02-15 15:45:18|ERROR|Merchant.Users.GetMerchantTypeList|PDOException: SQLSTATE[42000]: Syntax error or access violation: 1064 You have an error in your SQL syntax; check the manual that corresponds to your MySQL server version for the right syntax to use near ') IS NOT NULL AND id not IS NULL) AND (level <= '2') AND (pid = '1') ORDER BY li' at line 1 in /www/wwwroot/taketest2.sdwanyue.com/phalapi/vendor/phalapi/notorm/src/NotORM/Result.php:272
Stack trace:
#0 /www/wwwroot/taketest2.sdwanyue.com/phalapi/vendor/phalapi/notorm/src/NotORM/Result.php(272): PDOStatement->execute()
#1 /www/wwwroot/taketest2.sdwanyue.com/phalapi/vendor/phalapi/notorm/src/NotORM/Result.php(915): NotORM_Result->query()
#2 /www/wwwroot/taketest2.sdwanyue.com/phalapi/vendor/phalapi/notorm/src/NotORM/Result.php(1000): NotORM_Result->execute()
#3 /www/wwwroot/taketest2.sdwanyue.com/phalapi/src/merchant/Model/MerchantType.php(48): NotORM_Result->fetchAll()
#4 [internal function]: Merchant\Model\MerchantType->notInIdselectList()
#5 /www/wwwroot/taketest2.sdwanyue.com/phalapi/src/merchant/Domain/MerchantType.php(86): call_user_func_array()
#6 /www/wwwroot/taketest2.sdwanyue.com/phalapi/src/merchant/Domain/MerchantType.php(26): Merchant\Domain\MerchantType->__call()
#7 /www/wwwroot/taketest2.sdwanyue.com/phalapi/src/merchant/Api/Users.php(147): Merchant\Domain\MerchantType->getSelectList()
#8 [internal function]: Merchant\Api\Users->getMerchantTypeList()
#9 /www/wwwroot/taketest2.sdwanyue.com/phalapi/vendor/phalapi/kernal/src/PhalApi.php(53): call_user_func()
#10 /www/wwwroot/taketest2.sdwanyue.com/public/api/index.php(9): PhalApi\PhalApi->response()
#11 {main}
2023-02-15 15:54:32|ERROR|Merchant.Users.GetMerchantTypeList|PDOException: SQLSTATE[42000]: Syntax error or access violation: 1064 You have an error in your SQL syntax; check the manual that corresponds to your MySQL server version for the right syntax to use near ') IS NOT NULL AND id not IS NULL) AND (level <= '2') AND (pid = '1') ORDER BY li' at line 1 in /www/wwwroot/taketest2.sdwanyue.com/phalapi/vendor/phalapi/notorm/src/NotORM/Result.php:272
Stack trace:
#0 /www/wwwroot/taketest2.sdwanyue.com/phalapi/vendor/phalapi/notorm/src/NotORM/Result.php(272): PDOStatement->execute()
#1 /www/wwwroot/taketest2.sdwanyue.com/phalapi/vendor/phalapi/notorm/src/NotORM/Result.php(915): NotORM_Result->query()
#2 /www/wwwroot/taketest2.sdwanyue.com/phalapi/vendor/phalapi/notorm/src/NotORM/Result.php(1000): NotORM_Result->execute()
#3 /www/wwwroot/taketest2.sdwanyue.com/phalapi/src/merchant/Model/MerchantType.php(48): NotORM_Result->fetchAll()
#4 [internal function]: Merchant\Model\MerchantType->notInIdselectList()
#5 /www/wwwroot/taketest2.sdwanyue.com/phalapi/src/merchant/Domain/MerchantType.php(86): call_user_func_array()
#6 /www/wwwroot/taketest2.sdwanyue.com/phalapi/src/merchant/Domain/MerchantType.php(26): Merchant\Domain\MerchantType->__call()
#7 /www/wwwroot/taketest2.sdwanyue.com/phalapi/src/merchant/Api/Users.php(147): Merchant\Domain\MerchantType->getSelectList()
#8 [internal function]: Merchant\Api\Users->getMerchantTypeList()
#9 /www/wwwroot/taketest2.sdwanyue.com/phalapi/vendor/phalapi/kernal/src/PhalApi.php(53): call_user_func()
#10 /www/wwwroot/taketest2.sdwanyue.com/public/api/index.php(9): PhalApi\PhalApi->response()
#11 {main}
2023-02-15 15:54:35|ERROR|Merchant.Users.GetMerchantTypeList|PDOException: SQLSTATE[42000]: Syntax error or access violation: 1064 You have an error in your SQL syntax; check the manual that corresponds to your MySQL server version for the right syntax to use near ') IS NOT NULL AND id not IS NULL) AND (level <= '2') AND (pid = '1') ORDER BY li' at line 1 in /www/wwwroot/taketest2.sdwanyue.com/phalapi/vendor/phalapi/notorm/src/NotORM/Result.php:272
Stack trace:
#0 /www/wwwroot/taketest2.sdwanyue.com/phalapi/vendor/phalapi/notorm/src/NotORM/Result.php(272): PDOStatement->execute()
#1 /www/wwwroot/taketest2.sdwanyue.com/phalapi/vendor/phalapi/notorm/src/NotORM/Result.php(915): NotORM_Result->query()
#2 /www/wwwroot/taketest2.sdwanyue.com/phalapi/vendor/phalapi/notorm/src/NotORM/Result.php(1000): NotORM_Result->execute()
#3 /www/wwwroot/taketest2.sdwanyue.com/phalapi/src/merchant/Model/MerchantType.php(48): NotORM_Result->fetchAll()
#4 [internal function]: Merchant\Model\MerchantType->notInIdselectList()
#5 /www/wwwroot/taketest2.sdwanyue.com/phalapi/src/merchant/Domain/MerchantType.php(86): call_user_func_array()
#6 /www/wwwroot/taketest2.sdwanyue.com/phalapi/src/merchant/Domain/MerchantType.php(26): Merchant\Domain\MerchantType->__call()
#7 /www/wwwroot/taketest2.sdwanyue.com/phalapi/src/merchant/Api/Users.php(147): Merchant\Domain\MerchantType->getSelectList()
#8 [internal function]: Merchant\Api\Users->getMerchantTypeList()
#9 /www/wwwroot/taketest2.sdwanyue.com/phalapi/vendor/phalapi/kernal/src/PhalApi.php(53): call_user_func()
#10 /www/wwwroot/taketest2.sdwanyue.com/public/api/index.php(9): PhalApi\PhalApi->response()
#11 {main}
2023-02-15 15:54:39|ERROR|Merchant.Users.GetMerchantTypeList|PDOException: SQLSTATE[42000]: Syntax error or access violation: 1064 You have an error in your SQL syntax; check the manual that corresponds to your MySQL server version for the right syntax to use near ') IS NOT NULL AND id not IS NULL) AND (level <= '2') AND (pid = '1') ORDER BY li' at line 1 in /www/wwwroot/taketest2.sdwanyue.com/phalapi/vendor/phalapi/notorm/src/NotORM/Result.php:272
Stack trace:
#0 /www/wwwroot/taketest2.sdwanyue.com/phalapi/vendor/phalapi/notorm/src/NotORM/Result.php(272): PDOStatement->execute()
#1 /www/wwwroot/taketest2.sdwanyue.com/phalapi/vendor/phalapi/notorm/src/NotORM/Result.php(915): NotORM_Result->query()
#2 /www/wwwroot/taketest2.sdwanyue.com/phalapi/vendor/phalapi/notorm/src/NotORM/Result.php(1000): NotORM_Result->execute()
#3 /www/wwwroot/taketest2.sdwanyue.com/phalapi/src/merchant/Model/MerchantType.php(48): NotORM_Result->fetchAll()
#4 [internal function]: Merchant\Model\MerchantType->notInIdselectList()
#5 /www/wwwroot/taketest2.sdwanyue.com/phalapi/src/merchant/Domain/MerchantType.php(86): call_user_func_array()
#6 /www/wwwroot/taketest2.sdwanyue.com/phalapi/src/merchant/Domain/MerchantType.php(26): Merchant\Domain\MerchantType->__call()
#7 /www/wwwroot/taketest2.sdwanyue.com/phalapi/src/merchant/Api/Users.php(147): Merchant\Domain\MerchantType->getSelectList()
#8 [internal function]: Merchant\Api\Users->getMerchantTypeList()
#9 /www/wwwroot/taketest2.sdwanyue.com/phalapi/vendor/phalapi/kernal/src/PhalApi.php(53): call_user_func()
#10 /www/wwwroot/taketest2.sdwanyue.com/public/api/index.php(9): PhalApi\PhalApi->response()
#11 {main}
2023-02-15 16:09:57|ERROR|Merchant.Users.GetMerchantTypeList|PDOException: SQLSTATE[42000]: Syntax error or access violation: 1064 You have an error in your SQL syntax; check the manual that corresponds to your MySQL server version for the right syntax to use near ') IS NOT NULL AND id not IS NULL) AND (level <= '2') AND (pid = '1') ORDER BY li' at line 1 in /www/wwwroot/taketest2.sdwanyue.com/phalapi/vendor/phalapi/notorm/src/NotORM/Result.php:272
Stack trace:
#0 /www/wwwroot/taketest2.sdwanyue.com/phalapi/vendor/phalapi/notorm/src/NotORM/Result.php(272): PDOStatement->execute()
#1 /www/wwwroot/taketest2.sdwanyue.com/phalapi/vendor/phalapi/notorm/src/NotORM/Result.php(915): NotORM_Result->query()
#2 /www/wwwroot/taketest2.sdwanyue.com/phalapi/vendor/phalapi/notorm/src/NotORM/Result.php(1000): NotORM_Result->execute()
#3 /www/wwwroot/taketest2.sdwanyue.com/phalapi/src/merchant/Model/MerchantType.php(48): NotORM_Result->fetchAll()
#4 [internal function]: Merchant\Model\MerchantType->notInIdselectList()
#5 /www/wwwroot/taketest2.sdwanyue.com/phalapi/src/merchant/Domain/MerchantType.php(86): call_user_func_array()
#6 /www/wwwroot/taketest2.sdwanyue.com/phalapi/src/merchant/Domain/MerchantType.php(26): Merchant\Domain\MerchantType->__call()
#7 /www/wwwroot/taketest2.sdwanyue.com/phalapi/src/merchant/Api/Users.php(147): Merchant\Domain\MerchantType->getSelectList()
#8 [internal function]: Merchant\Api\Users->getMerchantTypeList()
#9 /www/wwwroot/taketest2.sdwanyue.com/phalapi/vendor/phalapi/kernal/src/PhalApi.php(53): call_user_func()
#10 /www/wwwroot/taketest2.sdwanyue.com/public/api/index.php(9): PhalApi\PhalApi->response()
#11 {main}
2023-02-15 16:10:36|ERROR|Merchant.Users.GetMerchantTypeList|PDOException: SQLSTATE[42000]: Syntax error or access violation: 1064 You have an error in your SQL syntax; check the manual that corresponds to your MySQL server version for the right syntax to use near ') IS NOT NULL AND id not IS NULL) AND (level <= '2') AND (pid = '1') ORDER BY li' at line 1 in /www/wwwroot/taketest2.sdwanyue.com/phalapi/vendor/phalapi/notorm/src/NotORM/Result.php:272
Stack trace:
#0 /www/wwwroot/taketest2.sdwanyue.com/phalapi/vendor/phalapi/notorm/src/NotORM/Result.php(272): PDOStatement->execute()
#1 /www/wwwroot/taketest2.sdwanyue.com/phalapi/vendor/phalapi/notorm/src/NotORM/Result.php(915): NotORM_Result->query()
#2 /www/wwwroot/taketest2.sdwanyue.com/phalapi/vendor/phalapi/notorm/src/NotORM/Result.php(1000): NotORM_Result->execute()
#3 /www/wwwroot/taketest2.sdwanyue.com/phalapi/src/merchant/Model/MerchantType.php(48): NotORM_Result->fetchAll()
#4 [internal function]: Merchant\Model\MerchantType->notInIdselectList()
#5 /www/wwwroot/taketest2.sdwanyue.com/phalapi/src/merchant/Domain/MerchantType.php(86): call_user_func_array()
#6 /www/wwwroot/taketest2.sdwanyue.com/phalapi/src/merchant/Domain/MerchantType.php(26): Merchant\Domain\MerchantType->__call()
#7 /www/wwwroot/taketest2.sdwanyue.com/phalapi/src/merchant/Api/Users.php(147): Merchant\Domain\MerchantType->getSelectList()
#8 [internal function]: Merchant\Api\Users->getMerchantTypeList()
#9 /www/wwwroot/taketest2.sdwanyue.com/phalapi/vendor/phalapi/kernal/src/PhalApi.php(53): call_user_func()
#10 /www/wwwroot/taketest2.sdwanyue.com/public/api/index.php(9): PhalApi\PhalApi->response()
#11 {main}
2023-02-15 16:14:27|ERROR|Merchant.Users.GetMerchantTypeList|PDOException: SQLSTATE[42000]: Syntax error or access violation: 1064 You have an error in your SQL syntax; check the manual that corresponds to your MySQL server version for the right syntax to use near ') IS NOT NULL AND id not IS NULL) AND (level <= '2') AND (pid = '1') ORDER BY li' at line 1 in /www/wwwroot/taketest2.sdwanyue.com/phalapi/vendor/phalapi/notorm/src/NotORM/Result.php:272
Stack trace:
#0 /www/wwwroot/taketest2.sdwanyue.com/phalapi/vendor/phalapi/notorm/src/NotORM/Result.php(272): PDOStatement->execute()
#1 /www/wwwroot/taketest2.sdwanyue.com/phalapi/vendor/phalapi/notorm/src/NotORM/Result.php(915): NotORM_Result->query()
#2 /www/wwwroot/taketest2.sdwanyue.com/phalapi/vendor/phalapi/notorm/src/NotORM/Result.php(1000): NotORM_Result->execute()
#3 /www/wwwroot/taketest2.sdwanyue.com/phalapi/src/merchant/Model/MerchantType.php(48): NotORM_Result->fetchAll()
#4 [internal function]: Merchant\Model\MerchantType->notInIdselectList()
#5 /www/wwwroot/taketest2.sdwanyue.com/phalapi/src/merchant/Domain/MerchantType.php(86): call_user_func_array()
#6 /www/wwwroot/taketest2.sdwanyue.com/phalapi/src/merchant/Domain/MerchantType.php(26): Merchant\Domain\MerchantType->__call()
#7 /www/wwwroot/taketest2.sdwanyue.com/phalapi/src/merchant/Api/Users.php(147): Merchant\Domain\MerchantType->getSelectList()
#8 [internal function]: Merchant\Api\Users->getMerchantTypeList()
#9 /www/wwwroot/taketest2.sdwanyue.com/phalapi/vendor/phalapi/kernal/src/PhalApi.php(53): call_user_func()
#10 /www/wwwroot/taketest2.sdwanyue.com/public/api/index.php(9): PhalApi\PhalApi->response()
#11 {main}
2023-02-15 16:14:37|ERROR|Merchant.Users.GetMerchantTypeList|PDOException: SQLSTATE[42000]: Syntax error or access violation: 1064 You have an error in your SQL syntax; check the manual that corresponds to your MySQL server version for the right syntax to use near ') IS NOT NULL AND id not IS NULL) AND (level <= '2') AND (pid = '1') ORDER BY li' at line 1 in /www/wwwroot/taketest2.sdwanyue.com/phalapi/vendor/phalapi/notorm/src/NotORM/Result.php:272
Stack trace:
#0 /www/wwwroot/taketest2.sdwanyue.com/phalapi/vendor/phalapi/notorm/src/NotORM/Result.php(272): PDOStatement->execute()
#1 /www/wwwroot/taketest2.sdwanyue.com/phalapi/vendor/phalapi/notorm/src/NotORM/Result.php(915): NotORM_Result->query()
#2 /www/wwwroot/taketest2.sdwanyue.com/phalapi/vendor/phalapi/notorm/src/NotORM/Result.php(1000): NotORM_Result->execute()
#3 /www/wwwroot/taketest2.sdwanyue.com/phalapi/src/merchant/Model/MerchantType.php(48): NotORM_Result->fetchAll()
#4 [internal function]: Merchant\Model\MerchantType->notInIdselectList()
#5 /www/wwwroot/taketest2.sdwanyue.com/phalapi/src/merchant/Domain/MerchantType.php(86): call_user_func_array()
#6 /www/wwwroot/taketest2.sdwanyue.com/phalapi/src/merchant/Domain/MerchantType.php(26): Merchant\Domain\MerchantType->__call()
#7 /www/wwwroot/taketest2.sdwanyue.com/phalapi/src/merchant/Api/Users.php(147): Merchant\Domain\MerchantType->getSelectList()
#8 [internal function]: Merchant\Api\Users->getMerchantTypeList()
#9 /www/wwwroot/taketest2.sdwanyue.com/phalapi/vendor/phalapi/kernal/src/PhalApi.php(53): call_user_func()
#10 /www/wwwroot/taketest2.sdwanyue.com/public/api/index.php(9): PhalApi\PhalApi->response()
#11 {main}
2023-02-15 16:58:57|ERROR|Merchant.Users.GetMerchantTypeList|PDOException: SQLSTATE[42000]: Syntax error or access violation: 1064 You have an error in your SQL syntax; check the manual that corresponds to your MySQL server version for the right syntax to use near ') IS NOT NULL AND id not IS NULL) AND (level <= '2') AND (pid = '1') ORDER BY li' at line 1 in /www/wwwroot/taketest2.sdwanyue.com/phalapi/vendor/phalapi/notorm/src/NotORM/Result.php:272
Stack trace:
#0 /www/wwwroot/taketest2.sdwanyue.com/phalapi/vendor/phalapi/notorm/src/NotORM/Result.php(272): PDOStatement->execute()
#1 /www/wwwroot/taketest2.sdwanyue.com/phalapi/vendor/phalapi/notorm/src/NotORM/Result.php(915): NotORM_Result->query()
#2 /www/wwwroot/taketest2.sdwanyue.com/phalapi/vendor/phalapi/notorm/src/NotORM/Result.php(1000): NotORM_Result->execute()
#3 /www/wwwroot/taketest2.sdwanyue.com/phalapi/src/merchant/Model/MerchantType.php(48): NotORM_Result->fetchAll()
#4 [internal function]: Merchant\Model\MerchantType->notInIdselectList()
#5 /www/wwwroot/taketest2.sdwanyue.com/phalapi/src/merchant/Domain/MerchantType.php(86): call_user_func_array()
#6 /www/wwwroot/taketest2.sdwanyue.com/phalapi/src/merchant/Domain/MerchantType.php(26): Merchant\Domain\MerchantType->__call()
#7 /www/wwwroot/taketest2.sdwanyue.com/phalapi/src/merchant/Api/Users.php(147): Merchant\Domain\MerchantType->getSelectList()
#8 [internal function]: Merchant\Api\Users->getMerchantTypeList()
#9 /www/wwwroot/taketest2.sdwanyue.com/phalapi/vendor/phalapi/kernal/src/PhalApi.php(53): call_user_func()
#10 /www/wwwroot/taketest2.sdwanyue.com/public/api/index.php(9): PhalApi\PhalApi->response()
#11 {main}
2023-02-15 16:59:01|ERROR|Merchant.Users.GetMerchantTypeList|PDOException: SQLSTATE[42000]: Syntax error or access violation: 1064 You have an error in your SQL syntax; check the manual that corresponds to your MySQL server version for the right syntax to use near ') IS NOT NULL AND id not IS NULL) AND (level <= '2') AND (pid = '1') ORDER BY li' at line 1 in /www/wwwroot/taketest2.sdwanyue.com/phalapi/vendor/phalapi/notorm/src/NotORM/Result.php:272
Stack trace:
#0 /www/wwwroot/taketest2.sdwanyue.com/phalapi/vendor/phalapi/notorm/src/NotORM/Result.php(272): PDOStatement->execute()
#1 /www/wwwroot/taketest2.sdwanyue.com/phalapi/vendor/phalapi/notorm/src/NotORM/Result.php(915): NotORM_Result->query()
#2 /www/wwwroot/taketest2.sdwanyue.com/phalapi/vendor/phalapi/notorm/src/NotORM/Result.php(1000): NotORM_Result->execute()
#3 /www/wwwroot/taketest2.sdwanyue.com/phalapi/src/merchant/Model/MerchantType.php(48): NotORM_Result->fetchAll()
#4 [internal function]: Merchant\Model\MerchantType->notInIdselectList()
#5 /www/wwwroot/taketest2.sdwanyue.com/phalapi/src/merchant/Domain/MerchantType.php(86): call_user_func_array()
#6 /www/wwwroot/taketest2.sdwanyue.com/phalapi/src/merchant/Domain/MerchantType.php(26): Merchant\Domain\MerchantType->__call()
#7 /www/wwwroot/taketest2.sdwanyue.com/phalapi/src/merchant/Api/Users.php(147): Merchant\Domain\MerchantType->getSelectList()
#8 [internal function]: Merchant\Api\Users->getMerchantTypeList()
#9 /www/wwwroot/taketest2.sdwanyue.com/phalapi/vendor/phalapi/kernal/src/PhalApi.php(53): call_user_func()
#10 /www/wwwroot/taketest2.sdwanyue.com/public/api/index.php(9): PhalApi\PhalApi->response()
#11 {main}
2023-02-15 16:59:47|ERROR|Merchant.Users.GetMerchantTypeList|PDOException: SQLSTATE[42000]: Syntax error or access violation: 1064 You have an error in your SQL syntax; check the manual that corresponds to your MySQL server version for the right syntax to use near ') IS NOT NULL AND id not IS NULL) AND (level <= '2') AND (pid = '1') ORDER BY li' at line 1 in /www/wwwroot/taketest2.sdwanyue.com/phalapi/vendor/phalapi/notorm/src/NotORM/Result.php:272
Stack trace:
#0 /www/wwwroot/taketest2.sdwanyue.com/phalapi/vendor/phalapi/notorm/src/NotORM/Result.php(272): PDOStatement->execute()
#1 /www/wwwroot/taketest2.sdwanyue.com/phalapi/vendor/phalapi/notorm/src/NotORM/Result.php(915): NotORM_Result->query()
#2 /www/wwwroot/taketest2.sdwanyue.com/phalapi/vendor/phalapi/notorm/src/NotORM/Result.php(1000): NotORM_Result->execute()
#3 /www/wwwroot/taketest2.sdwanyue.com/phalapi/src/merchant/Model/MerchantType.php(48): NotORM_Result->fetchAll()
#4 [internal function]: Merchant\Model\MerchantType->notInIdselectList()
#5 /www/wwwroot/taketest2.sdwanyue.com/phalapi/src/merchant/Domain/MerchantType.php(86): call_user_func_array()
#6 /www/wwwroot/taketest2.sdwanyue.com/phalapi/src/merchant/Domain/MerchantType.php(26): Merchant\Domain\MerchantType->__call()
#7 /www/wwwroot/taketest2.sdwanyue.com/phalapi/src/merchant/Api/Users.php(147): Merchant\Domain\MerchantType->getSelectList()
#8 [internal function]: Merchant\Api\Users->getMerchantTypeList()
#9 /www/wwwroot/taketest2.sdwanyue.com/phalapi/vendor/phalapi/kernal/src/PhalApi.php(53): call_user_func()
#10 /www/wwwroot/taketest2.sdwanyue.com/public/api/index.php(9): PhalApi\PhalApi->response()
#11 {main}
2023-02-15 17:01:18|ERROR|Merchant.Users.GetMerchantTypeList|PDOException: SQLSTATE[42000]: Syntax error or access violation: 1064 You have an error in your SQL syntax; check the manual that corresponds to your MySQL server version for the right syntax to use near ') IS NOT NULL AND id not IS NULL) AND (level <= '2') AND (pid = '1') ORDER BY li' at line 1 in /www/wwwroot/taketest2.sdwanyue.com/phalapi/vendor/phalapi/notorm/src/NotORM/Result.php:272
Stack trace:
#0 /www/wwwroot/taketest2.sdwanyue.com/phalapi/vendor/phalapi/notorm/src/NotORM/Result.php(272): PDOStatement->execute()
#1 /www/wwwroot/taketest2.sdwanyue.com/phalapi/vendor/phalapi/notorm/src/NotORM/Result.php(915): NotORM_Result->query()
#2 /www/wwwroot/taketest2.sdwanyue.com/phalapi/vendor/phalapi/notorm/src/NotORM/Result.php(1000): NotORM_Result->execute()
#3 /www/wwwroot/taketest2.sdwanyue.com/phalapi/src/merchant/Model/MerchantType.php(48): NotORM_Result->fetchAll()
#4 [internal function]: Merchant\Model\MerchantType->notInIdselectList()
#5 /www/wwwroot/taketest2.sdwanyue.com/phalapi/src/merchant/Domain/MerchantType.php(86): call_user_func_array()
#6 /www/wwwroot/taketest2.sdwanyue.com/phalapi/src/merchant/Domain/MerchantType.php(26): Merchant\Domain\MerchantType->__call()
#7 /www/wwwroot/taketest2.sdwanyue.com/phalapi/src/merchant/Api/Users.php(147): Merchant\Domain\MerchantType->getSelectList()
#8 [internal function]: Merchant\Api\Users->getMerchantTypeList()
#9 /www/wwwroot/taketest2.sdwanyue.com/phalapi/vendor/phalapi/kernal/src/PhalApi.php(53): call_user_func()
#10 /www/wwwroot/taketest2.sdwanyue.com/public/api/index.php(9): PhalApi\PhalApi->response()
#11 {main}
2023-02-15 17:07:11|ERROR|Merchant.Users.GetMerchantTypeList|PDOException: SQLSTATE[42000]: Syntax error or access violation: 1064 You have an error in your SQL syntax; check the manual that corresponds to your MySQL server version for the right syntax to use near ') IS NOT NULL AND id not IS NULL) AND (level <= '2') AND (pid = '1') ORDER BY li' at line 1 in /www/wwwroot/taketest2.sdwanyue.com/phalapi/vendor/phalapi/notorm/src/NotORM/Result.php:272
Stack trace:
#0 /www/wwwroot/taketest2.sdwanyue.com/phalapi/vendor/phalapi/notorm/src/NotORM/Result.php(272): PDOStatement->execute()
#1 /www/wwwroot/taketest2.sdwanyue.com/phalapi/vendor/phalapi/notorm/src/NotORM/Result.php(915): NotORM_Result->query()
#2 /www/wwwroot/taketest2.sdwanyue.com/phalapi/vendor/phalapi/notorm/src/NotORM/Result.php(1000): NotORM_Result->execute()
#3 /www/wwwroot/taketest2.sdwanyue.com/phalapi/src/merchant/Model/MerchantType.php(48): NotORM_Result->fetchAll()
#4 [internal function]: Merchant\Model\MerchantType->notInIdselectList()
#5 /www/wwwroot/taketest2.sdwanyue.com/phalapi/src/merchant/Domain/MerchantType.php(86): call_user_func_array()
#6 /www/wwwroot/taketest2.sdwanyue.com/phalapi/src/merchant/Domain/MerchantType.php(26): Merchant\Domain\MerchantType->__call()
#7 /www/wwwroot/taketest2.sdwanyue.com/phalapi/src/merchant/Api/Users.php(147): Merchant\Domain\MerchantType->getSelectList()
#8 [internal function]: Merchant\Api\Users->getMerchantTypeList()
#9 /www/wwwroot/taketest2.sdwanyue.com/phalapi/vendor/phalapi/kernal/src/PhalApi.php(53): call_user_func()
#10 /www/wwwroot/taketest2.sdwanyue.com/public/api/index.php(9): PhalApi\PhalApi->response()
#11 {main}
2023-02-15 17:19:00|ERROR|Merchant.Users.GetMerchantTypeList|PDOException: SQLSTATE[42000]: Syntax error or access violation: 1064 You have an error in your SQL syntax; check the manual that corresponds to your MySQL server version for the right syntax to use near ') IS NOT NULL AND id not IS NULL) AND (level <= '2') AND (pid = '1') ORDER BY li' at line 1 in /www/wwwroot/taketest2.sdwanyue.com/phalapi/vendor/phalapi/notorm/src/NotORM/Result.php:272
Stack trace:
#0 /www/wwwroot/taketest2.sdwanyue.com/phalapi/vendor/phalapi/notorm/src/NotORM/Result.php(272): PDOStatement->execute()
#1 /www/wwwroot/taketest2.sdwanyue.com/phalapi/vendor/phalapi/notorm/src/NotORM/Result.php(915): NotORM_Result->query()
#2 /www/wwwroot/taketest2.sdwanyue.com/phalapi/vendor/phalapi/notorm/src/NotORM/Result.php(1000): NotORM_Result->execute()
#3 /www/wwwroot/taketest2.sdwanyue.com/phalapi/src/merchant/Model/MerchantType.php(48): NotORM_Result->fetchAll()
#4 [internal function]: Merchant\Model\MerchantType->notInIdselectList()
#5 /www/wwwroot/taketest2.sdwanyue.com/phalapi/src/merchant/Domain/MerchantType.php(86): call_user_func_array()
#6 /www/wwwroot/taketest2.sdwanyue.com/phalapi/src/merchant/Domain/MerchantType.php(26): Merchant\Domain\MerchantType->__call()
#7 /www/wwwroot/taketest2.sdwanyue.com/phalapi/src/merchant/Api/Users.php(147): Merchant\Domain\MerchantType->getSelectList()
#8 [internal function]: Merchant\Api\Users->getMerchantTypeList()
#9 /www/wwwroot/taketest2.sdwanyue.com/phalapi/vendor/phalapi/kernal/src/PhalApi.php(53): call_user_func()
#10 /www/wwwroot/taketest2.sdwanyue.com/public/api/index.php(9): PhalApi\PhalApi->response()
#11 {main}
