---------------------------------------------------------------

[2023-09-03T07:27:58+08:00] 106.55.202.186 GET kyhospital.sdwanyue.com/
[运行时间：0.037910s] [吞吐率：26.38req/s] [内存消耗：1,007.23kb] [文件加载：100]
[ info ] [ LANG ] /www/wwwroot/kyhospital.sdwanyue.com/kyhospital.sdwanyue.com/vendor/thinkphp/lang/zh-cn.php
[ info ] [ DB ] INIT mysql
[ info ] [ LANG ] /www/wwwroot/kyhospital.sdwanyue.com/kyhospital.sdwanyue.com/vendor/thinkcmf/cmf/src/behavior/../lang/zh-cn.php
[ info ] [ LANG ] /www/wwwroot/kyhospital.sdwanyue.com/kyhospital.sdwanyue.com/vendor/thinkcmf/cmf-app/src/admin/lang/zh-cn.php
[ info ] [ LANG ] /www/wwwroot/kyhospital.sdwanyue.com/kyhospital.sdwanyue.com/vendor/thinkcmf/cmf-app/src/admin/lang/zh-cn/common.php
[ info ] [ LANG ] /www/wwwroot/kyhospital.sdwanyue.com/kyhospital.sdwanyue.com/vendor/thinkcmf/cmf-app/src/user/lang/zh-cn.php
[ info ] [ ROUTE ] array (
)
[ info ] [ HEADER ] array (
  'host' => 'kyhospital.sdwanyue.com',
  'accept-encoding' => 'gzip, deflate, br, zstd',
  'user-agent' => 'Mozilla/5.0 (Windows NT 10.0; Win64; x64) AppleWebKit/537.36 (KHTML, like Gecko) Chrome/109.0.0.0 Safari/537.36',
  'accept-language' => 'en',
  'accept' => 'text/html,application/xhtml+xml,application/xml;q=0.9,*/*;q=0.8',
  'content-type' => '',
  'content-length' => '',
)
[ info ] [ PARAM ] array (
)
[ sql ] [ DB ] CONNECT:[ UseTime:0.000414s ] mysql:host=127.0.0.1;port=3306;dbname=kyhospital_sdwan;charset=utf8mb4
[ sql ] [ SQL ] SHOW COLUMNS FROM `cmf_hook` [ RunTime:0.001766s ]
[ sql ] [ SQL ] SELECT `hook` FROM `cmf_hook` WHERE  `type` = 1 OR (  `type` = 3  AND ( `app` = '' or `app` = 'cmf' ) ) [ RunTime:0.000333s ]
[ sql ] [ EXPLAIN : array (
  'id' => 1,
  'select_type' => 'SIMPLE',
  'table' => 'cmf_hook',
  'type' => 'ALL',
  'possible_keys' => NULL,
  'key' => NULL,
  'key_len' => NULL,
  'ref' => NULL,
  'rows' => 56,
  'extra' => 'Using where',
) ]
[ sql ] [ SQL ] SHOW COLUMNS FROM `cmf_hook_plugin` [ RunTime:0.001569s ]
[ sql ] [ SQL ] SELECT `hook`,`plugin` FROM `cmf_hook_plugin` WHERE  `status` = 1  AND `hook` IN ('app_begin','module_init','action_begin','view_filter','app_end','log_write','response_end','admin_init','home_init','send_mobile_verification_code','body_start','before_head_end','footer_start','before_footer','before_footer_end','before_body_end','left_sidebar_start','before_left_sidebar_end','right_sidebar_start','before_right_sidebar_end','comment','guestbook','switch_theme','after_content','before_content','log_write_done','switch_admin_theme','captcha_image') ORDER BY `list_order` ASC [ RunTime:0.000381s ]
[ sql ] [ EXPLAIN : array (
  'id' => 1,
  'select_type' => 'SIMPLE',
  'table' => 'cmf_hook_plugin',
  'type' => 'ALL',
  'possible_keys' => NULL,
  'key' => NULL,
  'key_len' => NULL,
  'ref' => NULL,
  'rows' => 1,
  'extra' => 'Using where; Using filesort',
) ]
[ sql ] [ SQL ] SHOW COLUMNS FROM `cmf_option` [ RunTime:0.001544s ]
[ sql ] [ SQL ] SELECT `option_value` FROM `cmf_option` WHERE  `option_name` = 'cdn_settings' LIMIT 1 [ RunTime:0.000210s ]
[ sql ] [ EXPLAIN : array (
  'id' => 1,
  'select_type' => 'SIMPLE',
  'table' => NULL,
  'type' => NULL,
  'possible_keys' => NULL,
  'key' => NULL,
  'key_len' => NULL,
  'ref' => NULL,
  'rows' => NULL,
  'extra' => 'Impossible WHERE noticed after reading const tables',
) ]
[ sql ] [ SQL ] SELECT `option_value` FROM `cmf_option` WHERE  `option_name` = 'site_info' LIMIT 1 [ RunTime:0.000199s ]
[ sql ] [ EXPLAIN : array (
  'id' => 1,
  'select_type' => 'SIMPLE',
  'table' => 'cmf_option',
  'type' => 'const',
  'possible_keys' => 'option_name',
  'key' => 'option_name',
  'key_len' => '258',
  'ref' => 'const',
  'rows' => 1,
  'extra' => NULL,
) ]
[ sql ] [ SQL ] SHOW COLUMNS FROM `cmf_theme_file` [ RunTime:0.001712s ]
[ sql ] [ SQL ] SELECT * FROM `cmf_theme_file` WHERE  `theme` = 'default' [ RunTime:0.000234s ]
[ sql ] [ EXPLAIN : array (
  'id' => 1,
  'select_type' => 'SIMPLE',
  'table' => 'cmf_theme_file',
  'type' => 'ALL',
  'possible_keys' => NULL,
  'key' => NULL,
  'key_len' => NULL,
  'ref' => NULL,
  'rows' => 1,
  'extra' => 'Using where',
) ]
[ sql ] [ SQL ] SHOW COLUMNS FROM `cmf_theme` [ RunTime:0.001493s ]
[ sql ] [ SQL ] UPDATE `cmf_theme`  SET `name` = 'default' , `version` = '1.0.0' , `demo_url` = 'http://demo.thinkcmf.com' , `author` = 'ThinkCMF' , `lang` = 'zh-cn' , `author_url` = 'http://www.thinkcmf.com' , `keywords` = 'ThinkCMF默认模板' , `description` = 'ThinkCMF默认模板'  WHERE  `theme` = 'default' [ RunTime:0.006309s ]
[ sql ] [ SQL ] SELECT `more` FROM `cmf_theme_file` WHERE  `theme` = 'default'  AND (  `is_public` = 1 OR `file` = 'portal/index' ) [ RunTime:0.000296s ]
[ sql ] [ EXPLAIN : array (
  'id' => 1,
  'select_type' => 'SIMPLE',
  'table' => 'cmf_theme_file',
  'type' => 'ALL',
  'possible_keys' => NULL,
  'key' => NULL,
  'key_len' => NULL,
  'ref' => NULL,
  'rows' => 1,
  'extra' => 'Using where',
) ]
[ warn ] SQL:SELECT `hook`,`plugin` FROM `cmf_hook_plugin` WHERE  `status` = :ThinkBind_1_1952717281_  AND `hook` IN (:ThinkBind_2_486250094_,:ThinkBind_3_279454433_,:ThinkBind_4_1923496802_,:ThinkBind_5_1262884819_,:ThinkBind_6_1577571775_,:ThinkBind_7_1321179418_,:ThinkBind_8_1266709487_,:ThinkBind_9_1395573260_,:ThinkBind_10_1546658704_,:ThinkBind_11_553218352_,:ThinkBind_12_1409579886_,:ThinkBind_13_586834651_,:ThinkBind_14_363020324_,:ThinkBind_15_1519838117_,:ThinkBind_16_273119018_,:ThinkBind_17_1476149703_,:ThinkBind_18_308002737_,:ThinkBind_19_1461832127_,:ThinkBind_20_1536098722_,:ThinkBind_21_1741360420_,:ThinkBind_22_869953536_,:ThinkBind_23_2124093672_,:ThinkBind_24_1795029079_,:ThinkBind_25_239552800_,:ThinkBind_26_700708073_,:ThinkBind_27_1730967265_,:ThinkBind_28_1883034186_,:ThinkBind_29_558215416_) ORDER BY `list_order` ASC [Using where; Using filesort]
[ error ] [0]模板文件不存在:/www/wwwroot/kyhospital.sdwanyue.com/kyhospital.sdwanyue.com/public/themes/default/portal/index.html[/www/wwwroot/kyhospital.sdwanyue.com/kyhospital.sdwanyue.com/vendor/thinkphp/library/think/view/driver/Think.php:86]
