2022-10-22 16:06:57|NOTICE|Notice (8): Undefined index: distance in [File: /www/wwwroot/take.sdwanyue.com/phalapi/src/app/Domain/MerchantStore.php, Line: 756, Time: 1666426017]|[]
2022-10-22 16:06:57|NOTICE|Notice (8): Undefined index: sales in [File: /www/wwwroot/take.sdwanyue.com/phalapi/src/app/Domain/MerchantStore.php, Line: 758, Time: 1666426017]|[]
2022-10-22 16:06:57|NOTICE|Notice (8): Undefined index: lng in [File: /www/wwwroot/take.sdwanyue.com/phalapi/src/app/Domain/MerchantStore.php, Line: 762, Time: 1666426017]|[]
2022-10-22 16:06:57|NOTICE|Notice (8): Undefined index: lat in [File: /www/wwwroot/take.sdwanyue.com/phalapi/src/app/Domain/MerchantStore.php, Line: 762, Time: 1666426017]|[]
2022-10-22 16:08:56|NOTICE|Notice (8): Undefined index: distance in [File: /www/wwwroot/take.sdwanyue.com/phalapi/src/app/Domain/MerchantStore.php, Line: 756, Time: 1666426136]|[]
2022-10-22 16:08:56|NOTICE|Notice (8): Undefined index: sales in [File: /www/wwwroot/take.sdwanyue.com/phalapi/src/app/Domain/MerchantStore.php, Line: 758, Time: 1666426136]|[]
2022-10-22 16:08:56|NOTICE|Notice (8): Undefined index: lng in [File: /www/wwwroot/take.sdwanyue.com/phalapi/src/app/Domain/MerchantStore.php, Line: 762, Time: 1666426136]|[]
2022-10-22 16:08:56|NOTICE|Notice (8): Undefined index: lat in [File: /www/wwwroot/take.sdwanyue.com/phalapi/src/app/Domain/MerchantStore.php, Line: 762, Time: 1666426136]|[]
2022-10-22 16:12:01|NOTICE|Notice (8): Undefined index: distance in [File: /www/wwwroot/take.sdwanyue.com/phalapi/src/app/Domain/MerchantStore.php, Line: 756, Time: 1666426321]|[]
2022-10-22 16:12:01|NOTICE|Notice (8): Undefined index: sales in [File: /www/wwwroot/take.sdwanyue.com/phalapi/src/app/Domain/MerchantStore.php, Line: 758, Time: 1666426321]|[]
2022-10-22 16:12:01|NOTICE|Notice (8): Undefined index: lng in [File: /www/wwwroot/take.sdwanyue.com/phalapi/src/app/Domain/MerchantStore.php, Line: 762, Time: 1666426321]|[]
2022-10-22 16:12:01|NOTICE|Notice (8): Undefined index: lat in [File: /www/wwwroot/take.sdwanyue.com/phalapi/src/app/Domain/MerchantStore.php, Line: 762, Time: 1666426321]|[]
2022-10-22 16:12:17|NOTICE|Notice (8): Undefined index: distance in [File: /www/wwwroot/take.sdwanyue.com/phalapi/src/app/Domain/MerchantStore.php, Line: 756, Time: 1666426337]|[]
2022-10-22 16:12:17|NOTICE|Notice (8): Undefined index: sales in [File: /www/wwwroot/take.sdwanyue.com/phalapi/src/app/Domain/MerchantStore.php, Line: 758, Time: 1666426337]|[]
2022-10-22 16:12:17|NOTICE|Notice (8): Undefined index: lng in [File: /www/wwwroot/take.sdwanyue.com/phalapi/src/app/Domain/MerchantStore.php, Line: 762, Time: 1666426337]|[]
2022-10-22 16:12:17|NOTICE|Notice (8): Undefined index: lat in [File: /www/wwwroot/take.sdwanyue.com/phalapi/src/app/Domain/MerchantStore.php, Line: 762, Time: 1666426337]|[]
2022-10-22 16:25:28|NOTICE|Notice (8): Undefined offset: 3 in [File: /www/wwwroot/take.sdwanyue.com/phalapi/src/app/Domain/MerchantStoreProduct.php, Line: 498, Time: 1666427128]|[]
2022-10-22 16:25:28|NOTICE|Notice (8): Undefined offset: 3 in [File: /www/wwwroot/take.sdwanyue.com/phalapi/src/app/Domain/MerchantStoreProduct.php, Line: 498, Time: 1666427128]|[]
2022-10-22 16:25:28|NOTICE|Notice (8): Undefined offset: 3 in [File: /www/wwwroot/take.sdwanyue.com/phalapi/src/app/Domain/MerchantStoreProduct.php, Line: 498, Time: 1666427128]|[]
2022-10-22 16:25:28|NOTICE|Notice (8): Undefined offset: 3 in [File: /www/wwwroot/take.sdwanyue.com/phalapi/src/app/Domain/MerchantStoreProduct.php, Line: 498, Time: 1666427128]|[]
2022-10-22 16:25:28|NOTICE|Notice (8): Undefined offset: 3 in [File: /www/wwwroot/take.sdwanyue.com/phalapi/src/app/Domain/MerchantStoreProduct.php, Line: 498, Time: 1666427128]|[]
2022-10-22 16:25:28|NOTICE|Notice (8): Undefined offset: 3 in [File: /www/wwwroot/take.sdwanyue.com/phalapi/src/app/Domain/MerchantStoreProduct.php, Line: 498, Time: 1666427128]|[]
2022-10-22 16:25:28|NOTICE|Notice (8): Undefined offset: 3 in [File: /www/wwwroot/take.sdwanyue.com/phalapi/src/app/Domain/MerchantStoreProduct.php, Line: 498, Time: 1666427128]|[]
2022-10-22 16:25:28|NOTICE|Notice (8): Undefined offset: 3 in [File: /www/wwwroot/take.sdwanyue.com/phalapi/src/app/Domain/MerchantStoreProduct.php, Line: 498, Time: 1666427128]|[]
2022-10-22 16:25:28|NOTICE|Notice (8): Undefined offset: 3 in [File: /www/wwwroot/take.sdwanyue.com/phalapi/src/app/Domain/MerchantStoreProduct.php, Line: 498, Time: 1666427128]|[]
2022-10-22 16:25:28|NOTICE|Notice (8): Undefined offset: 3 in [File: /www/wwwroot/take.sdwanyue.com/phalapi/src/app/Domain/MerchantStoreProduct.php, Line: 498, Time: 1666427128]|[]
2022-10-22 16:25:28|NOTICE|Notice (8): Undefined offset: 3 in [File: /www/wwwroot/take.sdwanyue.com/phalapi/src/app/Domain/MerchantStoreProduct.php, Line: 498, Time: 1666427128]|[]
2022-10-22 16:25:31|NOTICE|Notice (8): Undefined index: operating_state in [File: /www/wwwroot/take.sdwanyue.com/phalapi/src/app/Domain/MerchantStoreProduct.php, Line: 363, Time: 1666427131]|[]
2022-10-22 16:25:45|NOTICE|Notice (8): Undefined offset: 3 in [File: /www/wwwroot/take.sdwanyue.com/phalapi/src/app/Domain/MerchantStoreProduct.php, Line: 498, Time: 1666427145]|[]
2022-10-22 16:25:49|NOTICE|Notice (8): Undefined offset: 3 in [File: /www/wwwroot/take.sdwanyue.com/phalapi/src/app/Domain/MerchantStoreProduct.php, Line: 498, Time: 1666427149]|[]
2022-10-22 16:25:49|NOTICE|Notice (8): Undefined offset: 3 in [File: /www/wwwroot/take.sdwanyue.com/phalapi/src/app/Domain/MerchantStoreProduct.php, Line: 498, Time: 1666427149]|[]
2022-10-22 16:25:49|NOTICE|Notice (8): Undefined offset: 3 in [File: /www/wwwroot/take.sdwanyue.com/phalapi/src/app/Domain/MerchantStoreProduct.php, Line: 498, Time: 1666427149]|[]
2022-10-22 16:25:49|NOTICE|Notice (8): Undefined offset: 3 in [File: /www/wwwroot/take.sdwanyue.com/phalapi/src/app/Domain/MerchantStoreProduct.php, Line: 498, Time: 1666427149]|[]
2022-10-22 16:25:49|NOTICE|Notice (8): Undefined offset: 3 in [File: /www/wwwroot/take.sdwanyue.com/phalapi/src/app/Domain/MerchantStoreProduct.php, Line: 498, Time: 1666427149]|[]
2022-10-22 16:25:49|NOTICE|Notice (8): Undefined offset: 3 in [File: /www/wwwroot/take.sdwanyue.com/phalapi/src/app/Domain/MerchantStoreProduct.php, Line: 498, Time: 1666427149]|[]
2022-10-22 16:25:49|NOTICE|Notice (8): Undefined offset: 3 in [File: /www/wwwroot/take.sdwanyue.com/phalapi/src/app/Domain/MerchantStoreProduct.php, Line: 498, Time: 1666427149]|[]
2022-10-22 16:25:49|NOTICE|Notice (8): Undefined offset: 3 in [File: /www/wwwroot/take.sdwanyue.com/phalapi/src/app/Domain/MerchantStoreProduct.php, Line: 498, Time: 1666427149]|[]
2022-10-22 16:25:49|NOTICE|Notice (8): Undefined offset: 3 in [File: /www/wwwroot/take.sdwanyue.com/phalapi/src/app/Domain/MerchantStoreProduct.php, Line: 498, Time: 1666427149]|[]
2022-10-22 16:25:49|NOTICE|Notice (8): Undefined offset: 3 in [File: /www/wwwroot/take.sdwanyue.com/phalapi/src/app/Domain/MerchantStoreProduct.php, Line: 498, Time: 1666427149]|[]
2022-10-22 16:25:49|NOTICE|Notice (8): Undefined offset: 3 in [File: /www/wwwroot/take.sdwanyue.com/phalapi/src/app/Domain/MerchantStoreProduct.php, Line: 498, Time: 1666427149]|[]
2022-10-22 17:28:10|NOTICE|Notice (8): Undefined index: distance in [File: /www/wwwroot/take.sdwanyue.com/phalapi/src/app/Domain/MerchantStore.php, Line: 756, Time: 1666430890]|[]
2022-10-22 17:28:10|NOTICE|Notice (8): Undefined index: lng in [File: /www/wwwroot/take.sdwanyue.com/phalapi/src/app/Domain/MerchantStore.php, Line: 762, Time: 1666430890]|[]
2022-10-22 17:28:10|NOTICE|Notice (8): Undefined index: lat in [File: /www/wwwroot/take.sdwanyue.com/phalapi/src/app/Domain/MerchantStore.php, Line: 762, Time: 1666430890]|[]
2022-10-22 17:28:39|NOTICE|Notice (8): Undefined index: distance in [File: /www/wwwroot/take.sdwanyue.com/phalapi/src/app/Domain/MerchantStore.php, Line: 756, Time: 1666430919]|[]
2022-10-22 17:28:39|NOTICE|Notice (8): Undefined index: lng in [File: /www/wwwroot/take.sdwanyue.com/phalapi/src/app/Domain/MerchantStore.php, Line: 762, Time: 1666430919]|[]
2022-10-22 17:28:39|NOTICE|Notice (8): Undefined index: lat in [File: /www/wwwroot/take.sdwanyue.com/phalapi/src/app/Domain/MerchantStore.php, Line: 762, Time: 1666430919]|[]
2022-10-22 17:29:25|NOTICE|Notice (8): Undefined index: operating_state in [File: /www/wwwroot/take.sdwanyue.com/phalapi/src/app/Domain/MerchantStoreProduct.php, Line: 363, Time: 1666430965]|[]
