2022-10-27 15:51:27|NOTICE|Notice (8): Undefined index: distance in [File: /www/wwwroot/take.sdwanyue.com/phalapi/src/app/Domain/MerchantStore.php, Line: 756, Time: 1666857087]|[]
2022-10-27 15:51:27|NOTICE|Notice (8): Undefined index: lng in [File: /www/wwwroot/take.sdwanyue.com/phalapi/src/app/Domain/MerchantStore.php, Line: 762, Time: 1666857087]|[]
2022-10-27 15:51:27|NOTICE|Notice (8): Undefined index: lat in [File: /www/wwwroot/take.sdwanyue.com/phalapi/src/app/Domain/MerchantStore.php, Line: 762, Time: 1666857087]|[]
2022-10-27 15:51:32|NOTICE|Notice (8): Undefined offset: 3 in [File: /www/wwwroot/take.sdwanyue.com/phalapi/src/app/Domain/MerchantStoreProduct.php, Line: 498, Time: 1666857092]|[]
2022-10-27 15:51:32|NOTICE|Notice (8): Undefined offset: 3 in [File: /www/wwwroot/take.sdwanyue.com/phalapi/src/app/Domain/MerchantStoreProduct.php, Line: 498, Time: 1666857092]|[]
2022-10-27 15:51:33|NOTICE|Notice (8): Undefined offset: 3 in [File: /www/wwwroot/take.sdwanyue.com/phalapi/src/app/Domain/MerchantStoreProduct.php, Line: 498, Time: 1666857093]|[]
2022-10-27 15:51:33|NOTICE|Notice (8): Undefined offset: 3 in [File: /www/wwwroot/take.sdwanyue.com/phalapi/src/app/Domain/MerchantStoreProduct.php, Line: 498, Time: 1666857093]|[]
2022-10-27 15:51:33|NOTICE|Notice (8): Undefined offset: 3 in [File: /www/wwwroot/take.sdwanyue.com/phalapi/src/app/Domain/MerchantStoreProduct.php, Line: 498, Time: 1666857093]|[]
2022-10-27 15:51:33|NOTICE|Notice (8): Undefined offset: 3 in [File: /www/wwwroot/take.sdwanyue.com/phalapi/src/app/Domain/MerchantStoreProduct.php, Line: 498, Time: 1666857093]|[]
2022-10-27 15:51:33|NOTICE|Notice (8): Undefined offset: 3 in [File: /www/wwwroot/take.sdwanyue.com/phalapi/src/app/Domain/MerchantStoreProduct.php, Line: 498, Time: 1666857093]|[]
2022-10-27 15:51:33|NOTICE|Notice (8): Undefined offset: 3 in [File: /www/wwwroot/take.sdwanyue.com/phalapi/src/app/Domain/MerchantStoreProduct.php, Line: 498, Time: 1666857093]|[]
2022-10-27 15:51:33|NOTICE|Notice (8): Undefined offset: 3 in [File: /www/wwwroot/take.sdwanyue.com/phalapi/src/app/Domain/MerchantStoreProduct.php, Line: 498, Time: 1666857093]|[]
2022-10-27 15:51:33|NOTICE|Notice (8): Undefined offset: 3 in [File: /www/wwwroot/take.sdwanyue.com/phalapi/src/app/Domain/MerchantStoreProduct.php, Line: 498, Time: 1666857093]|[]
2022-10-27 15:51:33|NOTICE|Notice (8): Undefined offset: 3 in [File: /www/wwwroot/take.sdwanyue.com/phalapi/src/app/Domain/MerchantStoreProduct.php, Line: 498, Time: 1666857093]|[]
2022-10-27 15:51:53|NOTICE|Notice (8): Undefined offset: 3 in [File: /www/wwwroot/take.sdwanyue.com/phalapi/src/app/Domain/MerchantStoreProduct.php, Line: 498, Time: 1666857113]|[]
2022-10-27 15:51:53|NOTICE|Notice (8): Undefined offset: 3 in [File: /www/wwwroot/take.sdwanyue.com/phalapi/src/app/Domain/MerchantStoreProduct.php, Line: 498, Time: 1666857113]|[]
2022-10-27 15:51:53|NOTICE|Notice (8): Undefined offset: 3 in [File: /www/wwwroot/take.sdwanyue.com/phalapi/src/app/Domain/MerchantStoreProduct.php, Line: 498, Time: 1666857113]|[]
2022-10-27 15:56:25|NOTICE|Notice (8): Undefined index: distance in [File: /www/wwwroot/take.sdwanyue.com/phalapi/src/app/Domain/MerchantStore.php, Line: 756, Time: 1666857385]|[]
2022-10-27 15:56:25|NOTICE|Notice (8): Undefined index: lng in [File: /www/wwwroot/take.sdwanyue.com/phalapi/src/app/Domain/MerchantStore.php, Line: 762, Time: 1666857385]|[]
2022-10-27 15:56:25|NOTICE|Notice (8): Undefined index: lat in [File: /www/wwwroot/take.sdwanyue.com/phalapi/src/app/Domain/MerchantStore.php, Line: 762, Time: 1666857385]|[]
2022-10-27 15:56:31|NOTICE|Notice (8): Undefined index: distance in [File: /www/wwwroot/take.sdwanyue.com/phalapi/src/app/Domain/MerchantStore.php, Line: 756, Time: 1666857391]|[]
2022-10-27 15:56:31|NOTICE|Notice (8): Undefined index: lng in [File: /www/wwwroot/take.sdwanyue.com/phalapi/src/app/Domain/MerchantStore.php, Line: 762, Time: 1666857391]|[]
2022-10-27 15:56:31|NOTICE|Notice (8): Undefined index: lat in [File: /www/wwwroot/take.sdwanyue.com/phalapi/src/app/Domain/MerchantStore.php, Line: 762, Time: 1666857391]|[]
2022-10-27 15:56:40|NOTICE|Notice (8): Undefined index: distance in [File: /www/wwwroot/take.sdwanyue.com/phalapi/src/app/Domain/MerchantStore.php, Line: 756, Time: 1666857400]|[]
2022-10-27 15:56:40|NOTICE|Notice (8): Undefined index: lng in [File: /www/wwwroot/take.sdwanyue.com/phalapi/src/app/Domain/MerchantStore.php, Line: 762, Time: 1666857400]|[]
2022-10-27 15:56:40|NOTICE|Notice (8): Undefined index: lat in [File: /www/wwwroot/take.sdwanyue.com/phalapi/src/app/Domain/MerchantStore.php, Line: 762, Time: 1666857400]|[]
2022-10-27 15:57:38|NOTICE|Notice (8): Undefined offset: 3 in [File: /www/wwwroot/take.sdwanyue.com/phalapi/src/app/Domain/MerchantStoreProduct.php, Line: 498, Time: 1666857458]|[]
2022-10-27 15:57:38|NOTICE|Notice (8): Undefined offset: 3 in [File: /www/wwwroot/take.sdwanyue.com/phalapi/src/app/Domain/MerchantStoreProduct.php, Line: 498, Time: 1666857458]|[]
2022-10-27 15:58:18|NOTICE|Notice (8): Undefined offset: 3 in [File: /www/wwwroot/take.sdwanyue.com/phalapi/src/app/Domain/MerchantStoreProduct.php, Line: 498, Time: 1666857498]|[]
2022-10-27 15:58:18|NOTICE|Notice (8): Undefined offset: 3 in [File: /www/wwwroot/take.sdwanyue.com/phalapi/src/app/Domain/MerchantStoreProduct.php, Line: 498, Time: 1666857498]|[]
2022-10-27 15:58:18|NOTICE|Notice (8): Undefined offset: 3 in [File: /www/wwwroot/take.sdwanyue.com/phalapi/src/app/Domain/MerchantStoreProduct.php, Line: 498, Time: 1666857498]|[]
2022-10-27 15:58:18|NOTICE|Notice (8): Undefined offset: 3 in [File: /www/wwwroot/take.sdwanyue.com/phalapi/src/app/Domain/MerchantStoreProduct.php, Line: 498, Time: 1666857498]|[]
2022-10-27 15:58:18|NOTICE|Notice (8): Undefined offset: 3 in [File: /www/wwwroot/take.sdwanyue.com/phalapi/src/app/Domain/MerchantStoreProduct.php, Line: 498, Time: 1666857498]|[]
2022-10-27 15:58:18|NOTICE|Notice (8): Undefined offset: 3 in [File: /www/wwwroot/take.sdwanyue.com/phalapi/src/app/Domain/MerchantStoreProduct.php, Line: 498, Time: 1666857498]|[]
2022-10-27 15:58:18|NOTICE|Notice (8): Undefined offset: 3 in [File: /www/wwwroot/take.sdwanyue.com/phalapi/src/app/Domain/MerchantStoreProduct.php, Line: 498, Time: 1666857498]|[]
2022-10-27 15:58:18|NOTICE|Notice (8): Undefined offset: 3 in [File: /www/wwwroot/take.sdwanyue.com/phalapi/src/app/Domain/MerchantStoreProduct.php, Line: 498, Time: 1666857498]|[]
2022-10-27 15:58:18|NOTICE|Notice (8): Undefined offset: 3 in [File: /www/wwwroot/take.sdwanyue.com/phalapi/src/app/Domain/MerchantStoreProduct.php, Line: 498, Time: 1666857498]|[]
2022-10-27 15:58:18|NOTICE|Notice (8): Undefined offset: 3 in [File: /www/wwwroot/take.sdwanyue.com/phalapi/src/app/Domain/MerchantStoreProduct.php, Line: 498, Time: 1666857498]|[]
2022-10-27 15:58:18|NOTICE|Notice (8): Undefined offset: 3 in [File: /www/wwwroot/take.sdwanyue.com/phalapi/src/app/Domain/MerchantStoreProduct.php, Line: 498, Time: 1666857498]|[]
2022-10-27 15:58:50|NOTICE|Notice (8): Undefined offset: 3 in [File: /www/wwwroot/take.sdwanyue.com/phalapi/src/app/Domain/MerchantStoreProduct.php, Line: 498, Time: 1666857530]|[]
2022-10-27 15:58:50|NOTICE|Notice (8): Undefined offset: 3 in [File: /www/wwwroot/take.sdwanyue.com/phalapi/src/app/Domain/MerchantStoreProduct.php, Line: 498, Time: 1666857530]|[]
2022-10-27 16:08:19|NOTICE|Notice (8): Undefined offset: 3 in [File: /www/wwwroot/take.sdwanyue.com/phalapi/src/app/Domain/MerchantStoreProduct.php, Line: 498, Time: 1666858099]|[]
2022-10-27 16:08:19|NOTICE|Notice (8): Undefined offset: 3 in [File: /www/wwwroot/take.sdwanyue.com/phalapi/src/app/Domain/MerchantStoreProduct.php, Line: 498, Time: 1666858099]|[]
2022-10-27 16:08:19|NOTICE|Notice (8): Undefined offset: 3 in [File: /www/wwwroot/take.sdwanyue.com/phalapi/src/app/Domain/MerchantStoreProduct.php, Line: 498, Time: 1666858099]|[]
2022-10-27 16:08:19|NOTICE|Notice (8): Undefined offset: 3 in [File: /www/wwwroot/take.sdwanyue.com/phalapi/src/app/Domain/MerchantStoreProduct.php, Line: 498, Time: 1666858099]|[]
2022-10-27 16:08:19|NOTICE|Notice (8): Undefined offset: 3 in [File: /www/wwwroot/take.sdwanyue.com/phalapi/src/app/Domain/MerchantStoreProduct.php, Line: 498, Time: 1666858099]|[]
2022-10-27 16:08:19|NOTICE|Notice (8): Undefined offset: 3 in [File: /www/wwwroot/take.sdwanyue.com/phalapi/src/app/Domain/MerchantStoreProduct.php, Line: 498, Time: 1666858099]|[]
2022-10-27 16:08:19|NOTICE|Notice (8): Undefined offset: 3 in [File: /www/wwwroot/take.sdwanyue.com/phalapi/src/app/Domain/MerchantStoreProduct.php, Line: 498, Time: 1666858099]|[]
2022-10-27 16:08:19|NOTICE|Notice (8): Undefined offset: 3 in [File: /www/wwwroot/take.sdwanyue.com/phalapi/src/app/Domain/MerchantStoreProduct.php, Line: 498, Time: 1666858099]|[]
2022-10-27 16:08:19|NOTICE|Notice (8): Undefined offset: 3 in [File: /www/wwwroot/take.sdwanyue.com/phalapi/src/app/Domain/MerchantStoreProduct.php, Line: 498, Time: 1666858099]|[]
2022-10-27 16:08:19|NOTICE|Notice (8): Undefined offset: 3 in [File: /www/wwwroot/take.sdwanyue.com/phalapi/src/app/Domain/MerchantStoreProduct.php, Line: 498, Time: 1666858099]|[]
2022-10-27 16:08:19|NOTICE|Notice (8): Undefined offset: 3 in [File: /www/wwwroot/take.sdwanyue.com/phalapi/src/app/Domain/MerchantStoreProduct.php, Line: 498, Time: 1666858099]|[]
2022-10-27 16:20:56|NOTICE|Notice (8): Undefined offset: 3 in [File: /www/wwwroot/take.sdwanyue.com/phalapi/src/app/Domain/MerchantStoreProduct.php, Line: 498, Time: 1666858856]|[]
2022-10-27 16:22:12|NOTICE|Notice (8): Undefined index: thumb in [File: /www/wwwroot/take.sdwanyue.com/phalapi/src/merchant/Domain/MerchantStoreType.php, Line: 36, Time: 1666858932]|[]
2022-10-27 16:22:17|NOTICE|Notice (8): Undefined index: thumb in [File: /www/wwwroot/take.sdwanyue.com/phalapi/src/merchant/Domain/MerchantStoreType.php, Line: 36, Time: 1666858937]|[]
2022-10-27 16:22:30|NOTICE|Notice (8): Undefined index: thumb in [File: /www/wwwroot/take.sdwanyue.com/phalapi/src/merchant/Domain/MerchantStoreType.php, Line: 36, Time: 1666858950]|[]
2022-10-27 16:22:33|NOTICE|Notice (8): Undefined index: thumb in [File: /www/wwwroot/take.sdwanyue.com/phalapi/src/merchant/Domain/MerchantStoreType.php, Line: 36, Time: 1666858953]|[]
2022-10-27 16:22:58|NOTICE|Notice (8): Undefined index: thumb in [File: /www/wwwroot/take.sdwanyue.com/phalapi/src/merchant/Domain/MerchantStoreType.php, Line: 36, Time: 1666858978]|[]
2022-10-27 16:25:27|NOTICE|Notice (8): Undefined index: thumb in [File: /www/wwwroot/take.sdwanyue.com/phalapi/src/merchant/Domain/MerchantStoreType.php, Line: 36, Time: 1666859127]|[]
2022-10-27 16:25:28|NOTICE|Notice (8): Undefined index: thumb in [File: /www/wwwroot/take.sdwanyue.com/phalapi/src/merchant/Domain/MerchantStoreType.php, Line: 36, Time: 1666859128]|[]
2022-10-27 16:25:36|NOTICE|Notice (8): Undefined offset: 3 in [File: /www/wwwroot/take.sdwanyue.com/phalapi/src/app/Domain/MerchantStoreProduct.php, Line: 498, Time: 1666859136]|[]
2022-10-27 16:25:36|NOTICE|Notice (8): Undefined offset: 3 in [File: /www/wwwroot/take.sdwanyue.com/phalapi/src/app/Domain/MerchantStoreProduct.php, Line: 498, Time: 1666859136]|[]
2022-10-27 16:25:45|NOTICE|Notice (8): Undefined index: type_id in [File: /www/wwwroot/take.sdwanyue.com/phalapi/src/app/Domain/MerchantStoreCart.php, Line: 447, Time: 1666859145]|[]
2022-10-27 16:25:45|NOTICE|Notice (8): Trying to access array offset on value of type bool in [File: /www/wwwroot/take.sdwanyue.com/phalapi/src/app/Model/MerchantType.php, Line: 146, Time: 1666859145]|[]
2022-10-27 16:25:54|NOTICE|Notice (8): Undefined index: type_id in [File: /www/wwwroot/take.sdwanyue.com/phalapi/src/app/Domain/MerchantStoreCart.php, Line: 447, Time: 1666859154]|[]
2022-10-27 16:25:54|NOTICE|Notice (8): Trying to access array offset on value of type bool in [File: /www/wwwroot/take.sdwanyue.com/phalapi/src/app/Model/MerchantType.php, Line: 146, Time: 1666859154]|[]
2022-10-27 16:25:56|NOTICE|Notice (8): Undefined variable: product in [File: /www/wwwroot/take.sdwanyue.com/phalapi/src/app/Domain/MerchantStoreCart.php, Line: 484, Time: 1666859156]|[]
2022-10-27 16:25:56|NOTICE|Notice (8): Trying to access array offset on value of type null in [File: /www/wwwroot/take.sdwanyue.com/phalapi/src/app/Domain/MerchantStoreCart.php, Line: 484, Time: 1666859156]|[]
2022-10-27 16:25:56|NOTICE|Notice (8): Undefined variable: product in [File: /www/wwwroot/take.sdwanyue.com/phalapi/src/app/Domain/MerchantStoreCart.php, Line: 489, Time: 1666859156]|[]
2022-10-27 16:25:56|NOTICE|Notice (8): Trying to access array offset on value of type null in [File: /www/wwwroot/take.sdwanyue.com/phalapi/src/app/Domain/MerchantStoreCart.php, Line: 489, Time: 1666859156]|[]
2022-10-27 16:25:57|NOTICE|Notice (8): Undefined variable: product in [File: /www/wwwroot/take.sdwanyue.com/phalapi/src/app/Domain/MerchantStoreCart.php, Line: 484, Time: 1666859157]|[]
2022-10-27 16:25:57|NOTICE|Notice (8): Trying to access array offset on value of type null in [File: /www/wwwroot/take.sdwanyue.com/phalapi/src/app/Domain/MerchantStoreCart.php, Line: 484, Time: 1666859157]|[]
2022-10-27 16:25:57|NOTICE|Notice (8): Undefined variable: product in [File: /www/wwwroot/take.sdwanyue.com/phalapi/src/app/Domain/MerchantStoreCart.php, Line: 489, Time: 1666859157]|[]
2022-10-27 16:25:57|NOTICE|Notice (8): Trying to access array offset on value of type null in [File: /www/wwwroot/take.sdwanyue.com/phalapi/src/app/Domain/MerchantStoreCart.php, Line: 489, Time: 1666859157]|[]
2022-10-27 16:26:00|NOTICE|Notice (8): Undefined index: type_id in [File: /www/wwwroot/take.sdwanyue.com/phalapi/src/app/Domain/MerchantStoreCart.php, Line: 447, Time: 1666859160]|[]
2022-10-27 16:26:00|NOTICE|Notice (8): Trying to access array offset on value of type bool in [File: /www/wwwroot/take.sdwanyue.com/phalapi/src/app/Model/MerchantType.php, Line: 146, Time: 1666859160]|[]
2022-10-27 16:26:01|NOTICE|Notice (8): Undefined index: type_id in [File: /www/wwwroot/take.sdwanyue.com/phalapi/src/app/Domain/MerchantStoreCart.php, Line: 447, Time: 1666859161]|[]
2022-10-27 16:26:01|NOTICE|Notice (8): Trying to access array offset on value of type bool in [File: /www/wwwroot/take.sdwanyue.com/phalapi/src/app/Model/MerchantType.php, Line: 146, Time: 1666859161]|[]
2022-10-27 16:26:02|NOTICE|Notice (8): Undefined index: type_id in [File: /www/wwwroot/take.sdwanyue.com/phalapi/src/app/Domain/MerchantStoreCart.php, Line: 447, Time: 1666859162]|[]
2022-10-27 16:26:02|NOTICE|Notice (8): Trying to access array offset on value of type bool in [File: /www/wwwroot/take.sdwanyue.com/phalapi/src/app/Model/MerchantType.php, Line: 146, Time: 1666859162]|[]
2022-10-27 16:26:03|NOTICE|Notice (8): Undefined index: type_id in [File: /www/wwwroot/take.sdwanyue.com/phalapi/src/app/Domain/MerchantStoreCart.php, Line: 447, Time: 1666859163]|[]
2022-10-27 16:26:03|NOTICE|Notice (8): Trying to access array offset on value of type bool in [File: /www/wwwroot/take.sdwanyue.com/phalapi/src/app/Model/MerchantType.php, Line: 146, Time: 1666859163]|[]
2022-10-27 16:26:03|NOTICE|Notice (8): Undefined index: type_id in [File: /www/wwwroot/take.sdwanyue.com/phalapi/src/app/Domain/MerchantStoreCart.php, Line: 447, Time: 1666859163]|[]
2022-10-27 16:26:03|NOTICE|Notice (8): Trying to access array offset on value of type bool in [File: /www/wwwroot/take.sdwanyue.com/phalapi/src/app/Model/MerchantType.php, Line: 146, Time: 1666859163]|[]
2022-10-27 16:26:03|NOTICE|Notice (8): Undefined index: type_id in [File: /www/wwwroot/take.sdwanyue.com/phalapi/src/app/Domain/MerchantStoreCart.php, Line: 447, Time: 1666859163]|[]
2022-10-27 16:26:03|NOTICE|Notice (8): Trying to access array offset on value of type bool in [File: /www/wwwroot/take.sdwanyue.com/phalapi/src/app/Model/MerchantType.php, Line: 146, Time: 1666859163]|[]
2022-10-27 16:26:03|NOTICE|Notice (8): Undefined index: type_id in [File: /www/wwwroot/take.sdwanyue.com/phalapi/src/app/Domain/MerchantStoreCart.php, Line: 447, Time: 1666859163]|[]
2022-10-27 16:26:03|NOTICE|Notice (8): Trying to access array offset on value of type bool in [File: /www/wwwroot/take.sdwanyue.com/phalapi/src/app/Model/MerchantType.php, Line: 146, Time: 1666859163]|[]
2022-10-27 16:26:12|NOTICE|Notice (8): Undefined index: type_id in [File: /www/wwwroot/take.sdwanyue.com/phalapi/src/app/Domain/MerchantStoreCart.php, Line: 447, Time: 1666859172]|[]
2022-10-27 16:26:12|NOTICE|Notice (8): Trying to access array offset on value of type bool in [File: /www/wwwroot/take.sdwanyue.com/phalapi/src/app/Model/MerchantType.php, Line: 146, Time: 1666859172]|[]
2022-10-27 16:26:21|NOTICE|Notice (8): Undefined index: open_date in [File: /www/wwwroot/take.sdwanyue.com/phalapi/src/app/Domain/MerchantStore.php, Line: 446, Time: 1666859181]|[]
2022-10-27 16:26:21|NOTICE|Notice (8): Undefined index: open_time in [File: /www/wwwroot/take.sdwanyue.com/phalapi/src/app/Domain/MerchantStore.php, Line: 446, Time: 1666859181]|[]
2022-10-27 16:26:28|NOTICE|Notice (8): Undefined offset: 3 in [File: /www/wwwroot/take.sdwanyue.com/phalapi/src/app/Domain/MerchantStoreProduct.php, Line: 498, Time: 1666859188]|[]
2022-10-27 16:26:28|NOTICE|Notice (8): Undefined offset: 3 in [File: /www/wwwroot/take.sdwanyue.com/phalapi/src/app/Domain/MerchantStoreProduct.php, Line: 498, Time: 1666859188]|[]
2022-10-27 16:26:28|NOTICE|Notice (8): Undefined offset: 3 in [File: /www/wwwroot/take.sdwanyue.com/phalapi/src/app/Domain/MerchantStoreProduct.php, Line: 498, Time: 1666859188]|[]
2022-10-27 16:26:28|NOTICE|Notice (8): Undefined offset: 3 in [File: /www/wwwroot/take.sdwanyue.com/phalapi/src/app/Domain/MerchantStoreProduct.php, Line: 498, Time: 1666859188]|[]
2022-10-27 16:26:28|NOTICE|Notice (8): Undefined offset: 3 in [File: /www/wwwroot/take.sdwanyue.com/phalapi/src/app/Domain/MerchantStoreProduct.php, Line: 498, Time: 1666859188]|[]
2022-10-27 16:26:28|NOTICE|Notice (8): Undefined offset: 3 in [File: /www/wwwroot/take.sdwanyue.com/phalapi/src/app/Domain/MerchantStoreProduct.php, Line: 498, Time: 1666859188]|[]
2022-10-27 16:26:28|NOTICE|Notice (8): Undefined offset: 3 in [File: /www/wwwroot/take.sdwanyue.com/phalapi/src/app/Domain/MerchantStoreProduct.php, Line: 498, Time: 1666859188]|[]
2022-10-27 16:26:28|NOTICE|Notice (8): Undefined offset: 3 in [File: /www/wwwroot/take.sdwanyue.com/phalapi/src/app/Domain/MerchantStoreProduct.php, Line: 498, Time: 1666859188]|[]
2022-10-27 16:26:28|NOTICE|Notice (8): Undefined offset: 3 in [File: /www/wwwroot/take.sdwanyue.com/phalapi/src/app/Domain/MerchantStoreProduct.php, Line: 498, Time: 1666859188]|[]
2022-10-27 16:26:28|NOTICE|Notice (8): Undefined offset: 3 in [File: /www/wwwroot/take.sdwanyue.com/phalapi/src/app/Domain/MerchantStoreProduct.php, Line: 498, Time: 1666859188]|[]
2022-10-27 16:26:28|NOTICE|Notice (8): Undefined offset: 3 in [File: /www/wwwroot/take.sdwanyue.com/phalapi/src/app/Domain/MerchantStoreProduct.php, Line: 498, Time: 1666859188]|[]
2022-10-27 16:26:35|NOTICE|Notice (8): Undefined offset: 3 in [File: /www/wwwroot/take.sdwanyue.com/phalapi/src/app/Domain/MerchantStoreProduct.php, Line: 498, Time: 1666859195]|[]
2022-10-27 16:26:35|NOTICE|Notice (8): Undefined offset: 3 in [File: /www/wwwroot/take.sdwanyue.com/phalapi/src/app/Domain/MerchantStoreProduct.php, Line: 498, Time: 1666859195]|[]
2022-10-27 16:26:38|NOTICE|Notice (8): Undefined index: type_id in [File: /www/wwwroot/take.sdwanyue.com/phalapi/src/app/Domain/MerchantStoreCart.php, Line: 447, Time: 1666859198]|[]
2022-10-27 16:26:38|NOTICE|Notice (8): Trying to access array offset on value of type bool in [File: /www/wwwroot/take.sdwanyue.com/phalapi/src/app/Model/MerchantType.php, Line: 146, Time: 1666859198]|[]
2022-10-27 16:26:42|NOTICE|Notice (8): Undefined index: type_id in [File: /www/wwwroot/take.sdwanyue.com/phalapi/src/app/Domain/MerchantStoreCart.php, Line: 447, Time: 1666859202]|[]
2022-10-27 16:26:42|NOTICE|Notice (8): Trying to access array offset on value of type bool in [File: /www/wwwroot/take.sdwanyue.com/phalapi/src/app/Model/MerchantType.php, Line: 146, Time: 1666859202]|[]
2022-10-27 16:26:46|NOTICE|Notice (8): Undefined offset: 3 in [File: /www/wwwroot/take.sdwanyue.com/phalapi/src/app/Domain/MerchantStoreProduct.php, Line: 498, Time: 1666859206]|[]
2022-10-27 16:26:46|NOTICE|Notice (8): Undefined offset: 3 in [File: /www/wwwroot/take.sdwanyue.com/phalapi/src/app/Domain/MerchantStoreProduct.php, Line: 498, Time: 1666859206]|[]
2022-10-27 16:26:49|NOTICE|Notice (8): Undefined offset: 3 in [File: /www/wwwroot/take.sdwanyue.com/phalapi/src/app/Domain/MerchantStoreProduct.php, Line: 498, Time: 1666859209]|[]
2022-10-27 16:26:52|NOTICE|Notice (8): Undefined offset: 3 in [File: /www/wwwroot/take.sdwanyue.com/phalapi/src/app/Domain/MerchantStoreProduct.php, Line: 498, Time: 1666859212]|[]
2022-10-27 16:26:52|NOTICE|Notice (8): Undefined offset: 3 in [File: /www/wwwroot/take.sdwanyue.com/phalapi/src/app/Domain/MerchantStoreProduct.php, Line: 498, Time: 1666859212]|[]
2022-10-27 16:26:58|NOTICE|Notice (8): Undefined index: type_id in [File: /www/wwwroot/take.sdwanyue.com/phalapi/src/app/Domain/MerchantStoreCart.php, Line: 447, Time: 1666859218]|[]
2022-10-27 16:26:58|NOTICE|Notice (8): Trying to access array offset on value of type bool in [File: /www/wwwroot/take.sdwanyue.com/phalapi/src/app/Model/MerchantType.php, Line: 146, Time: 1666859218]|[]
2022-10-27 16:26:59|NOTICE|Notice (8): Undefined index: type_id in [File: /www/wwwroot/take.sdwanyue.com/phalapi/src/app/Domain/MerchantStoreCart.php, Line: 447, Time: 1666859219]|[]
2022-10-27 16:26:59|NOTICE|Notice (8): Trying to access array offset on value of type bool in [File: /www/wwwroot/take.sdwanyue.com/phalapi/src/app/Model/MerchantType.php, Line: 146, Time: 1666859219]|[]
2022-10-27 16:27:17|NOTICE|Notice (8): Undefined index: type_id in [File: /www/wwwroot/take.sdwanyue.com/phalapi/src/app/Domain/MerchantStoreCart.php, Line: 447, Time: 1666859237]|[]
2022-10-27 16:27:17|NOTICE|Notice (8): Trying to access array offset on value of type bool in [File: /www/wwwroot/take.sdwanyue.com/phalapi/src/app/Model/MerchantType.php, Line: 146, Time: 1666859237]|[]
2022-10-27 16:27:34|NOTICE|Notice (8): Undefined index: type_id in [File: /www/wwwroot/take.sdwanyue.com/phalapi/src/app/Domain/MerchantStoreCart.php, Line: 447, Time: 1666859254]|[]
2022-10-27 16:27:34|NOTICE|Notice (8): Trying to access array offset on value of type bool in [File: /www/wwwroot/take.sdwanyue.com/phalapi/src/app/Model/MerchantType.php, Line: 146, Time: 1666859254]|[]
2022-10-27 16:27:36|NOTICE|Notice (8): Undefined index: type_id in [File: /www/wwwroot/take.sdwanyue.com/phalapi/src/app/Domain/MerchantStoreCart.php, Line: 447, Time: 1666859256]|[]
2022-10-27 16:27:36|NOTICE|Notice (8): Trying to access array offset on value of type bool in [File: /www/wwwroot/take.sdwanyue.com/phalapi/src/app/Model/MerchantType.php, Line: 146, Time: 1666859256]|[]
2022-10-27 16:27:50|NOTICE|Notice (8): Undefined index: type_id in [File: /www/wwwroot/take.sdwanyue.com/phalapi/src/app/Domain/MerchantStoreCart.php, Line: 447, Time: 1666859270]|[]
2022-10-27 16:27:50|NOTICE|Notice (8): Trying to access array offset on value of type bool in [File: /www/wwwroot/take.sdwanyue.com/phalapi/src/app/Model/MerchantType.php, Line: 146, Time: 1666859270]|[]
2022-10-27 16:27:51|NOTICE|Notice (8): Undefined index: type_id in [File: /www/wwwroot/take.sdwanyue.com/phalapi/src/app/Domain/MerchantStoreCart.php, Line: 447, Time: 1666859271]|[]
2022-10-27 16:27:51|NOTICE|Notice (8): Trying to access array offset on value of type bool in [File: /www/wwwroot/take.sdwanyue.com/phalapi/src/app/Model/MerchantType.php, Line: 146, Time: 1666859271]|[]
2022-10-27 16:27:51|NOTICE|Notice (8): Undefined index: type_id in [File: /www/wwwroot/take.sdwanyue.com/phalapi/src/app/Domain/MerchantStoreCart.php, Line: 447, Time: 1666859271]|[]
2022-10-27 16:27:51|NOTICE|Notice (8): Trying to access array offset on value of type bool in [File: /www/wwwroot/take.sdwanyue.com/phalapi/src/app/Model/MerchantType.php, Line: 146, Time: 1666859271]|[]
2022-10-27 16:27:51|NOTICE|Notice (8): Undefined index: type_id in [File: /www/wwwroot/take.sdwanyue.com/phalapi/src/app/Domain/MerchantStoreCart.php, Line: 447, Time: 1666859271]|[]
2022-10-27 16:27:51|NOTICE|Notice (8): Trying to access array offset on value of type bool in [File: /www/wwwroot/take.sdwanyue.com/phalapi/src/app/Model/MerchantType.php, Line: 146, Time: 1666859271]|[]
2022-10-27 16:27:52|NOTICE|Notice (8): Undefined index: type_id in [File: /www/wwwroot/take.sdwanyue.com/phalapi/src/app/Domain/MerchantStoreCart.php, Line: 447, Time: 1666859272]|[]
2022-10-27 16:27:52|NOTICE|Notice (8): Trying to access array offset on value of type bool in [File: /www/wwwroot/take.sdwanyue.com/phalapi/src/app/Model/MerchantType.php, Line: 146, Time: 1666859272]|[]
2022-10-27 16:27:52|NOTICE|Notice (8): Undefined index: type_id in [File: /www/wwwroot/take.sdwanyue.com/phalapi/src/app/Domain/MerchantStoreCart.php, Line: 447, Time: 1666859272]|[]
2022-10-27 16:27:52|NOTICE|Notice (8): Trying to access array offset on value of type bool in [File: /www/wwwroot/take.sdwanyue.com/phalapi/src/app/Model/MerchantType.php, Line: 146, Time: 1666859272]|[]
2022-10-27 16:27:52|NOTICE|Notice (8): Undefined index: type_id in [File: /www/wwwroot/take.sdwanyue.com/phalapi/src/app/Domain/MerchantStoreCart.php, Line: 447, Time: 1666859272]|[]
2022-10-27 16:27:52|NOTICE|Notice (8): Trying to access array offset on value of type bool in [File: /www/wwwroot/take.sdwanyue.com/phalapi/src/app/Model/MerchantType.php, Line: 146, Time: 1666859272]|[]
2022-10-27 16:27:52|NOTICE|Notice (8): Undefined index: type_id in [File: /www/wwwroot/take.sdwanyue.com/phalapi/src/app/Domain/MerchantStoreCart.php, Line: 447, Time: 1666859272]|[]
2022-10-27 16:27:52|NOTICE|Notice (8): Trying to access array offset on value of type bool in [File: /www/wwwroot/take.sdwanyue.com/phalapi/src/app/Model/MerchantType.php, Line: 146, Time: 1666859272]|[]
2022-10-27 16:27:52|NOTICE|Notice (8): Undefined index: type_id in [File: /www/wwwroot/take.sdwanyue.com/phalapi/src/app/Domain/MerchantStoreCart.php, Line: 447, Time: 1666859272]|[]
2022-10-27 16:27:52|NOTICE|Notice (8): Trying to access array offset on value of type bool in [File: /www/wwwroot/take.sdwanyue.com/phalapi/src/app/Model/MerchantType.php, Line: 146, Time: 1666859272]|[]
2022-10-27 16:27:53|NOTICE|Notice (8): Undefined index: type_id in [File: /www/wwwroot/take.sdwanyue.com/phalapi/src/app/Domain/MerchantStoreCart.php, Line: 447, Time: 1666859273]|[]
2022-10-27 16:27:53|NOTICE|Notice (8): Trying to access array offset on value of type bool in [File: /www/wwwroot/take.sdwanyue.com/phalapi/src/app/Model/MerchantType.php, Line: 146, Time: 1666859273]|[]
2022-10-27 16:27:53|NOTICE|Notice (8): Undefined index: type_id in [File: /www/wwwroot/take.sdwanyue.com/phalapi/src/app/Domain/MerchantStoreCart.php, Line: 447, Time: 1666859273]|[]
2022-10-27 16:27:53|NOTICE|Notice (8): Trying to access array offset on value of type bool in [File: /www/wwwroot/take.sdwanyue.com/phalapi/src/app/Model/MerchantType.php, Line: 146, Time: 1666859273]|[]
2022-10-27 16:31:15|NOTICE|Notice (8): Undefined offset: 3 in [File: /www/wwwroot/take.sdwanyue.com/phalapi/src/app/Domain/MerchantStoreProduct.php, Line: 498, Time: 1666859475]|[]
2022-10-27 16:31:15|NOTICE|Notice (8): Undefined offset: 3 in [File: /www/wwwroot/take.sdwanyue.com/phalapi/src/app/Domain/MerchantStoreProduct.php, Line: 498, Time: 1666859475]|[]
2022-10-27 16:31:15|NOTICE|Notice (8): Undefined offset: 3 in [File: /www/wwwroot/take.sdwanyue.com/phalapi/src/app/Domain/MerchantStoreProduct.php, Line: 498, Time: 1666859475]|[]
2022-10-27 16:31:15|NOTICE|Notice (8): Undefined offset: 3 in [File: /www/wwwroot/take.sdwanyue.com/phalapi/src/app/Domain/MerchantStoreProduct.php, Line: 498, Time: 1666859475]|[]
2022-10-27 16:31:15|NOTICE|Notice (8): Undefined offset: 3 in [File: /www/wwwroot/take.sdwanyue.com/phalapi/src/app/Domain/MerchantStoreProduct.php, Line: 498, Time: 1666859475]|[]
2022-10-27 16:31:15|NOTICE|Notice (8): Undefined offset: 3 in [File: /www/wwwroot/take.sdwanyue.com/phalapi/src/app/Domain/MerchantStoreProduct.php, Line: 498, Time: 1666859475]|[]
2022-10-27 16:31:15|NOTICE|Notice (8): Undefined offset: 3 in [File: /www/wwwroot/take.sdwanyue.com/phalapi/src/app/Domain/MerchantStoreProduct.php, Line: 498, Time: 1666859475]|[]
2022-10-27 16:31:15|NOTICE|Notice (8): Undefined offset: 3 in [File: /www/wwwroot/take.sdwanyue.com/phalapi/src/app/Domain/MerchantStoreProduct.php, Line: 498, Time: 1666859475]|[]
2022-10-27 16:31:15|NOTICE|Notice (8): Undefined offset: 3 in [File: /www/wwwroot/take.sdwanyue.com/phalapi/src/app/Domain/MerchantStoreProduct.php, Line: 498, Time: 1666859475]|[]
2022-10-27 16:31:15|NOTICE|Notice (8): Undefined offset: 3 in [File: /www/wwwroot/take.sdwanyue.com/phalapi/src/app/Domain/MerchantStoreProduct.php, Line: 498, Time: 1666859475]|[]
2022-10-27 16:31:15|NOTICE|Notice (8): Undefined offset: 3 in [File: /www/wwwroot/take.sdwanyue.com/phalapi/src/app/Domain/MerchantStoreProduct.php, Line: 498, Time: 1666859475]|[]
2022-10-27 16:31:25|NOTICE|Notice (8): Undefined offset: 3 in [File: /www/wwwroot/take.sdwanyue.com/phalapi/src/app/Domain/MerchantStoreProduct.php, Line: 498, Time: 1666859485]|[]
2022-10-27 16:31:25|NOTICE|Notice (8): Undefined offset: 3 in [File: /www/wwwroot/take.sdwanyue.com/phalapi/src/app/Domain/MerchantStoreProduct.php, Line: 498, Time: 1666859485]|[]
2022-10-27 16:31:25|NOTICE|Notice (8): Undefined offset: 3 in [File: /www/wwwroot/take.sdwanyue.com/phalapi/src/app/Domain/MerchantStoreProduct.php, Line: 498, Time: 1666859485]|[]
2022-10-27 16:31:25|NOTICE|Notice (8): Undefined offset: 3 in [File: /www/wwwroot/take.sdwanyue.com/phalapi/src/app/Domain/MerchantStoreProduct.php, Line: 498, Time: 1666859485]|[]
2022-10-27 16:31:25|NOTICE|Notice (8): Undefined offset: 3 in [File: /www/wwwroot/take.sdwanyue.com/phalapi/src/app/Domain/MerchantStoreProduct.php, Line: 498, Time: 1666859485]|[]
2022-10-27 16:31:25|NOTICE|Notice (8): Undefined offset: 3 in [File: /www/wwwroot/take.sdwanyue.com/phalapi/src/app/Domain/MerchantStoreProduct.php, Line: 498, Time: 1666859485]|[]
2022-10-27 16:31:25|NOTICE|Notice (8): Undefined offset: 3 in [File: /www/wwwroot/take.sdwanyue.com/phalapi/src/app/Domain/MerchantStoreProduct.php, Line: 498, Time: 1666859485]|[]
2022-10-27 16:31:25|NOTICE|Notice (8): Undefined offset: 3 in [File: /www/wwwroot/take.sdwanyue.com/phalapi/src/app/Domain/MerchantStoreProduct.php, Line: 498, Time: 1666859485]|[]
2022-10-27 16:31:25|NOTICE|Notice (8): Undefined offset: 3 in [File: /www/wwwroot/take.sdwanyue.com/phalapi/src/app/Domain/MerchantStoreProduct.php, Line: 498, Time: 1666859485]|[]
2022-10-27 16:31:25|NOTICE|Notice (8): Undefined offset: 3 in [File: /www/wwwroot/take.sdwanyue.com/phalapi/src/app/Domain/MerchantStoreProduct.php, Line: 498, Time: 1666859485]|[]
2022-10-27 16:31:25|NOTICE|Notice (8): Undefined offset: 3 in [File: /www/wwwroot/take.sdwanyue.com/phalapi/src/app/Domain/MerchantStoreProduct.php, Line: 498, Time: 1666859485]|[]
2022-10-27 16:31:37|NOTICE|Notice (8): Undefined offset: 3 in [File: /www/wwwroot/take.sdwanyue.com/phalapi/src/app/Domain/MerchantStoreProduct.php, Line: 498, Time: 1666859497]|[]
2022-10-27 16:31:37|NOTICE|Notice (8): Undefined offset: 3 in [File: /www/wwwroot/take.sdwanyue.com/phalapi/src/app/Domain/MerchantStoreProduct.php, Line: 498, Time: 1666859497]|[]
2022-10-27 16:31:40|NOTICE|Notice (8): Undefined index: type_id in [File: /www/wwwroot/take.sdwanyue.com/phalapi/src/app/Domain/MerchantStoreCart.php, Line: 447, Time: 1666859500]|[]
2022-10-27 16:31:40|NOTICE|Notice (8): Trying to access array offset on value of type bool in [File: /www/wwwroot/take.sdwanyue.com/phalapi/src/app/Model/MerchantType.php, Line: 146, Time: 1666859500]|[]
2022-10-27 16:31:41|NOTICE|Notice (8): Undefined index: type_id in [File: /www/wwwroot/take.sdwanyue.com/phalapi/src/app/Domain/MerchantStoreCart.php, Line: 447, Time: 1666859501]|[]
2022-10-27 16:31:41|NOTICE|Notice (8): Trying to access array offset on value of type bool in [File: /www/wwwroot/take.sdwanyue.com/phalapi/src/app/Model/MerchantType.php, Line: 146, Time: 1666859501]|[]
2022-10-27 16:32:09|NOTICE|Notice (8): Undefined offset: 3 in [File: /www/wwwroot/take.sdwanyue.com/phalapi/src/app/Domain/MerchantStoreProduct.php, Line: 498, Time: 1666859529]|[]
2022-10-27 16:32:09|NOTICE|Notice (8): Undefined offset: 3 in [File: /www/wwwroot/take.sdwanyue.com/phalapi/src/app/Domain/MerchantStoreProduct.php, Line: 498, Time: 1666859529]|[]
2022-10-27 16:32:09|NOTICE|Notice (8): Undefined offset: 3 in [File: /www/wwwroot/take.sdwanyue.com/phalapi/src/app/Domain/MerchantStoreProduct.php, Line: 498, Time: 1666859529]|[]
2022-10-27 16:32:09|NOTICE|Notice (8): Undefined offset: 3 in [File: /www/wwwroot/take.sdwanyue.com/phalapi/src/app/Domain/MerchantStoreProduct.php, Line: 498, Time: 1666859529]|[]
2022-10-27 16:32:09|NOTICE|Notice (8): Undefined offset: 3 in [File: /www/wwwroot/take.sdwanyue.com/phalapi/src/app/Domain/MerchantStoreProduct.php, Line: 498, Time: 1666859529]|[]
2022-10-27 16:32:09|NOTICE|Notice (8): Undefined offset: 3 in [File: /www/wwwroot/take.sdwanyue.com/phalapi/src/app/Domain/MerchantStoreProduct.php, Line: 498, Time: 1666859529]|[]
2022-10-27 16:32:09|NOTICE|Notice (8): Undefined offset: 3 in [File: /www/wwwroot/take.sdwanyue.com/phalapi/src/app/Domain/MerchantStoreProduct.php, Line: 498, Time: 1666859529]|[]
2022-10-27 16:32:09|NOTICE|Notice (8): Undefined offset: 3 in [File: /www/wwwroot/take.sdwanyue.com/phalapi/src/app/Domain/MerchantStoreProduct.php, Line: 498, Time: 1666859529]|[]
2022-10-27 16:32:09|NOTICE|Notice (8): Undefined offset: 3 in [File: /www/wwwroot/take.sdwanyue.com/phalapi/src/app/Domain/MerchantStoreProduct.php, Line: 498, Time: 1666859529]|[]
2022-10-27 16:32:09|NOTICE|Notice (8): Undefined offset: 3 in [File: /www/wwwroot/take.sdwanyue.com/phalapi/src/app/Domain/MerchantStoreProduct.php, Line: 498, Time: 1666859529]|[]
2022-10-27 16:32:09|NOTICE|Notice (8): Undefined offset: 3 in [File: /www/wwwroot/take.sdwanyue.com/phalapi/src/app/Domain/MerchantStoreProduct.php, Line: 498, Time: 1666859529]|[]
2022-10-27 16:32:14|NOTICE|Notice (8): Undefined offset: 3 in [File: /www/wwwroot/take.sdwanyue.com/phalapi/src/app/Domain/MerchantStoreProduct.php, Line: 498, Time: 1666859534]|[]
2022-10-27 16:32:14|NOTICE|Notice (8): Undefined offset: 3 in [File: /www/wwwroot/take.sdwanyue.com/phalapi/src/app/Domain/MerchantStoreProduct.php, Line: 498, Time: 1666859534]|[]
2022-10-27 16:39:45|NOTICE|Notice (8): Undefined offset: 3 in [File: /www/wwwroot/take.sdwanyue.com/phalapi/src/app/Domain/MerchantStoreProduct.php, Line: 498, Time: 1666859985]|[]
2022-10-27 16:39:45|NOTICE|Notice (8): Undefined offset: 3 in [File: /www/wwwroot/take.sdwanyue.com/phalapi/src/app/Domain/MerchantStoreProduct.php, Line: 498, Time: 1666859985]|[]
2022-10-27 16:39:45|NOTICE|Notice (8): Undefined offset: 3 in [File: /www/wwwroot/take.sdwanyue.com/phalapi/src/app/Domain/MerchantStoreProduct.php, Line: 498, Time: 1666859985]|[]
2022-10-27 16:39:45|NOTICE|Notice (8): Undefined offset: 3 in [File: /www/wwwroot/take.sdwanyue.com/phalapi/src/app/Domain/MerchantStoreProduct.php, Line: 498, Time: 1666859985]|[]
2022-10-27 16:39:45|NOTICE|Notice (8): Undefined offset: 3 in [File: /www/wwwroot/take.sdwanyue.com/phalapi/src/app/Domain/MerchantStoreProduct.php, Line: 498, Time: 1666859985]|[]
2022-10-27 16:39:45|NOTICE|Notice (8): Undefined offset: 3 in [File: /www/wwwroot/take.sdwanyue.com/phalapi/src/app/Domain/MerchantStoreProduct.php, Line: 498, Time: 1666859985]|[]
2022-10-27 16:39:45|NOTICE|Notice (8): Undefined offset: 3 in [File: /www/wwwroot/take.sdwanyue.com/phalapi/src/app/Domain/MerchantStoreProduct.php, Line: 498, Time: 1666859985]|[]
2022-10-27 16:39:45|NOTICE|Notice (8): Undefined offset: 3 in [File: /www/wwwroot/take.sdwanyue.com/phalapi/src/app/Domain/MerchantStoreProduct.php, Line: 498, Time: 1666859985]|[]
2022-10-27 16:39:45|NOTICE|Notice (8): Undefined offset: 3 in [File: /www/wwwroot/take.sdwanyue.com/phalapi/src/app/Domain/MerchantStoreProduct.php, Line: 498, Time: 1666859985]|[]
2022-10-27 16:39:45|NOTICE|Notice (8): Undefined offset: 3 in [File: /www/wwwroot/take.sdwanyue.com/phalapi/src/app/Domain/MerchantStoreProduct.php, Line: 498, Time: 1666859985]|[]
2022-10-27 16:39:45|NOTICE|Notice (8): Undefined offset: 3 in [File: /www/wwwroot/take.sdwanyue.com/phalapi/src/app/Domain/MerchantStoreProduct.php, Line: 498, Time: 1666859985]|[]
2022-10-27 16:39:49|NOTICE|Notice (8): Undefined offset: 3 in [File: /www/wwwroot/take.sdwanyue.com/phalapi/src/app/Domain/MerchantStoreProduct.php, Line: 498, Time: 1666859989]|[]
2022-10-27 16:39:49|NOTICE|Notice (8): Undefined offset: 3 in [File: /www/wwwroot/take.sdwanyue.com/phalapi/src/app/Domain/MerchantStoreProduct.php, Line: 498, Time: 1666859989]|[]
2022-10-27 16:40:59|NOTICE|Notice (8): curl_setopt(): CURLOPT_SSL_VERIFYHOST no longer accepts the value 1, value 2 will be used instead in [File: /www/wwwroot/take.sdwanyue.com/phalapi/src/app/Domain/Wxpay.php, Line: 296, Time: 1666860059]|[]
2022-10-27 16:42:02|NOTICE|Notice (8): curl_setopt(): CURLOPT_SSL_VERIFYHOST no longer accepts the value 1, value 2 will be used instead in [File: /www/wwwroot/take.sdwanyue.com/phalapi/src/app/Domain/Wxpay.php, Line: 296, Time: 1666860122]|[]
2022-10-27 16:44:28|NOTICE|Notice (8): Undefined index: type_id in [File: /www/wwwroot/take.sdwanyue.com/phalapi/src/app/Domain/MerchantStoreCart.php, Line: 447, Time: 1666860268]|[]
2022-10-27 16:44:28|NOTICE|Notice (8): Trying to access array offset on value of type bool in [File: /www/wwwroot/take.sdwanyue.com/phalapi/src/app/Model/MerchantType.php, Line: 146, Time: 1666860268]|[]
2022-10-27 16:53:47|NOTICE|Notice (8): curl_setopt(): CURLOPT_SSL_VERIFYHOST no longer accepts the value 1, value 2 will be used instead in [File: /www/wwwroot/take.sdwanyue.com/phalapi/src/app/Domain/Wxpay.php, Line: 296, Time: 1666860827]|[]
2022-10-27 16:56:16|NOTICE|Notice (8): Undefined index: open_date in [File: /www/wwwroot/take.sdwanyue.com/phalapi/src/app/Domain/MerchantStore.php, Line: 446, Time: 1666860976]|[]
2022-10-27 16:56:16|NOTICE|Notice (8): Undefined index: open_time in [File: /www/wwwroot/take.sdwanyue.com/phalapi/src/app/Domain/MerchantStore.php, Line: 446, Time: 1666860976]|[]
2022-10-27 16:56:26|NOTICE|Notice (8): Undefined index: open_date in [File: /www/wwwroot/take.sdwanyue.com/phalapi/src/app/Domain/MerchantStore.php, Line: 446, Time: 1666860986]|[]
2022-10-27 16:56:26|NOTICE|Notice (8): Undefined index: open_time in [File: /www/wwwroot/take.sdwanyue.com/phalapi/src/app/Domain/MerchantStore.php, Line: 446, Time: 1666860986]|[]
2022-10-27 16:56:41|NOTICE|Notice (8): Undefined index: open_date in [File: /www/wwwroot/take.sdwanyue.com/phalapi/src/app/Domain/MerchantStore.php, Line: 446, Time: 1666861001]|[]
2022-10-27 16:56:41|NOTICE|Notice (8): Undefined index: open_time in [File: /www/wwwroot/take.sdwanyue.com/phalapi/src/app/Domain/MerchantStore.php, Line: 446, Time: 1666861001]|[]
2022-10-27 16:56:41|NOTICE|Notice (8): Undefined index: open_date in [File: /www/wwwroot/take.sdwanyue.com/phalapi/src/app/Domain/MerchantStore.php, Line: 446, Time: 1666861001]|[]
2022-10-27 16:56:41|NOTICE|Notice (8): Undefined index: open_time in [File: /www/wwwroot/take.sdwanyue.com/phalapi/src/app/Domain/MerchantStore.php, Line: 446, Time: 1666861001]|[]
2022-10-27 16:58:09|NOTICE|Notice (8): Undefined index: open_date in [File: /www/wwwroot/take.sdwanyue.com/phalapi/src/app/Domain/MerchantStore.php, Line: 446, Time: 1666861089]|[]
2022-10-27 16:58:09|NOTICE|Notice (8): Undefined index: open_time in [File: /www/wwwroot/take.sdwanyue.com/phalapi/src/app/Domain/MerchantStore.php, Line: 446, Time: 1666861089]|[]
2022-10-27 16:58:39|NOTICE|Notice (8): Undefined index: open_date in [File: /www/wwwroot/take.sdwanyue.com/phalapi/src/app/Domain/MerchantStore.php, Line: 446, Time: 1666861119]|[]
2022-10-27 16:58:39|NOTICE|Notice (8): Undefined index: open_time in [File: /www/wwwroot/take.sdwanyue.com/phalapi/src/app/Domain/MerchantStore.php, Line: 446, Time: 1666861119]|[]
2022-10-27 17:00:36|NOTICE|Notice (8): Undefined offset: 3 in [File: /www/wwwroot/take.sdwanyue.com/phalapi/src/app/Domain/MerchantStoreProduct.php, Line: 498, Time: 1666861236]|[]
2022-10-27 17:00:36|NOTICE|Notice (8): Undefined offset: 3 in [File: /www/wwwroot/take.sdwanyue.com/phalapi/src/app/Domain/MerchantStoreProduct.php, Line: 498, Time: 1666861236]|[]
2022-10-27 17:07:30|NOTICE|Notice (8): Undefined property: YiLianYun::$name in [File: /www/wwwroot/take.sdwanyue.com/sdk/yiLianYun/YiLianYun.php, Line: 81, Time: 1666861650]|[]
2022-10-27 17:07:30|NOTICE|Notice (8): Undefined property: YiLianYun::$accessToken in [File: /www/wwwroot/take.sdwanyue.com/sdk/yiLianYun/YiLianYun.php, Line: 81, Time: 1666861650]|[]
2022-10-27 17:07:30|NOTICE|Notice (8): Trying to access array offset on value of type null in [File: /www/wwwroot/take.sdwanyue.com/sdk/yiLianYun/YiLianYun.php, Line: 81, Time: 1666861650]|[]
2022-10-27 17:09:50|NOTICE|Notice (8): Undefined property: YiLianYun::$name in [File: /www/wwwroot/take.sdwanyue.com/sdk/yiLianYun/YiLianYun.php, Line: 82, Time: 1666861790]|[]
2022-10-27 17:09:50|NOTICE|Notice (8): Undefined property: YiLianYun::$accessToken in [File: /www/wwwroot/take.sdwanyue.com/sdk/yiLianYun/YiLianYun.php, Line: 82, Time: 1666861790]|[]
2022-10-27 17:09:50|NOTICE|Notice (8): Trying to access array offset on value of type null in [File: /www/wwwroot/take.sdwanyue.com/sdk/yiLianYun/YiLianYun.php, Line: 82, Time: 1666861790]|[]
2022-10-27 17:30:39|NOTICE|Notice (8): Undefined index: distance in [File: /www/wwwroot/take.sdwanyue.com/phalapi/src/app/Domain/MerchantStore.php, Line: 756, Time: 1666863039]|[]
2022-10-27 17:30:39|NOTICE|Notice (8): Undefined index: lng in [File: /www/wwwroot/take.sdwanyue.com/phalapi/src/app/Domain/MerchantStore.php, Line: 762, Time: 1666863039]|[]
2022-10-27 17:30:39|NOTICE|Notice (8): Undefined index: lat in [File: /www/wwwroot/take.sdwanyue.com/phalapi/src/app/Domain/MerchantStore.php, Line: 762, Time: 1666863039]|[]
2022-10-27 17:34:17|NOTICE|Notice (8): Undefined index: distance in [File: /www/wwwroot/take.sdwanyue.com/phalapi/src/app/Domain/MerchantStore.php, Line: 756, Time: 1666863257]|[]
2022-10-27 17:34:17|NOTICE|Notice (8): Undefined index: lng in [File: /www/wwwroot/take.sdwanyue.com/phalapi/src/app/Domain/MerchantStore.php, Line: 762, Time: 1666863257]|[]
2022-10-27 17:34:17|NOTICE|Notice (8): Undefined index: lat in [File: /www/wwwroot/take.sdwanyue.com/phalapi/src/app/Domain/MerchantStore.php, Line: 762, Time: 1666863257]|[]
2022-10-27 17:35:25|NOTICE|Notice (8): Undefined index: type_id in [File: /www/wwwroot/take.sdwanyue.com/phalapi/src/app/Domain/MerchantStoreCart.php, Line: 447, Time: 1666863325]|[]
2022-10-27 17:35:25|NOTICE|Notice (8): Trying to access array offset on value of type bool in [File: /www/wwwroot/take.sdwanyue.com/phalapi/src/app/Model/MerchantType.php, Line: 146, Time: 1666863325]|[]
2022-10-27 17:37:29|NOTICE|Notice (8): Undefined offset: 3 in [File: /www/wwwroot/take.sdwanyue.com/phalapi/src/app/Domain/MerchantStoreProduct.php, Line: 498, Time: 1666863449]|[]
2022-10-27 17:37:29|NOTICE|Notice (8): Undefined offset: 3 in [File: /www/wwwroot/take.sdwanyue.com/phalapi/src/app/Domain/MerchantStoreProduct.php, Line: 498, Time: 1666863449]|[]
2022-10-27 17:37:29|NOTICE|Notice (8): Undefined offset: 3 in [File: /www/wwwroot/take.sdwanyue.com/phalapi/src/app/Domain/MerchantStoreProduct.php, Line: 498, Time: 1666863449]|[]
2022-10-27 17:37:29|NOTICE|Notice (8): Undefined offset: 3 in [File: /www/wwwroot/take.sdwanyue.com/phalapi/src/app/Domain/MerchantStoreProduct.php, Line: 498, Time: 1666863449]|[]
2022-10-27 17:37:29|NOTICE|Notice (8): Undefined offset: 3 in [File: /www/wwwroot/take.sdwanyue.com/phalapi/src/app/Domain/MerchantStoreProduct.php, Line: 498, Time: 1666863449]|[]
2022-10-27 17:37:29|NOTICE|Notice (8): Undefined offset: 3 in [File: /www/wwwroot/take.sdwanyue.com/phalapi/src/app/Domain/MerchantStoreProduct.php, Line: 498, Time: 1666863449]|[]
2022-10-27 17:37:29|NOTICE|Notice (8): Undefined offset: 3 in [File: /www/wwwroot/take.sdwanyue.com/phalapi/src/app/Domain/MerchantStoreProduct.php, Line: 498, Time: 1666863449]|[]
2022-10-27 17:37:29|NOTICE|Notice (8): Undefined offset: 3 in [File: /www/wwwroot/take.sdwanyue.com/phalapi/src/app/Domain/MerchantStoreProduct.php, Line: 498, Time: 1666863449]|[]
2022-10-27 17:37:29|NOTICE|Notice (8): Undefined offset: 3 in [File: /www/wwwroot/take.sdwanyue.com/phalapi/src/app/Domain/MerchantStoreProduct.php, Line: 498, Time: 1666863449]|[]
2022-10-27 17:37:29|NOTICE|Notice (8): Undefined offset: 3 in [File: /www/wwwroot/take.sdwanyue.com/phalapi/src/app/Domain/MerchantStoreProduct.php, Line: 498, Time: 1666863449]|[]
2022-10-27 17:37:29|NOTICE|Notice (8): Undefined offset: 3 in [File: /www/wwwroot/take.sdwanyue.com/phalapi/src/app/Domain/MerchantStoreProduct.php, Line: 498, Time: 1666863449]|[]
2022-10-27 17:37:32|NOTICE|Notice (8): Undefined offset: 3 in [File: /www/wwwroot/take.sdwanyue.com/phalapi/src/app/Domain/MerchantStoreProduct.php, Line: 498, Time: 1666863452]|[]
2022-10-27 17:37:32|NOTICE|Notice (8): Undefined offset: 3 in [File: /www/wwwroot/take.sdwanyue.com/phalapi/src/app/Domain/MerchantStoreProduct.php, Line: 498, Time: 1666863452]|[]
2022-10-27 17:38:06|NOTICE|Notice (8): Undefined index: thumb in [File: /www/wwwroot/take.sdwanyue.com/phalapi/src/merchant/Domain/MerchantStoreType.php, Line: 36, Time: 1666863486]|[]
2022-10-27 17:38:07|NOTICE|Notice (8): Undefined index: thumb in [File: /www/wwwroot/take.sdwanyue.com/phalapi/src/merchant/Domain/MerchantStoreType.php, Line: 36, Time: 1666863487]|[]
2022-10-27 17:38:09|NOTICE|Notice (8): Undefined index: thumb in [File: /www/wwwroot/take.sdwanyue.com/phalapi/src/merchant/Domain/MerchantStoreType.php, Line: 36, Time: 1666863489]|[]
2022-10-27 17:44:53|NOTICE|Notice (8): Undefined offset: 3 in [File: /www/wwwroot/take.sdwanyue.com/phalapi/src/app/Domain/MerchantStoreProduct.php, Line: 498, Time: 1666863893]|[]
2022-10-27 17:44:53|NOTICE|Notice (8): Undefined offset: 3 in [File: /www/wwwroot/take.sdwanyue.com/phalapi/src/app/Domain/MerchantStoreProduct.php, Line: 498, Time: 1666863893]|[]
2022-10-27 17:44:53|NOTICE|Notice (8): Undefined offset: 3 in [File: /www/wwwroot/take.sdwanyue.com/phalapi/src/app/Domain/MerchantStoreProduct.php, Line: 498, Time: 1666863893]|[]
2022-10-27 17:44:53|NOTICE|Notice (8): Undefined offset: 3 in [File: /www/wwwroot/take.sdwanyue.com/phalapi/src/app/Domain/MerchantStoreProduct.php, Line: 498, Time: 1666863893]|[]
2022-10-27 17:44:53|NOTICE|Notice (8): Undefined offset: 3 in [File: /www/wwwroot/take.sdwanyue.com/phalapi/src/app/Domain/MerchantStoreProduct.php, Line: 498, Time: 1666863893]|[]
2022-10-27 17:44:53|NOTICE|Notice (8): Undefined offset: 3 in [File: /www/wwwroot/take.sdwanyue.com/phalapi/src/app/Domain/MerchantStoreProduct.php, Line: 498, Time: 1666863893]|[]
2022-10-27 17:44:53|NOTICE|Notice (8): Undefined offset: 3 in [File: /www/wwwroot/take.sdwanyue.com/phalapi/src/app/Domain/MerchantStoreProduct.php, Line: 498, Time: 1666863893]|[]
2022-10-27 17:44:53|NOTICE|Notice (8): Undefined offset: 3 in [File: /www/wwwroot/take.sdwanyue.com/phalapi/src/app/Domain/MerchantStoreProduct.php, Line: 498, Time: 1666863893]|[]
2022-10-27 17:44:53|NOTICE|Notice (8): Undefined offset: 3 in [File: /www/wwwroot/take.sdwanyue.com/phalapi/src/app/Domain/MerchantStoreProduct.php, Line: 498, Time: 1666863893]|[]
2022-10-27 17:44:53|NOTICE|Notice (8): Undefined offset: 3 in [File: /www/wwwroot/take.sdwanyue.com/phalapi/src/app/Domain/MerchantStoreProduct.php, Line: 498, Time: 1666863893]|[]
2022-10-27 17:44:53|NOTICE|Notice (8): Undefined offset: 3 in [File: /www/wwwroot/take.sdwanyue.com/phalapi/src/app/Domain/MerchantStoreProduct.php, Line: 498, Time: 1666863893]|[]
2022-10-27 17:50:54|NOTICE|Notice (8): Undefined index: name in [File: /www/wwwroot/take.sdwanyue.com/sdk/yiLianYun/YiLianYun.php, Line: 185, Time: 1666864254]|[]
2022-10-27 17:50:54|NOTICE|Notice (8): Undefined index: real_name in [File: /www/wwwroot/take.sdwanyue.com/sdk/yiLianYun/YiLianYun.php, Line: 191, Time: 1666864254]|[]
2022-10-27 17:50:54|NOTICE|Notice (8): Undefined index: user_phone in [File: /www/wwwroot/take.sdwanyue.com/sdk/yiLianYun/YiLianYun.php, Line: 192, Time: 1666864254]|[]
2022-10-27 17:50:54|NOTICE|Notice (8): Undefined index: user_address in [File: /www/wwwroot/take.sdwanyue.com/sdk/yiLianYun/YiLianYun.php, Line: 193, Time: 1666864254]|[]
2022-10-27 17:50:54|NOTICE|Notice (8): Undefined index: total_price in [File: /www/wwwroot/take.sdwanyue.com/sdk/yiLianYun/YiLianYun.php, Line: 199, Time: 1666864254]|[]
2022-10-27 17:50:54|NOTICE|Notice (8): Undefined index: coupon_price in [File: /www/wwwroot/take.sdwanyue.com/sdk/yiLianYun/YiLianYun.php, Line: 199, Time: 1666864254]|[]
2022-10-27 17:50:54|NOTICE|Notice (8): Undefined index: pay_postage in [File: /www/wwwroot/take.sdwanyue.com/sdk/yiLianYun/YiLianYun.php, Line: 200, Time: 1666864254]|[]
2022-10-27 17:51:02|NOTICE|Notice (8): Undefined index: name in [File: /www/wwwroot/take.sdwanyue.com/sdk/yiLianYun/YiLianYun.php, Line: 185, Time: 1666864262]|[]
2022-10-27 17:51:02|NOTICE|Notice (8): Undefined index: order_id in [File: /www/wwwroot/take.sdwanyue.com/sdk/yiLianYun/YiLianYun.php, Line: 188, Time: 1666864262]|[]
2022-10-27 17:51:02|NOTICE|Notice (8): Undefined index: real_name in [File: /www/wwwroot/take.sdwanyue.com/sdk/yiLianYun/YiLianYun.php, Line: 191, Time: 1666864262]|[]
2022-10-27 17:51:02|NOTICE|Notice (8): Undefined index: user_phone in [File: /www/wwwroot/take.sdwanyue.com/sdk/yiLianYun/YiLianYun.php, Line: 192, Time: 1666864262]|[]
2022-10-27 17:51:02|NOTICE|Notice (8): Undefined index: user_address in [File: /www/wwwroot/take.sdwanyue.com/sdk/yiLianYun/YiLianYun.php, Line: 193, Time: 1666864262]|[]
2022-10-27 17:51:02|NOTICE|Notice (8): Undefined index: total_price in [File: /www/wwwroot/take.sdwanyue.com/sdk/yiLianYun/YiLianYun.php, Line: 199, Time: 1666864262]|[]
2022-10-27 17:51:02|NOTICE|Notice (8): Undefined index: coupon_price in [File: /www/wwwroot/take.sdwanyue.com/sdk/yiLianYun/YiLianYun.php, Line: 199, Time: 1666864262]|[]
2022-10-27 17:51:02|NOTICE|Notice (8): Undefined index: pay_postage in [File: /www/wwwroot/take.sdwanyue.com/sdk/yiLianYun/YiLianYun.php, Line: 200, Time: 1666864262]|[]
2022-10-27 17:51:08|NOTICE|Notice (8): Undefined index: thumb in [File: /www/wwwroot/take.sdwanyue.com/phalapi/src/merchant/Domain/MerchantStoreType.php, Line: 36, Time: 1666864268]|[]
2022-10-27 17:56:03|NOTICE|Notice (8): Undefined index: distance in [File: /www/wwwroot/take.sdwanyue.com/phalapi/src/app/Domain/MerchantStore.php, Line: 756, Time: 1666864563]|[]
2022-10-27 17:56:03|NOTICE|Notice (8): Undefined index: lng in [File: /www/wwwroot/take.sdwanyue.com/phalapi/src/app/Domain/MerchantStore.php, Line: 762, Time: 1666864563]|[]
2022-10-27 17:56:03|NOTICE|Notice (8): Undefined index: lat in [File: /www/wwwroot/take.sdwanyue.com/phalapi/src/app/Domain/MerchantStore.php, Line: 762, Time: 1666864563]|[]
2022-10-27 17:56:16|NOTICE|Notice (8): Undefined offset: 3 in [File: /www/wwwroot/take.sdwanyue.com/phalapi/src/app/Domain/MerchantStoreProduct.php, Line: 498, Time: 1666864576]|[]
2022-10-27 17:56:16|NOTICE|Notice (8): Undefined offset: 3 in [File: /www/wwwroot/take.sdwanyue.com/phalapi/src/app/Domain/MerchantStoreProduct.php, Line: 498, Time: 1666864576]|[]
2022-10-27 17:56:16|NOTICE|Notice (8): Undefined offset: 3 in [File: /www/wwwroot/take.sdwanyue.com/phalapi/src/app/Domain/MerchantStoreProduct.php, Line: 498, Time: 1666864576]|[]
2022-10-27 17:56:16|NOTICE|Notice (8): Undefined offset: 3 in [File: /www/wwwroot/take.sdwanyue.com/phalapi/src/app/Domain/MerchantStoreProduct.php, Line: 498, Time: 1666864576]|[]
2022-10-27 17:56:16|NOTICE|Notice (8): Undefined offset: 3 in [File: /www/wwwroot/take.sdwanyue.com/phalapi/src/app/Domain/MerchantStoreProduct.php, Line: 498, Time: 1666864576]|[]
2022-10-27 17:56:16|NOTICE|Notice (8): Undefined offset: 3 in [File: /www/wwwroot/take.sdwanyue.com/phalapi/src/app/Domain/MerchantStoreProduct.php, Line: 498, Time: 1666864576]|[]
2022-10-27 17:56:16|NOTICE|Notice (8): Undefined offset: 3 in [File: /www/wwwroot/take.sdwanyue.com/phalapi/src/app/Domain/MerchantStoreProduct.php, Line: 498, Time: 1666864576]|[]
2022-10-27 17:56:16|NOTICE|Notice (8): Undefined offset: 3 in [File: /www/wwwroot/take.sdwanyue.com/phalapi/src/app/Domain/MerchantStoreProduct.php, Line: 498, Time: 1666864576]|[]
2022-10-27 17:56:16|NOTICE|Notice (8): Undefined offset: 3 in [File: /www/wwwroot/take.sdwanyue.com/phalapi/src/app/Domain/MerchantStoreProduct.php, Line: 498, Time: 1666864576]|[]
2022-10-27 17:56:16|NOTICE|Notice (8): Undefined offset: 3 in [File: /www/wwwroot/take.sdwanyue.com/phalapi/src/app/Domain/MerchantStoreProduct.php, Line: 498, Time: 1666864576]|[]
2022-10-27 17:56:16|NOTICE|Notice (8): Undefined offset: 3 in [File: /www/wwwroot/take.sdwanyue.com/phalapi/src/app/Domain/MerchantStoreProduct.php, Line: 498, Time: 1666864576]|[]
2022-10-27 17:56:23|NOTICE|Notice (8): Undefined offset: 3 in [File: /www/wwwroot/take.sdwanyue.com/phalapi/src/app/Domain/MerchantStoreProduct.php, Line: 498, Time: 1666864583]|[]
2022-10-27 17:56:23|NOTICE|Notice (8): Undefined offset: 3 in [File: /www/wwwroot/take.sdwanyue.com/phalapi/src/app/Domain/MerchantStoreProduct.php, Line: 498, Time: 1666864583]|[]
2022-10-27 17:56:39|NOTICE|Notice (8): Undefined offset: 3 in [File: /www/wwwroot/take.sdwanyue.com/phalapi/src/app/Domain/MerchantStoreProduct.php, Line: 498, Time: 1666864599]|[]
2022-10-27 17:56:42|NOTICE|Notice (8): Undefined offset: 3 in [File: /www/wwwroot/take.sdwanyue.com/phalapi/src/app/Domain/MerchantStoreProduct.php, Line: 498, Time: 1666864602]|[]
2022-10-27 17:56:42|NOTICE|Notice (8): Undefined offset: 3 in [File: /www/wwwroot/take.sdwanyue.com/phalapi/src/app/Domain/MerchantStoreProduct.php, Line: 498, Time: 1666864602]|[]
2022-10-27 17:56:44|NOTICE|Notice (8): Undefined index: type_id in [File: /www/wwwroot/take.sdwanyue.com/phalapi/src/app/Domain/MerchantStoreCart.php, Line: 447, Time: 1666864604]|[]
2022-10-27 17:56:44|NOTICE|Notice (8): Trying to access array offset on value of type bool in [File: /www/wwwroot/take.sdwanyue.com/phalapi/src/app/Model/MerchantType.php, Line: 146, Time: 1666864604]|[]
2022-10-27 17:56:45|NOTICE|Notice (8): Undefined index: type_id in [File: /www/wwwroot/take.sdwanyue.com/phalapi/src/app/Domain/MerchantStoreCart.php, Line: 447, Time: 1666864605]|[]
2022-10-27 17:56:45|NOTICE|Notice (8): Trying to access array offset on value of type bool in [File: /www/wwwroot/take.sdwanyue.com/phalapi/src/app/Model/MerchantType.php, Line: 146, Time: 1666864605]|[]
2022-10-27 17:56:54|NOTICE|Notice (8): Undefined index: type_id in [File: /www/wwwroot/take.sdwanyue.com/phalapi/src/app/Domain/MerchantStoreCart.php, Line: 447, Time: 1666864614]|[]
2022-10-27 17:56:54|NOTICE|Notice (8): Trying to access array offset on value of type bool in [File: /www/wwwroot/take.sdwanyue.com/phalapi/src/app/Model/MerchantType.php, Line: 146, Time: 1666864614]|[]
2022-10-27 17:56:54|NOTICE|Notice (8): Undefined index: type_id in [File: /www/wwwroot/take.sdwanyue.com/phalapi/src/app/Domain/MerchantStoreCart.php, Line: 447, Time: 1666864614]|[]
2022-10-27 17:56:54|NOTICE|Notice (8): Trying to access array offset on value of type bool in [File: /www/wwwroot/take.sdwanyue.com/phalapi/src/app/Model/MerchantType.php, Line: 146, Time: 1666864614]|[]
2022-10-27 17:56:55|NOTICE|Notice (8): Undefined index: type_id in [File: /www/wwwroot/take.sdwanyue.com/phalapi/src/app/Domain/MerchantStoreCart.php, Line: 447, Time: 1666864615]|[]
2022-10-27 17:56:55|NOTICE|Notice (8): Trying to access array offset on value of type bool in [File: /www/wwwroot/take.sdwanyue.com/phalapi/src/app/Model/MerchantType.php, Line: 146, Time: 1666864615]|[]
2022-10-27 17:56:55|NOTICE|Notice (8): Undefined index: type_id in [File: /www/wwwroot/take.sdwanyue.com/phalapi/src/app/Domain/MerchantStoreCart.php, Line: 447, Time: 1666864615]|[]
2022-10-27 17:56:55|NOTICE|Notice (8): Trying to access array offset on value of type bool in [File: /www/wwwroot/take.sdwanyue.com/phalapi/src/app/Model/MerchantType.php, Line: 146, Time: 1666864615]|[]
2022-10-27 17:56:55|NOTICE|Notice (8): Undefined index: type_id in [File: /www/wwwroot/take.sdwanyue.com/phalapi/src/app/Domain/MerchantStoreCart.php, Line: 447, Time: 1666864615]|[]
2022-10-27 17:56:55|NOTICE|Notice (8): Trying to access array offset on value of type bool in [File: /www/wwwroot/take.sdwanyue.com/phalapi/src/app/Model/MerchantType.php, Line: 146, Time: 1666864615]|[]
2022-10-27 17:56:56|NOTICE|Notice (8): Undefined index: type_id in [File: /www/wwwroot/take.sdwanyue.com/phalapi/src/app/Domain/MerchantStoreCart.php, Line: 447, Time: 1666864616]|[]
2022-10-27 17:56:56|NOTICE|Notice (8): Trying to access array offset on value of type bool in [File: /www/wwwroot/take.sdwanyue.com/phalapi/src/app/Model/MerchantType.php, Line: 146, Time: 1666864616]|[]
2022-10-27 17:56:56|NOTICE|Notice (8): Undefined index: type_id in [File: /www/wwwroot/take.sdwanyue.com/phalapi/src/app/Domain/MerchantStoreCart.php, Line: 447, Time: 1666864616]|[]
2022-10-27 17:56:56|NOTICE|Notice (8): Trying to access array offset on value of type bool in [File: /www/wwwroot/take.sdwanyue.com/phalapi/src/app/Model/MerchantType.php, Line: 146, Time: 1666864616]|[]
2022-10-27 17:56:56|NOTICE|Notice (8): Undefined index: type_id in [File: /www/wwwroot/take.sdwanyue.com/phalapi/src/app/Domain/MerchantStoreCart.php, Line: 447, Time: 1666864616]|[]
2022-10-27 17:56:56|NOTICE|Notice (8): Trying to access array offset on value of type bool in [File: /www/wwwroot/take.sdwanyue.com/phalapi/src/app/Model/MerchantType.php, Line: 146, Time: 1666864616]|[]
2022-10-27 17:56:57|NOTICE|Notice (8): Undefined index: type_id in [File: /www/wwwroot/take.sdwanyue.com/phalapi/src/app/Domain/MerchantStoreCart.php, Line: 447, Time: 1666864617]|[]
2022-10-27 17:56:57|NOTICE|Notice (8): Trying to access array offset on value of type bool in [File: /www/wwwroot/take.sdwanyue.com/phalapi/src/app/Model/MerchantType.php, Line: 146, Time: 1666864617]|[]
2022-10-27 18:00:53|NOTICE|Notice (8): Undefined index: open_date in [File: /www/wwwroot/take.sdwanyue.com/phalapi/src/app/Domain/MerchantStore.php, Line: 446, Time: 1666864853]|[]
2022-10-27 18:00:53|NOTICE|Notice (8): Undefined index: open_time in [File: /www/wwwroot/take.sdwanyue.com/phalapi/src/app/Domain/MerchantStore.php, Line: 446, Time: 1666864853]|[]
