2022-10-15 10:45:50|WARNING|Warning (2): Illegal string offset 'id' in [File: /www/wwwroot/testrun.sdwanyue.com/phalapi/src/app/Domain/Orders.php, Line: 405, Time: 1665801950]|[]
2022-10-15 13:55:32|WARNING|Warning (2): array_merge(): Expected parameter 2 to be an array, null given in [File: /www/wwwroot/testrun.sdwanyue.com/phalapi/src/app/Domain/City.php, Line: 75, Time: 1665813332]|[]
2022-10-15 13:56:25|WARNING|Warning (2): array_merge(): Expected parameter 2 to be an array, null given in [File: /www/wwwroot/testrun.sdwanyue.com/phalapi/src/app/Domain/City.php, Line: 75, Time: 1665813385]|[]
2022-10-15 13:56:37|WARNING|Warning (2): array_merge(): Expected parameter 2 to be an array, null given in [File: /www/wwwroot/testrun.sdwanyue.com/phalapi/src/app/Domain/City.php, Line: 75, Time: 1665813397]|[]
2022-10-15 13:56:37|WARNING|Warning (2): Cannot modify header information - headers already sent by (output started at /www/wwwroot/testrun.sdwanyue.com/phalapi/src/app/Domain/City.php:76) in [File: /www/wwwroot/testrun.sdwanyue.com/phalapi/vendor/phalapi/kernal/src/Response.php, Line: 253, Time: 1665813397]|[]
2022-10-15 13:57:00|WARNING|Warning (2): array_merge(): Expected parameter 2 to be an array, null given in [File: /www/wwwroot/testrun.sdwanyue.com/phalapi/src/app/Domain/City.php, Line: 75, Time: 1665813420]|[]
2022-10-15 13:57:00|WARNING|Warning (2): Cannot modify header information - headers already sent by (output started at /www/wwwroot/testrun.sdwanyue.com/phalapi/src/app/Domain/City.php:76) in [File: /www/wwwroot/testrun.sdwanyue.com/phalapi/vendor/phalapi/kernal/src/Response.php, Line: 253, Time: 1665813420]|[]
2022-10-15 13:57:12|WARNING|Warning (2): Cannot modify header information - headers already sent by (output started at /www/wwwroot/testrun.sdwanyue.com/phalapi/src/app/Domain/City.php:76) in [File: /www/wwwroot/testrun.sdwanyue.com/phalapi/vendor/phalapi/kernal/src/Response.php, Line: 253, Time: 1665813432]|[]
2022-10-15 13:57:19|WARNING|Warning (2): Cannot modify header information - headers already sent by (output started at /www/wwwroot/testrun.sdwanyue.com/phalapi/src/app/Domain/City.php:76) in [File: /www/wwwroot/testrun.sdwanyue.com/phalapi/vendor/phalapi/kernal/src/Response.php, Line: 253, Time: 1665813439]|[]
2022-10-15 13:57:28|WARNING|Warning (2): Cannot modify header information - headers already sent by (output started at /www/wwwroot/testrun.sdwanyue.com/phalapi/src/app/Domain/City.php:76) in [File: /www/wwwroot/testrun.sdwanyue.com/phalapi/vendor/phalapi/kernal/src/Response.php, Line: 253, Time: 1665813448]|[]
2022-10-15 14:39:21|WARNING|Warning (2): Illegal string offset 'id' in [File: /www/wwwroot/testrun.sdwanyue.com/phalapi/src/app/Domain/Orders.php, Line: 492, Time: 1665815961]|[]
2022-10-15 14:40:01|WARNING|Warning (2): Illegal string offset 'id' in [File: /www/wwwroot/testrun.sdwanyue.com/phalapi/src/app/Domain/Orders.php, Line: 492, Time: 1665816001]|[]
2022-10-15 14:43:46|WARNING|Warning (2): Illegal string offset 'id' in [File: /www/wwwroot/testrun.sdwanyue.com/phalapi/src/app/Domain/Orders.php, Line: 492, Time: 1665816226]|[]
2022-10-15 14:45:46|WARNING|Warning (2): Illegal string offset 'id' in [File: /www/wwwroot/testrun.sdwanyue.com/phalapi/src/app/Domain/Orders.php, Line: 492, Time: 1665816346]|[]
2022-10-15 14:49:34|WARNING|Warning (2): Illegal string offset 'id' in [File: /www/wwwroot/testrun.sdwanyue.com/phalapi/src/app/Domain/Orders.php, Line: 492, Time: 1665816574]|[]
2022-10-15 14:51:01|WARNING|Warning (2): Illegal string offset 'id' in [File: /www/wwwroot/testrun.sdwanyue.com/phalapi/src/app/Domain/Orders.php, Line: 492, Time: 1665816661]|[]
2022-10-15 14:54:36|WARNING|Warning (2): Illegal string offset 'id' in [File: /www/wwwroot/testrun.sdwanyue.com/phalapi/src/app/Domain/Orders.php, Line: 492, Time: 1665816876]|[]
2022-10-15 15:08:24|WARNING|Warning (2): Illegal string offset 'id' in [File: /www/wwwroot/testrun.sdwanyue.com/phalapi/src/app/Domain/Orders.php, Line: 492, Time: 1665817704]|[]
2022-10-15 15:23:48|WARNING|Warning (2): Illegal string offset 'id' in [File: /www/wwwroot/testrun.sdwanyue.com/phalapi/src/app/Domain/Orders.php, Line: 492, Time: 1665818628]|[]
2022-10-15 15:24:45|WARNING|Warning (2): Illegal string offset 'id' in [File: /www/wwwroot/testrun.sdwanyue.com/phalapi/src/app/Domain/Orders.php, Line: 492, Time: 1665818685]|[]
2022-10-15 15:31:48|WARNING|Warning (2): Illegal string offset 'id' in [File: /www/wwwroot/testrun.sdwanyue.com/phalapi/src/app/Domain/Orders.php, Line: 492, Time: 1665819108]|[]
2022-10-15 15:33:33|WARNING|Warning (2): Illegal string offset 'id' in [File: /www/wwwroot/testrun.sdwanyue.com/phalapi/src/app/Domain/Orders.php, Line: 405, Time: 1665819213]|[]
2022-10-15 15:35:27|WARNING|Warning (2): deg2rad() expects parameter 1 to be float, string given in [File: /www/wwwroot/testrun.sdwanyue.com/phalapi/src/functions.php, Line: 874, Time: 1665819327]|[]
2022-10-15 15:35:27|WARNING|Warning (2): deg2rad() expects parameter 1 to be float, string given in [File: /www/wwwroot/testrun.sdwanyue.com/phalapi/src/functions.php, Line: 877, Time: 1665819327]|[]
2022-10-15 15:35:33|WARNING|Warning (2): deg2rad() expects parameter 1 to be float, string given in [File: /www/wwwroot/testrun.sdwanyue.com/phalapi/src/functions.php, Line: 874, Time: 1665819333]|[]
2022-10-15 15:35:33|WARNING|Warning (2): deg2rad() expects parameter 1 to be float, string given in [File: /www/wwwroot/testrun.sdwanyue.com/phalapi/src/functions.php, Line: 877, Time: 1665819333]|[]
2022-10-15 15:35:45|WARNING|Warning (2): deg2rad() expects parameter 1 to be float, string given in [File: /www/wwwroot/testrun.sdwanyue.com/phalapi/src/functions.php, Line: 874, Time: 1665819345]|[]
2022-10-15 15:35:45|WARNING|Warning (2): deg2rad() expects parameter 1 to be float, string given in [File: /www/wwwroot/testrun.sdwanyue.com/phalapi/src/functions.php, Line: 877, Time: 1665819345]|[]
2022-10-15 15:35:53|WARNING|Warning (2): deg2rad() expects parameter 1 to be float, string given in [File: /www/wwwroot/testrun.sdwanyue.com/phalapi/src/functions.php, Line: 874, Time: 1665819353]|[]
2022-10-15 15:35:53|WARNING|Warning (2): deg2rad() expects parameter 1 to be float, string given in [File: /www/wwwroot/testrun.sdwanyue.com/phalapi/src/functions.php, Line: 877, Time: 1665819353]|[]
2022-10-15 15:36:01|WARNING|Warning (2): deg2rad() expects parameter 1 to be float, string given in [File: /www/wwwroot/testrun.sdwanyue.com/phalapi/src/functions.php, Line: 874, Time: 1665819361]|[]
2022-10-15 15:36:01|WARNING|Warning (2): deg2rad() expects parameter 1 to be float, string given in [File: /www/wwwroot/testrun.sdwanyue.com/phalapi/src/functions.php, Line: 877, Time: 1665819361]|[]
2022-10-15 15:36:03|WARNING|Warning (2): deg2rad() expects parameter 1 to be float, string given in [File: /www/wwwroot/testrun.sdwanyue.com/phalapi/src/functions.php, Line: 874, Time: 1665819363]|[]
2022-10-15 15:36:03|WARNING|Warning (2): deg2rad() expects parameter 1 to be float, string given in [File: /www/wwwroot/testrun.sdwanyue.com/phalapi/src/functions.php, Line: 877, Time: 1665819363]|[]
2022-10-15 15:36:13|WARNING|Warning (2): deg2rad() expects parameter 1 to be float, string given in [File: /www/wwwroot/testrun.sdwanyue.com/phalapi/src/functions.php, Line: 874, Time: 1665819373]|[]
2022-10-15 15:36:13|WARNING|Warning (2): deg2rad() expects parameter 1 to be float, string given in [File: /www/wwwroot/testrun.sdwanyue.com/phalapi/src/functions.php, Line: 877, Time: 1665819373]|[]
2022-10-15 15:36:23|WARNING|Warning (2): deg2rad() expects parameter 1 to be float, string given in [File: /www/wwwroot/testrun.sdwanyue.com/phalapi/src/functions.php, Line: 874, Time: 1665819383]|[]
2022-10-15 15:36:23|WARNING|Warning (2): deg2rad() expects parameter 1 to be float, string given in [File: /www/wwwroot/testrun.sdwanyue.com/phalapi/src/functions.php, Line: 877, Time: 1665819383]|[]
2022-10-15 15:37:11|WARNING|Warning (2): Illegal string offset 'id' in [File: /www/wwwroot/testrun.sdwanyue.com/phalapi/src/app/Domain/Orders.php, Line: 492, Time: 1665819431]|[]
2022-10-15 15:37:48|WARNING|Warning (2): Illegal string offset 'id' in [File: /www/wwwroot/testrun.sdwanyue.com/phalapi/src/app/Domain/Orders.php, Line: 492, Time: 1665819468]|[]
2022-10-15 15:38:38|WARNING|Warning (2): Illegal string offset 'id' in [File: /www/wwwroot/testrun.sdwanyue.com/phalapi/src/app/Domain/Orders.php, Line: 492, Time: 1665819518]|[]
2022-10-15 15:40:08|WARNING|Warning (2): Illegal string offset 'id' in [File: /www/wwwroot/testrun.sdwanyue.com/phalapi/src/app/Domain/Orders.php, Line: 492, Time: 1665819608]|[]
2022-10-15 15:40:27|WARNING|Warning (2): Illegal string offset 'id' in [File: /www/wwwroot/testrun.sdwanyue.com/phalapi/src/app/Domain/Orders.php, Line: 492, Time: 1665819627]|[]
2022-10-15 15:41:19|WARNING|Warning (2): Illegal string offset 'id' in [File: /www/wwwroot/testrun.sdwanyue.com/phalapi/src/app/Domain/Orders.php, Line: 492, Time: 1665819679]|[]
2022-10-15 15:42:17|WARNING|Warning (2): A non-numeric value encountered in [File: /www/wwwroot/testrun.sdwanyue.com/phalapi/src/rider/Domain/City.php, Line: 468, Time: 1665819737]|[]
2022-10-15 15:42:17|WARNING|Warning (2): Illegal string offset 'id' in [File: /www/wwwroot/testrun.sdwanyue.com/phalapi/src/app/Domain/Orders.php, Line: 405, Time: 1665819737]|[]
2022-10-15 15:42:19|WARNING|Warning (2): A non-numeric value encountered in [File: /www/wwwroot/testrun.sdwanyue.com/phalapi/src/rider/Domain/City.php, Line: 468, Time: 1665819739]|[]
2022-10-15 15:42:19|WARNING|Warning (2): Illegal string offset 'id' in [File: /www/wwwroot/testrun.sdwanyue.com/phalapi/src/app/Domain/Orders.php, Line: 405, Time: 1665819739]|[]
2022-10-15 15:43:21|WARNING|Warning (2): A non-numeric value encountered in [File: /www/wwwroot/testrun.sdwanyue.com/phalapi/src/rider/Domain/City.php, Line: 468, Time: 1665819801]|[]
2022-10-15 15:43:21|WARNING|Warning (2): Illegal string offset 'id' in [File: /www/wwwroot/testrun.sdwanyue.com/phalapi/src/app/Domain/Orders.php, Line: 405, Time: 1665819801]|[]
2022-10-15 15:43:44|WARNING|Warning (2): Illegal string offset 'id' in [File: /www/wwwroot/testrun.sdwanyue.com/phalapi/src/app/Domain/Orders.php, Line: 405, Time: 1665819824]|[]
2022-10-15 15:43:49|WARNING|Warning (2): Illegal string offset 'id' in [File: /www/wwwroot/testrun.sdwanyue.com/phalapi/src/app/Domain/Orders.php, Line: 405, Time: 1665819829]|[]
2022-10-15 15:44:15|WARNING|Warning (2): Illegal string offset 'id' in [File: /www/wwwroot/testrun.sdwanyue.com/phalapi/src/app/Domain/Orders.php, Line: 405, Time: 1665819855]|[]
2022-10-15 15:45:26|WARNING|Warning (2): Illegal string offset 'id' in [File: /www/wwwroot/testrun.sdwanyue.com/phalapi/src/app/Domain/Orders.php, Line: 492, Time: 1665819926]|[]
2022-10-15 15:46:00|WARNING|Warning (2): Illegal string offset 'id' in [File: /www/wwwroot/testrun.sdwanyue.com/phalapi/src/app/Domain/Orders.php, Line: 492, Time: 1665819960]|[]
2022-10-15 15:46:33|WARNING|Warning (2): Illegal string offset 'id' in [File: /www/wwwroot/testrun.sdwanyue.com/phalapi/src/app/Domain/Orders.php, Line: 492, Time: 1665819993]|[]
2022-10-15 15:47:12|WARNING|Warning (2): date() expects parameter 2 to be int, string given in [File: /www/wwwroot/testrun.sdwanyue.com/phalapi/src/app/Domain/MerchantStoreCart.php, Line: 184, Time: 1665820032]|[]
2022-10-15 15:47:17|WARNING|Warning (2): date() expects parameter 2 to be int, string given in [File: /www/wwwroot/testrun.sdwanyue.com/phalapi/src/app/Domain/MerchantStoreCart.php, Line: 184, Time: 1665820037]|[]
2022-10-15 15:47:50|WARNING|Warning (2): date() expects parameter 2 to be int, string given in [File: /www/wwwroot/testrun.sdwanyue.com/phalapi/src/app/Domain/MerchantStoreCart.php, Line: 184, Time: 1665820070]|[]
2022-10-15 15:47:57|WARNING|Warning (2): date() expects parameter 2 to be int, string given in [File: /www/wwwroot/testrun.sdwanyue.com/phalapi/src/app/Domain/MerchantStoreCart.php, Line: 184, Time: 1665820077]|[]
2022-10-15 16:57:17|WARNING|Warning (2): bcsub() expects parameter 1 to be string, array given in [File: /www/wwwroot/testrun.sdwanyue.com/phalapi/src/merchant/Domain/MerchantStoreOrder.php, Line: 656, Time: 1665824237]|[]
2022-10-15 16:57:57|WARNING|Warning (2): bcsub() expects parameter 1 to be string, array given in [File: /www/wwwroot/testrun.sdwanyue.com/phalapi/src/merchant/Domain/MerchantStoreOrder.php, Line: 656, Time: 1665824277]|[]
2022-10-15 16:58:28|WARNING|Warning (2): bcsub() expects parameter 1 to be string, array given in [File: /www/wwwroot/testrun.sdwanyue.com/phalapi/src/merchant/Domain/MerchantStoreOrder.php, Line: 656, Time: 1665824308]|[]
2022-10-15 17:04:51|WARNING|Warning (2): bcsub() expects parameter 1 to be string, array given in [File: /www/wwwroot/testrun.sdwanyue.com/phalapi/src/merchant/Domain/MerchantStoreOrder.php, Line: 656, Time: 1665824691]|[]
