2022-10-31 10:02:20|WARNING|Warning (2): Illegal string offset 'id' in [File: /www/wwwroot/take.sdwanyue.com/phalapi/src/app/Domain/Orders.php, Line: 404, Time: 1667181740]|[]
2022-10-31 10:14:10|WARNING|Warning (2): Cannot use a scalar value as an array in [File: /www/wwwroot/take.sdwanyue.com/phalapi/src/merchant/Model/MerchantStoreProduct.php, Line: 53, Time: 1667182450]|[]
2022-10-31 10:14:10|WARNING|Warning (2): Cannot use a scalar value as an array in [File: /www/wwwroot/take.sdwanyue.com/phalapi/src/merchant/Model/MerchantStoreProduct.php, Line: 56, Time: 1667182450]|[]
2022-10-31 10:34:00|WARNING|Warning (2): Cannot use a scalar value as an array in [File: /www/wwwroot/take.sdwanyue.com/phalapi/src/merchant/Model/MerchantStoreProduct.php, Line: 53, Time: 1667183640]|[]
2022-10-31 10:34:00|WARNING|Warning (2): Cannot use a scalar value as an array in [File: /www/wwwroot/take.sdwanyue.com/phalapi/src/merchant/Model/MerchantStoreProduct.php, Line: 56, Time: 1667183640]|[]
2022-10-31 10:51:46|WARNING|Warning (2): Illegal string offset 'id' in [File: /www/wwwroot/take.sdwanyue.com/phalapi/src/app/Domain/Orders.php, Line: 491, Time: 1667184706]|[]
2022-10-31 10:54:53|WARNING|Warning (2): Cannot use a scalar value as an array in [File: /www/wwwroot/take.sdwanyue.com/phalapi/src/merchant/Model/MerchantStoreProduct.php, Line: 53, Time: 1667184893]|[]
2022-10-31 10:54:53|WARNING|Warning (2): Cannot use a scalar value as an array in [File: /www/wwwroot/take.sdwanyue.com/phalapi/src/merchant/Model/MerchantStoreProduct.php, Line: 56, Time: 1667184893]|[]
2022-10-31 10:55:53|WARNING|Warning (2): Illegal string offset 'id' in [File: /www/wwwroot/take.sdwanyue.com/phalapi/src/app/Domain/Orders.php, Line: 491, Time: 1667184953]|[]
2022-10-31 11:06:03|WARNING|Warning (2): json_decode() expects parameter 1 to be string, array given in [File: /www/wwwroot/take.sdwanyue.com/phalapi/src/app/Domain/MerchantStoreCart.php, Line: 414, Time: 1667185563]|[]
2022-10-31 11:06:03|WARNING|Warning (2): array_walk() expects parameter 1 to be array, null given in [File: /www/wwwroot/take.sdwanyue.com/phalapi/src/app/Domain/MerchantStoreCart.php, Line: 417, Time: 1667185563]|[]
2022-10-31 11:07:22|WARNING|Warning (2): json_decode() expects parameter 1 to be string, array given in [File: /www/wwwroot/take.sdwanyue.com/phalapi/src/app/Domain/MerchantStoreCart.php, Line: 414, Time: 1667185642]|[]
2022-10-31 11:07:22|WARNING|Warning (2): array_walk() expects parameter 1 to be array, null given in [File: /www/wwwroot/take.sdwanyue.com/phalapi/src/app/Domain/MerchantStoreCart.php, Line: 417, Time: 1667185642]|[]
2022-10-31 11:09:42|WARNING|Warning (2): Illegal string offset 'id' in [File: /www/wwwroot/take.sdwanyue.com/phalapi/src/app/Domain/Orders.php, Line: 491, Time: 1667185782]|[]
2022-10-31 11:21:02|WARNING|Warning (2): Illegal string offset 'id' in [File: /www/wwwroot/take.sdwanyue.com/phalapi/src/app/Domain/Orders.php, Line: 491, Time: 1667186462]|[]
2022-10-31 11:51:47|WARNING|Warning (2): date() expects parameter 2 to be int, string given in [File: /www/wwwroot/take.sdwanyue.com/phalapi/src/app/Domain/MerchantStoreCart.php, Line: 186, Time: 1667188307]|[]
2022-10-31 11:51:59|WARNING|Warning (2): date() expects parameter 2 to be int, string given in [File: /www/wwwroot/take.sdwanyue.com/phalapi/src/app/Domain/MerchantStoreCart.php, Line: 186, Time: 1667188319]|[]
2022-10-31 13:45:15|WARNING|Warning (2): Illegal string offset 'id' in [File: /www/wwwroot/take.sdwanyue.com/phalapi/src/app/Domain/Orders.php, Line: 491, Time: 1667195115]|[]
2022-10-31 13:49:53|WARNING|Warning (2): Illegal string offset 'id' in [File: /www/wwwroot/take.sdwanyue.com/phalapi/src/app/Domain/Orders.php, Line: 491, Time: 1667195393]|[]
2022-10-31 14:06:43|WARNING|Warning (2): Cannot use a scalar value as an array in [File: /www/wwwroot/take.sdwanyue.com/phalapi/src/merchant/Model/MerchantStoreProduct.php, Line: 53, Time: 1667196403]|[]
2022-10-31 14:06:43|WARNING|Warning (2): Cannot use a scalar value as an array in [File: /www/wwwroot/take.sdwanyue.com/phalapi/src/merchant/Model/MerchantStoreProduct.php, Line: 56, Time: 1667196403]|[]
2022-10-31 15:27:44|WARNING|Warning (2): Illegal string offset 'id' in [File: /www/wwwroot/take.sdwanyue.com/phalapi/src/app/Domain/Orders.php, Line: 491, Time: 1667201264]|[]
2022-10-31 15:34:30|WARNING|Warning (2): Illegal string offset 'id' in [File: /www/wwwroot/take.sdwanyue.com/phalapi/src/app/Domain/Orders.php, Line: 491, Time: 1667201670]|[]
2022-10-31 15:58:35|WARNING|Warning (2): Cannot use a scalar value as an array in [File: /www/wwwroot/take.sdwanyue.com/phalapi/src/merchant/Model/MerchantStoreProduct.php, Line: 53, Time: 1667203115]|[]
2022-10-31 15:58:35|WARNING|Warning (2): Cannot use a scalar value as an array in [File: /www/wwwroot/take.sdwanyue.com/phalapi/src/merchant/Model/MerchantStoreProduct.php, Line: 56, Time: 1667203115]|[]
2022-10-31 15:59:03|WARNING|Warning (2): Illegal string offset 'id' in [File: /www/wwwroot/take.sdwanyue.com/phalapi/src/app/Domain/Orders.php, Line: 491, Time: 1667203143]|[]
2022-10-31 17:25:25|WARNING|Warning (2): Illegal string offset 'id' in [File: /www/wwwroot/take.sdwanyue.com/phalapi/src/app/Domain/Orders.php, Line: 491, Time: 1667208325]|[]
2022-10-31 17:27:17|WARNING|Warning (2): Illegal string offset 'id' in [File: /www/wwwroot/take.sdwanyue.com/phalapi/src/app/Domain/Orders.php, Line: 491, Time: 1667208437]|[]
2022-10-31 17:38:53|WARNING|Warning (2): Illegal string offset 'id' in [File: /www/wwwroot/take.sdwanyue.com/phalapi/src/app/Domain/Orders.php, Line: 404, Time: 1667209133]|[]
2022-10-31 17:46:32|WARNING|Warning (2): Illegal string offset 'id' in [File: /www/wwwroot/take.sdwanyue.com/phalapi/src/app/Domain/Orders.php, Line: 491, Time: 1667209592]|[]
2022-10-31 17:49:24|WARNING|Warning (2): Illegal string offset 'id' in [File: /www/wwwroot/take.sdwanyue.com/phalapi/src/app/Domain/Orders.php, Line: 491, Time: 1667209764]|[]
2022-10-31 17:49:48|WARNING|Warning (2): Illegal string offset 'id' in [File: /www/wwwroot/take.sdwanyue.com/phalapi/src/app/Domain/Orders.php, Line: 491, Time: 1667209788]|[]
2022-10-31 17:51:26|WARNING|Warning (2): Illegal string offset 'id' in [File: /www/wwwroot/take.sdwanyue.com/phalapi/src/app/Domain/Orders.php, Line: 491, Time: 1667209886]|[]
2022-10-31 17:52:40|WARNING|Warning (2): Illegal string offset 'id' in [File: /www/wwwroot/take.sdwanyue.com/phalapi/src/app/Domain/Orders.php, Line: 404, Time: 1667209960]|[]
2022-10-31 17:54:52|WARNING|Warning (2): Illegal string offset 'id' in [File: /www/wwwroot/take.sdwanyue.com/phalapi/src/app/Domain/Orders.php, Line: 491, Time: 1667210092]|[]
2022-10-31 17:55:18|WARNING|Warning (2): Illegal string offset 'id' in [File: /www/wwwroot/take.sdwanyue.com/phalapi/src/app/Domain/Orders.php, Line: 491, Time: 1667210118]|[]
2022-10-31 17:57:36|WARNING|Warning (2): Illegal string offset 'id' in [File: /www/wwwroot/take.sdwanyue.com/phalapi/src/app/Domain/Orders.php, Line: 491, Time: 1667210256]|[]
2022-10-31 18:01:53|WARNING|Warning (2): Illegal string offset 'id' in [File: /www/wwwroot/take.sdwanyue.com/phalapi/src/app/Domain/Orders.php, Line: 491, Time: 1667210513]|[]
2022-10-31 18:14:28|WARNING|Warning (2): Illegal string offset 'id' in [File: /www/wwwroot/take.sdwanyue.com/phalapi/src/app/Domain/Orders.php, Line: 404, Time: 1667211268]|[]
2022-10-31 18:19:39|WARNING|Warning (2): Illegal string offset 'id' in [File: /www/wwwroot/take.sdwanyue.com/phalapi/src/app/Domain/Orders.php, Line: 491, Time: 1667211579]|[]
2022-10-31 18:22:38|WARNING|Warning (2): Illegal string offset 'id' in [File: /www/wwwroot/take.sdwanyue.com/phalapi/src/app/Domain/Orders.php, Line: 404, Time: 1667211758]|[]
2022-10-31 18:46:50|WARNING|Warning (2): Illegal string offset 'id' in [File: /www/wwwroot/take.sdwanyue.com/phalapi/src/app/Domain/Orders.php, Line: 491, Time: 1667213210]|[]
2022-10-31 18:48:37|WARNING|Warning (2): Illegal string offset 'id' in [File: /www/wwwroot/take.sdwanyue.com/phalapi/src/app/Domain/Orders.php, Line: 491, Time: 1667213317]|[]
2022-10-31 18:52:55|WARNING|Warning (2): Illegal string offset 'id' in [File: /www/wwwroot/take.sdwanyue.com/phalapi/src/app/Domain/Orders.php, Line: 491, Time: 1667213575]|[]
