2022-10-27 14:19:48|WARNING|Warning (2): include_once(./autoload.php): failed to open stream: No such file or directory in [File: /www/wwwroot/take.sdwanyue.com/sdk/printer/Printer.php, Line: 5, Time: 1666851588]|[]
2022-10-27 14:19:48|WARNING|Warning (2): include_once(): Failed opening './autoload.php' for inclusion (include_path='.:') in [File: /www/wwwroot/take.sdwanyue.com/sdk/printer/Printer.php, Line: 5, Time: 1666851588]|[]
2022-10-27 14:19:50|WARNING|Warning (2): include_once(./autoload.php): failed to open stream: No such file or directory in [File: /www/wwwroot/take.sdwanyue.com/sdk/printer/Printer.php, Line: 5, Time: 1666851590]|[]
2022-10-27 14:19:50|WARNING|Warning (2): include_once(): Failed opening './autoload.php' for inclusion (include_path='.:') in [File: /www/wwwroot/take.sdwanyue.com/sdk/printer/Printer.php, Line: 5, Time: 1666851590]|[]
2022-10-27 14:19:58|WARNING|Warning (2): include_once(./autoload.php): failed to open stream: No such file or directory in [File: /www/wwwroot/take.sdwanyue.com/sdk/printer/Printer.php, Line: 5, Time: 1666851598]|[]
2022-10-27 14:19:58|WARNING|Warning (2): include_once(): Failed opening './autoload.php' for inclusion (include_path='.:') in [File: /www/wwwroot/take.sdwanyue.com/sdk/printer/Printer.php, Line: 5, Time: 1666851598]|[]
2022-10-27 14:20:27|WARNING|Warning (2): include_once(./autoload.php): failed to open stream: No such file or directory in [File: /www/wwwroot/take.sdwanyue.com/sdk/printer/Printer.php, Line: 5, Time: 1666851627]|[]
2022-10-27 14:20:27|WARNING|Warning (2): include_once(): Failed opening './autoload.php' for inclusion (include_path='.:') in [File: /www/wwwroot/take.sdwanyue.com/sdk/printer/Printer.php, Line: 5, Time: 1666851627]|[]
2022-10-27 14:21:08|WARNING|Warning (2): include_once(./autoload.php): failed to open stream: No such file or directory in [File: /www/wwwroot/take.sdwanyue.com/sdk/printer/Printer.php, Line: 5, Time: 1666851668]|[]
2022-10-27 14:21:08|WARNING|Warning (2): include_once(): Failed opening './autoload.php' for inclusion (include_path='.:') in [File: /www/wwwroot/take.sdwanyue.com/sdk/printer/Printer.php, Line: 5, Time: 1666851668]|[]
2022-10-27 14:21:22|WARNING|Warning (2): include_once(./autoload.php): failed to open stream: No such file or directory in [File: /www/wwwroot/take.sdwanyue.com/sdk/printer/Printer.php, Line: 5, Time: 1666851682]|[]
2022-10-27 14:21:22|WARNING|Warning (2): include_once(): Failed opening './autoload.php' for inclusion (include_path='.:') in [File: /www/wwwroot/take.sdwanyue.com/sdk/printer/Printer.php, Line: 5, Time: 1666851682]|[]
2022-10-27 14:21:49|WARNING|Warning (2): include_once(./autoload.php): failed to open stream: No such file or directory in [File: /www/wwwroot/take.sdwanyue.com/sdk/printer/Printer.php, Line: 5, Time: 1666851709]|[]
2022-10-27 14:21:49|WARNING|Warning (2): include_once(): Failed opening './autoload.php' for inclusion (include_path='.:') in [File: /www/wwwroot/take.sdwanyue.com/sdk/printer/Printer.php, Line: 5, Time: 1666851709]|[]
2022-10-27 14:21:50|WARNING|Warning (2): include_once(./autoload.php): failed to open stream: No such file or directory in [File: /www/wwwroot/take.sdwanyue.com/sdk/printer/Printer.php, Line: 5, Time: 1666851710]|[]
2022-10-27 14:21:50|WARNING|Warning (2): include_once(): Failed opening './autoload.php' for inclusion (include_path='.:') in [File: /www/wwwroot/take.sdwanyue.com/sdk/printer/Printer.php, Line: 5, Time: 1666851710]|[]
2022-10-27 14:23:27|WARNING|Warning (2): include_once(./autoload.php): failed to open stream: No such file or directory in [File: /www/wwwroot/take.sdwanyue.com/sdk/printer/Printer.php, Line: 5, Time: 1666851807]|[]
2022-10-27 14:23:27|WARNING|Warning (2): include_once(): Failed opening './autoload.php' for inclusion (include_path='.:') in [File: /www/wwwroot/take.sdwanyue.com/sdk/printer/Printer.php, Line: 5, Time: 1666851807]|[]
2022-10-27 14:23:59|WARNING|Warning (2): include_once(./autoload.php): failed to open stream: No such file or directory in [File: /www/wwwroot/take.sdwanyue.com/sdk/printer/Printer.php, Line: 5, Time: 1666851839]|[]
2022-10-27 14:23:59|WARNING|Warning (2): include_once(): Failed opening './autoload.php' for inclusion (include_path='.:') in [File: /www/wwwroot/take.sdwanyue.com/sdk/printer/Printer.php, Line: 5, Time: 1666851839]|[]
2022-10-27 14:24:34|WARNING|Warning (2): include_once(./autoload.php): failed to open stream: No such file or directory in [File: /www/wwwroot/take.sdwanyue.com/sdk/printer/Printer.php, Line: 5, Time: 1666851874]|[]
2022-10-27 14:24:34|WARNING|Warning (2): include_once(): Failed opening './autoload.php' for inclusion (include_path='.:') in [File: /www/wwwroot/take.sdwanyue.com/sdk/printer/Printer.php, Line: 5, Time: 1666851874]|[]
2022-10-27 14:24:47|WARNING|Warning (2): include_once(./autoload.php): failed to open stream: No such file or directory in [File: /www/wwwroot/take.sdwanyue.com/sdk/printer/Printer.php, Line: 5, Time: 1666851887]|[]
2022-10-27 14:24:47|WARNING|Warning (2): include_once(): Failed opening './autoload.php' for inclusion (include_path='.:') in [File: /www/wwwroot/take.sdwanyue.com/sdk/printer/Printer.php, Line: 5, Time: 1666851887]|[]
2022-10-27 14:26:32|WARNING|Warning (2): include_once(./autoload.php): failed to open stream: No such file or directory in [File: /www/wwwroot/take.sdwanyue.com/sdk/printer/Printer.php, Line: 5, Time: 1666851992]|[]
2022-10-27 14:26:32|WARNING|Warning (2): include_once(): Failed opening './autoload.php' for inclusion (include_path='.:') in [File: /www/wwwroot/take.sdwanyue.com/sdk/printer/Printer.php, Line: 5, Time: 1666851992]|[]
2022-10-27 14:26:49|WARNING|Warning (2): include_once(./autoload.php): failed to open stream: No such file or directory in [File: /www/wwwroot/take.sdwanyue.com/sdk/printer/Printer.php, Line: 5, Time: 1666852009]|[]
2022-10-27 14:26:49|WARNING|Warning (2): include_once(): Failed opening './autoload.php' for inclusion (include_path='.:') in [File: /www/wwwroot/take.sdwanyue.com/sdk/printer/Printer.php, Line: 5, Time: 1666852009]|[]
2022-10-27 14:27:12|WARNING|Warning (2): include_once(./autoload.php): failed to open stream: No such file or directory in [File: /www/wwwroot/take.sdwanyue.com/sdk/printer/Printer.php, Line: 5, Time: 1666852032]|[]
2022-10-27 14:27:12|WARNING|Warning (2): include_once(): Failed opening './autoload.php' for inclusion (include_path='.:') in [File: /www/wwwroot/take.sdwanyue.com/sdk/printer/Printer.php, Line: 5, Time: 1666852032]|[]
2022-10-27 14:27:47|WARNING|Warning (2): include_once(./autoload.php): failed to open stream: No such file or directory in [File: /www/wwwroot/take.sdwanyue.com/sdk/printer/Printer.php, Line: 5, Time: 1666852067]|[]
2022-10-27 14:27:47|WARNING|Warning (2): include_once(): Failed opening './autoload.php' for inclusion (include_path='.:') in [File: /www/wwwroot/take.sdwanyue.com/sdk/printer/Printer.php, Line: 5, Time: 1666852067]|[]
2022-10-27 14:29:25|WARNING|Warning (2): include_once(./autoload.php): failed to open stream: No such file or directory in [File: /www/wwwroot/take.sdwanyue.com/sdk/printer/Printer.php, Line: 5, Time: 1666852165]|[]
2022-10-27 14:29:25|WARNING|Warning (2): include_once(): Failed opening './autoload.php' for inclusion (include_path='.:') in [File: /www/wwwroot/take.sdwanyue.com/sdk/printer/Printer.php, Line: 5, Time: 1666852165]|[]
2022-10-27 15:35:23|WARNING|Warning (2): require_once(/www/wwwroot/take.sdwanyue.com/public/api/../../phalapi/../sdk/yiLianYun/Lib/Autoloader.php.php): failed to open stream: No such file or directory in [File: /www/wwwroot/take.sdwanyue.com/phalapi/src/app/Api/Home.php, Line: 48, Time: 1666856123]|[]
2022-10-27 15:35:37|WARNING|Warning (2): require_once(/www/wwwroot/take.sdwanyue.com/public/api/../../phalapi/../sdk/yiLianYun/Lib/Autoloader.php): failed to open stream: No such file or directory in [File: /www/wwwroot/take.sdwanyue.com/phalapi/src/app/Api/Home.php, Line: 48, Time: 1666856137]|[]
2022-10-27 15:36:04|WARNING|Warning (2): require_once(/www/wwwroot/take.sdwanyue.com/public/api/../../phalapi/../sdk/yiLianYun/Lib/Autoloader.php): failed to open stream: No such file or directory in [File: /www/wwwroot/take.sdwanyue.com/phalapi/src/app/Api/Home.php, Line: 48, Time: 1666856164]|[]
2022-10-27 16:40:59|WARNING|Warning (2): Illegal string offset 'id' in [File: /www/wwwroot/take.sdwanyue.com/phalapi/src/app/Domain/Orders.php, Line: 404, Time: 1666860059]|[]
2022-10-27 16:42:02|WARNING|Warning (2): Illegal string offset 'id' in [File: /www/wwwroot/take.sdwanyue.com/phalapi/src/app/Domain/Orders.php, Line: 404, Time: 1666860122]|[]
2022-10-27 16:53:47|WARNING|Warning (2): Illegal string offset 'id' in [File: /www/wwwroot/take.sdwanyue.com/phalapi/src/app/Domain/Orders.php, Line: 404, Time: 1666860827]|[]
2022-10-27 16:54:05|WARNING|Warning (2): require_once(/www/wwwroot/take.sdwanyue.com/public/api/../../phalapi/../sdk/YiLianYun/YiLianYun.php): failed to open stream: No such file or directory in [File: /www/wwwroot/take.sdwanyue.com/phalapi/src/app/Api/Home.php, Line: 48, Time: 1666860845]|[]
2022-10-27 16:54:28|WARNING|Warning (2): require_once(/www/wwwroot/take.sdwanyue.com/public/api/../../phalapi/../sdk/YiLianYun/YiLianYun.php): failed to open stream: No such file or directory in [File: /www/wwwroot/take.sdwanyue.com/phalapi/src/app/Api/Home.php, Line: 48, Time: 1666860868]|[]
2022-10-27 16:55:28|WARNING|Warning (2): require_once(/www/wwwroot/take.sdwanyue.com/public/api/../../phalapi/../sdk/YiLianYun/YiLianYun.php): failed to open stream: No such file or directory in [File: /www/wwwroot/take.sdwanyue.com/phalapi/src/app/Api/Home.php, Line: 48, Time: 1666860928]|[]
