2022-10-18 14:14:46|WARNING|Warning (2): file_put_contents(/www/wwwroot/testrun.sdwanyue.com/public/api/../../phalapi/../data/log/KsherPay_2022-10-18.txt): failed to open stream: No such file or directory in [File: /www/wwwroot/testrun.sdwanyue.com/sdk/ksher/KsherPay.php, Line: 157, Time: 1666073686]|[]
2022-10-18 14:15:41|WARNING|Warning (2): file_put_contents(/www/wwwroot/testrun.sdwanyue.com/public/api/../../phalapi/../data/log/KsherPay_2022-10-18.txt): failed to open stream: No such file or directory in [File: /www/wwwroot/testrun.sdwanyue.com/sdk/ksher/KsherPay.php, Line: 157, Time: 1666073741]|[]
2022-10-18 14:20:46|WARNING|Warning (2): file_put_contents(/www/wwwroot/testrun.sdwanyue.com/public/api/../../phalapi/../data/log/KsherPay_2022-10-18.txt): failed to open stream: No such file or directory in [File: /www/wwwroot/testrun.sdwanyue.com/sdk/ksher/KsherPay.php, Line: 158, Time: 1666074046]|[]
2022-10-18 14:22:54|WARNING|Warning (2): file_put_contents(/www/wwwroot/testrun.sdwanyue.com/public/api/../../phalapi/../data/log/KsherPay_2022-10-18.txt): failed to open stream: No such file or directory in [File: /www/wwwroot/testrun.sdwanyue.com/sdk/ksher/KsherPay.php, Line: 158, Time: 1666074174]|[]
2022-10-18 14:24:28|WARNING|Warning (2): file_put_contents(/www/wwwroot/testrun.sdwanyue.com/public/api/../../phalapi/../data/log/KsherPay_2022-10-18.txt): failed to open stream: No such file or directory in [File: /www/wwwroot/testrun.sdwanyue.com/phalapi/src/app/Domain/MerchantStoreOrder.php, Line: 688, Time: 1666074268]|[]
2022-10-18 14:24:56|WARNING|Warning (2): file_put_contents(/www/wwwroot/testrun.sdwanyue.com/public/api/../../phalapi/../data/log/KsherPay_2022-10-18.txt): failed to open stream: No such file or directory in [File: /www/wwwroot/testrun.sdwanyue.com/phalapi/src/app/Domain/MerchantStoreOrder.php, Line: 689, Time: 1666074296]|[]
2022-10-18 14:25:35|WARNING|Warning (2): file_put_contents(/www/wwwroot/testrun.sdwanyue.com/public/api/../../phalapi/../data/log/KsherPay_2022-10-18.txt): failed to open stream: No such file or directory in [File: /www/wwwroot/testrun.sdwanyue.com/phalapi/src/app/Domain/MerchantStoreOrder.php, Line: 689, Time: 1666074335]|[]
2022-10-18 14:25:51|WARNING|Warning (2): file_put_contents(/www/wwwroot/testrun.sdwanyue.com/public/api/../../phalapi/../data/log/KsherPay_2022-10-18.txt): failed to open stream: No such file or directory in [File: /www/wwwroot/testrun.sdwanyue.com/phalapi/src/app/Domain/MerchantStoreOrder.php, Line: 689, Time: 1666074351]|[]
2022-10-18 14:26:09|WARNING|Warning (2): file_put_contents(/www/wwwroot/testrun.sdwanyue.com/public/api/../../phalapi/data/log/KsherPay_2022-10-18.txt): failed to open stream: No such file or directory in [File: /www/wwwroot/testrun.sdwanyue.com/phalapi/src/app/Domain/MerchantStoreOrder.php, Line: 689, Time: 1666074369]|[]
2022-10-18 14:26:46|WARNING|Warning (2): file_put_contents(/www/wwwroot/testrun.sdwanyue.com/public/api/../../phalapi/data/log/KsherPay_2022-10-18.txt): failed to open stream: No such file or directory in [File: /www/wwwroot/testrun.sdwanyue.com/phalapi/src/app/Domain/MerchantStoreOrder.php, Line: 690, Time: 1666074406]|[]
2022-10-18 14:26:51|WARNING|Warning (2): file_put_contents(/www/wwwroot/testrun.sdwanyue.com/public/api/../../phalapi/data/log/KsherPay_2022-10-18.txt): failed to open stream: No such file or directory in [File: /www/wwwroot/testrun.sdwanyue.com/phalapi/src/app/Domain/MerchantStoreOrder.php, Line: 690, Time: 1666074411]|[]
2022-10-18 14:28:49|WARNING|Warning (2): Use of undefined constant APP_PATH - assumed 'APP_PATH' (this will throw an Error in a future version of PHP) in [File: /www/wwwroot/testrun.sdwanyue.com/phalapi/src/app/Domain/MerchantStoreOrder.php, Line: 689, Time: 1666074529]|[]
2022-10-18 14:29:02|WARNING|Warning (2): Use of undefined constant APP_PATH - assumed 'APP_PATH' (this will throw an Error in a future version of PHP) in [File: /www/wwwroot/testrun.sdwanyue.com/phalapi/src/app/Domain/MerchantStoreOrder.php, Line: 689, Time: 1666074542]|[]
2022-10-18 14:29:02|WARNING|Warning (2): file_put_contents(APP_PATH/2022-10-18.txt): failed to open stream: No such file or directory in [File: /www/wwwroot/testrun.sdwanyue.com/phalapi/src/app/Domain/MerchantStoreOrder.php, Line: 691, Time: 1666074542]|[]
2022-10-18 14:29:44|WARNING|Warning (2): file_put_contents(/www/wwwroot/testrun.sdwanyue.com/public/api/../../phalapi/data/log/2022-10-18.txt): failed to open stream: No such file or directory in [File: /www/wwwroot/testrun.sdwanyue.com/phalapi/src/app/Domain/MerchantStoreOrder.php, Line: 691, Time: 1666074584]|[]
2022-10-18 14:30:36|WARNING|Warning (2): file_put_contents(/www/wwwroot/testrun.sdwanyue.com/public/api/../../phalapi/../../2022-10-18.txt): failed to open stream: Permission denied in [File: /www/wwwroot/testrun.sdwanyue.com/phalapi/src/app/Domain/MerchantStoreOrder.php, Line: 691, Time: 1666074636]|[]
2022-10-18 14:31:41|WARNING|Warning (2): file_put_contents(/www/wwwroot/testrun.sdwanyue.com/public/api/../../phalapi/../data/log/appsmallpay_2022-10-18.txt): failed to open stream: No such file or directory in [File: /www/wwwroot/testrun.sdwanyue.com/phalapi/src/app/Domain/MerchantStoreOrder.php, Line: 691, Time: 1666074701]|[]
2022-10-18 15:40:41|WARNING|Warning (2): Illegal string offset 'id' in [File: /www/wwwroot/testrun.sdwanyue.com/phalapi/src/app/Domain/Orders.php, Line: 405, Time: 1666078841]|[]
2022-10-18 16:25:29|WARNING|Warning (2): Illegal string offset 'id' in [File: /www/wwwroot/testrun.sdwanyue.com/phalapi/src/app/Domain/Orders.php, Line: 405, Time: 1666081529]|[]
2022-10-18 16:29:47|WARNING|Warning (2): Illegal string offset 'id' in [File: /www/wwwroot/testrun.sdwanyue.com/phalapi/src/app/Domain/Orders.php, Line: 405, Time: 1666081787]|[]
2022-10-18 16:30:54|WARNING|Warning (2): Illegal string offset 'id' in [File: /www/wwwroot/testrun.sdwanyue.com/phalapi/src/app/Domain/Orders.php, Line: 405, Time: 1666081854]|[]
2022-10-18 16:31:03|WARNING|Warning (2): Illegal string offset 'id' in [File: /www/wwwroot/testrun.sdwanyue.com/phalapi/src/app/Domain/Orders.php, Line: 405, Time: 1666081863]|[]
2022-10-18 16:32:36|WARNING|Warning (2): Illegal string offset 'id' in [File: /www/wwwroot/testrun.sdwanyue.com/phalapi/src/app/Domain/Orders.php, Line: 405, Time: 1666081956]|[]
2022-10-18 16:40:16|WARNING|Warning (2): Illegal string offset 'id' in [File: /www/wwwroot/testrun.sdwanyue.com/phalapi/src/app/Domain/Orders.php, Line: 405, Time: 1666082416]|[]
2022-10-18 17:11:52|WARNING|Warning (2): Illegal string offset 'id' in [File: /www/wwwroot/testrun.sdwanyue.com/phalapi/src/app/Domain/Orders.php, Line: 405, Time: 1666084312]|[]
2022-10-18 17:12:10|WARNING|Warning (2): Illegal string offset 'id' in [File: /www/wwwroot/testrun.sdwanyue.com/phalapi/src/app/Domain/Orders.php, Line: 405, Time: 1666084330]|[]
2022-10-18 17:13:27|WARNING|Warning (2): Illegal string offset 'id' in [File: /www/wwwroot/testrun.sdwanyue.com/phalapi/src/app/Domain/Orders.php, Line: 405, Time: 1666084407]|[]
2022-10-18 17:25:33|WARNING|Warning (2): Illegal string offset 'id' in [File: /www/wwwroot/testrun.sdwanyue.com/phalapi/src/app/Domain/Orders.php, Line: 405, Time: 1666085133]|[]
2022-10-18 17:25:44|WARNING|Warning (2): Illegal string offset 'id' in [File: /www/wwwroot/testrun.sdwanyue.com/phalapi/src/app/Domain/Orders.php, Line: 405, Time: 1666085144]|[]
2022-10-18 17:27:57|WARNING|Warning (2): Illegal string offset 'id' in [File: /www/wwwroot/testrun.sdwanyue.com/phalapi/src/app/Domain/Orders.php, Line: 405, Time: 1666085277]|[]
2022-10-18 17:28:07|WARNING|Warning (2): Illegal string offset 'id' in [File: /www/wwwroot/testrun.sdwanyue.com/phalapi/src/app/Domain/Orders.php, Line: 405, Time: 1666085287]|[]
2022-10-18 17:29:23|WARNING|Warning (2): Illegal string offset 'id' in [File: /www/wwwroot/testrun.sdwanyue.com/phalapi/src/app/Domain/Orders.php, Line: 405, Time: 1666085363]|[]
2022-10-18 17:31:50|WARNING|Warning (2): Illegal string offset 'id' in [File: /www/wwwroot/testrun.sdwanyue.com/phalapi/src/app/Domain/Orders.php, Line: 405, Time: 1666085510]|[]
2022-10-18 17:32:55|WARNING|Warning (2): Illegal string offset 'id' in [File: /www/wwwroot/testrun.sdwanyue.com/phalapi/src/app/Domain/Orders.php, Line: 405, Time: 1666085575]|[]
2022-10-18 17:44:11|WARNING|Warning (2): Illegal string offset 'id' in [File: /www/wwwroot/testrun.sdwanyue.com/phalapi/src/app/Domain/Orders.php, Line: 405, Time: 1666086251]|[]
2022-10-18 17:44:21|WARNING|Warning (2): Illegal string offset 'id' in [File: /www/wwwroot/testrun.sdwanyue.com/phalapi/src/app/Domain/Orders.php, Line: 405, Time: 1666086261]|[]
2022-10-18 17:55:18|WARNING|Warning (2): Illegal string offset 'id' in [File: /www/wwwroot/testrun.sdwanyue.com/phalapi/src/app/Domain/Orders.php, Line: 405, Time: 1666086918]|[]
2022-10-18 17:57:03|WARNING|Warning (2): Illegal string offset 'id' in [File: /www/wwwroot/testrun.sdwanyue.com/phalapi/src/app/Domain/Orders.php, Line: 405, Time: 1666087023]|[]
2022-10-18 17:57:07|WARNING|Warning (2): Illegal string offset 'id' in [File: /www/wwwroot/testrun.sdwanyue.com/phalapi/src/app/Domain/Orders.php, Line: 405, Time: 1666087027]|[]
2022-10-18 17:57:53|WARNING|Warning (2): Illegal string offset 'id' in [File: /www/wwwroot/testrun.sdwanyue.com/phalapi/src/app/Domain/Orders.php, Line: 405, Time: 1666087073]|[]
2022-10-18 18:08:25|WARNING|Warning (2): Illegal string offset 'id' in [File: /www/wwwroot/testrun.sdwanyue.com/phalapi/src/app/Domain/Orders.php, Line: 405, Time: 1666087705]|[]
2022-10-18 18:09:04|WARNING|Warning (2): Illegal string offset 'id' in [File: /www/wwwroot/testrun.sdwanyue.com/phalapi/src/app/Domain/Orders.php, Line: 405, Time: 1666087744]|[]
2022-10-18 18:31:50|WARNING|Warning (2): Illegal string offset 'id' in [File: /www/wwwroot/testrun.sdwanyue.com/phalapi/src/app/Domain/Orders.php, Line: 405, Time: 1666089110]|[]
2022-10-18 18:47:44|WARNING|Warning (2): Illegal string offset 'id' in [File: /www/wwwroot/testrun.sdwanyue.com/phalapi/src/app/Domain/Orders.php, Line: 405, Time: 1666090064]|[]
2022-10-18 18:51:57|WARNING|Warning (2): Illegal string offset 'id' in [File: /www/wwwroot/testrun.sdwanyue.com/phalapi/src/app/Domain/Orders.php, Line: 405, Time: 1666090317]|[]
2022-10-18 18:52:22|WARNING|Warning (2): Illegal string offset 'id' in [File: /www/wwwroot/testrun.sdwanyue.com/phalapi/src/app/Domain/Orders.php, Line: 405, Time: 1666090342]|[]
